#
# There is insufficient memory for the Java Runtime Environment to continue.
# Native memory allocation (malloc) failed to allocate 544576 bytes for Chunk::new
# Possible reasons:
#   The system is out of physical RAM or swap space
#   The process is running with CompressedOops enabled, and the Java Heap may be blocking the growth of the native heap
# Possible solutions:
#   Reduce memory load on the system
#   Increase physical memory or swap space
#   Check if swap backing store is full
#   Decrease Java heap size (-Xmx/-Xms)
#   Decrease number of Java threads
#   Decrease Java thread stack sizes (-Xss)
#   Set larger code cache with -XX:ReservedCodeCacheSize=
#   JVM is running with Unscaled Compressed Oops mode in which the Java heap is
#     placed in the first 4GB address space. The Java Heap base address is the
#     maximum limit for the native heap growth. Please use -XX:HeapBaseMinAddress
#     to set the Java Heap base and to place the Java Heap above 4GB virtual address.
# This output file may be truncated or incomplete.
#
#  Out of Memory Error (arena.cpp:168), pid=10060, tid=5940
#
# JRE version: Java(TM) SE Runtime Environment (21.0.2+13) (build 21.0.2+13-LTS-58)
# Java VM: Java HotSpot(TM) 64-Bit Server VM (21.0.2+13-LTS-58, mixed mode, sharing, tiered, compressed oops, compressed class ptrs, g1 gc, windows-amd64)
# No core dump will be written. Minidumps are not enabled by default on client versions of Windows
#

---------------  S U M M A R Y ------------

Command Line: -ea -Didea.test.cyclic.buffer.size=1048576 -javaagent:C:\Program Files\JetBrains\IntelliJ IDEA Community Edition 2023.3.3\lib\idea_rt.jar=57306:C:\Program Files\JetBrains\IntelliJ IDEA Community Edition 2023.3.3\bin -Dfile.encoding=UTF-8 -Dsun.stdout.encoding=UTF-8 -Dsun.stderr.encoding=UTF-8 com.intellij.rt.junit.JUnitStarter -ideVersion5 -junit4 Homeworks.day04.HW001

Host: Intel(R) Core(TM) m3-7Y30 CPU @ 1.00GHz, 4 cores, 3G,  Windows 10 , 64 bit Build 19041 (10.0.19041.3636)
Time: Mon Feb 26 15:20:21 2024 Arab Standard Time elapsed time: 7.014834 seconds (0d 0h 0m 7s)

---------------  T H R E A D  ---------------

Current thread (0x00000190f71b0e10):  JavaThread "C2 CompilerThread0" daemon [_thread_in_native, id=5940, stack(0x0000006ada300000,0x0000006ada400000) (1024K)]


Current CompileTask:
C2:   7014 1756       4       java.lang.invoke.MethodType::makeImpl (109 bytes)

Stack: [0x0000006ada300000,0x0000006ada400000]
Native frames: (J=compiled Java code, j=interpreted, Vv=VM code, C=native code)
V  [jvm.dll+0x6cade9]
V  [jvm.dll+0x8569c1]
V  [jvm.dll+0x858d2e]
V  [jvm.dll+0x859413]
V  [jvm.dll+0x280e56]
V  [jvm.dll+0xc3f3d]
V  [jvm.dll+0xc4473]
V  [jvm.dll+0x2f437f]
V  [jvm.dll+0x5f5056]
V  [jvm.dll+0x252d7f]
V  [jvm.dll+0x24b25c]
V  [jvm.dll+0x2490a3]
V  [jvm.dll+0x1c9634]
V  [jvm.dll+0x258859]
V  [jvm.dll+0x256e3a]
V  [jvm.dll+0x3ef6c6]
V  [jvm.dll+0x7ff568]
V  [jvm.dll+0x6c953d]
C  [ucrtbase.dll+0x21bb2]
C  [KERNEL32.DLL+0x17344]
C  [ntdll.dll+0x526b1]


---------------  P R O C E S S  ---------------

Threads class SMR info:
_java_thread_list=0x00000190fc423210, length=20, elements={
0x00000190eb58fe20, 0x00000190f719c620, 0x00000190f719e840, 0x00000190f71a19b0,
0x00000190f71a68a0, 0x00000190f71a9d70, 0x00000190f71aaa90, 0x00000190f71b0e10,
0x00000190f71b4b60, 0x00000190f71aa400, 0x00000190f71a9050, 0x00000190f71a96e0,
0x00000190f71ab120, 0x00000190f71a7ca0, 0x00000190fc3538a0, 0x00000190fc3517d0,
0x00000190fc3524f0, 0x00000190fc351e60, 0x00000190fc353210, 0x00000190fc352b80
}

Java Threads: ( => current thread )
  0x00000190eb58fe20 JavaThread "Forwarding newSession on session null to remote"        [_thread_blocked, id=13860, stack(0x0000006ad9500000,0x0000006ad9600000) (1024K)]
  0x00000190f719c620 JavaThread "Reference Handler"          daemon [_thread_blocked, id=1224, stack(0x0000006ad9d00000,0x0000006ad9e00000) (1024K)]
  0x00000190f719e840 JavaThread "Finalizer"                  daemon [_thread_blocked, id=6808, stack(0x0000006ad9e00000,0x0000006ad9f00000) (1024K)]
  0x00000190f71a19b0 JavaThread "Signal Dispatcher"          daemon [_thread_blocked, id=8460, stack(0x0000006ad9f00000,0x0000006ada000000) (1024K)]
  0x00000190f71a68a0 JavaThread "Attach Listener"            daemon [_thread_blocked, id=7852, stack(0x0000006ada000000,0x0000006ada100000) (1024K)]
  0x00000190f71a9d70 JavaThread "Service Thread"             daemon [_thread_blocked, id=10436, stack(0x0000006ada100000,0x0000006ada200000) (1024K)]
  0x00000190f71aaa90 JavaThread "Monitor Deflation Thread"   daemon [_thread_blocked, id=12448, stack(0x0000006ada200000,0x0000006ada300000) (1024K)]
=>0x00000190f71b0e10 JavaThread "C2 CompilerThread0"         daemon [_thread_in_native, id=5940, stack(0x0000006ada300000,0x0000006ada400000) (1024K)]
  0x00000190f71b4b60 JavaThread "C1 CompilerThread0"         daemon [_thread_blocked, id=13348, stack(0x0000006ada400000,0x0000006ada500000) (1024K)]
  0x00000190f71aa400 JavaThread "Common-Cleaner"             daemon [_thread_blocked, id=13964, stack(0x0000006ada500000,0x0000006ada600000) (1024K)]
  0x00000190f71a9050 JavaThread "Monitor Ctrl-Break"         daemon [_thread_in_native, id=6824, stack(0x0000006ada600000,0x0000006ada700000) (1024K)]
  0x00000190f71a96e0 JavaThread "Notification Thread"        daemon [_thread_blocked, id=1496, stack(0x0000006ada700000,0x0000006ada800000) (1024K)]
  0x00000190f71ab120 JavaThread "ForkJoinPool.commonPool-worker-1" daemon [_thread_blocked, id=10604, stack(0x0000006ada800000,0x0000006ada900000) (1024K)]
  0x00000190f71a7ca0 JavaThread "HttpClient-1-SelectorManager" daemon [_thread_in_native, id=7656, stack(0x0000006adac00000,0x0000006adad00000) (1024K)]
  0x00000190fc3538a0 Thread "Unknown thread"                        [id=15888, stack(0x0000006adaf00000,0x0000006adb000000) (1024K)]
  0x00000190fc3517d0 JavaThread "UrlChecker-2"               daemon [_thread_blocked, id=15092, stack(0x0000006adb000000,0x0000006adb100000) (1024K)]
  0x00000190fc3524f0 JavaThread "Keep-Alive-Timer"           daemon [_thread_blocked, id=9080, stack(0x0000006adb200000,0x0000006adb300000) (1024K)]
  0x00000190fc351e60 JavaThread "pool-1-thread-1"                   [_thread_blocked, id=5444, stack(0x0000006adb300000,0x0000006adb400000) (1024K)]
  0x00000190fc353210 JavaThread "pool-1-thread-2"                   [_thread_blocked, id=12840, stack(0x0000006adb400000,0x0000006adb500000) (1024K)]
  0x00000190fc352b80 JavaThread "pool-1-thread-3"                   [_thread_blocked, id=11072, stack(0x0000006adb500000,0x0000006adb600000) (1024K)]
Total: 20

Other Threads:
  0x00000190eb649510 VMThread "VM Thread"                           [id=2520, stack(0x0000006ad9c00000,0x0000006ad9d00000) (1024K)]
  0x00000190f718ca10 WatcherThread "VM Periodic Task Thread"        [id=6132, stack(0x0000006ad9b00000,0x0000006ad9c00000) (1024K)]
  0x00000190eb5c8670 WorkerThread "GC Thread#0"                     [id=9836, stack(0x0000006ad9600000,0x0000006ad9700000) (1024K)]
  0x00000190fc220f30 WorkerThread "GC Thread#1"                     [id=8236, stack(0x0000006ada900000,0x0000006adaa00000) (1024K)]
  0x00000190fc2216b0 WorkerThread "GC Thread#2"                     [id=6676, stack(0x0000006adaa00000,0x0000006adab00000) (1024K)]
  0x00000190fc25b520 WorkerThread "GC Thread#3"                     [id=10624, stack(0x0000006adab00000,0x0000006adac00000) (1024K)]
  0x00000190eb5d2070 ConcurrentGCThread "G1 Main Marker"            [id=13584, stack(0x0000006ad9700000,0x0000006ad9800000) (1024K)]
  0x00000190eb5d2a80 WorkerThread "G1 Conc#0"                       [id=16984, stack(0x0000006ad9800000,0x0000006ad9900000) (1024K)]
  0x00000190eb624890 ConcurrentGCThread "G1 Refine#0"               [id=3640, stack(0x0000006ad9900000,0x0000006ad9a00000) (1024K)]
  0x00000190eb625310 ConcurrentGCThread "G1 Service"                [id=8680, stack(0x0000006ad9a00000,0x0000006ad9b00000) (1024K)]
Total: 10

Threads with active compile tasks:
C2 CompilerThread0     7084 1756       4       java.lang.invoke.MethodType::makeImpl (109 bytes)
C1 CompilerThread0     7084 1769       3       java.lang.invoke.InnerClassLambdaMetafactory$ForwardingMethodGenerator::generate (272 bytes)
Total: 2

VM state: not at safepoint (normal execution)

VM Mutex/Monitor currently owned by a thread: None

Heap address: 0x00000000c2800000, size: 984 MB, Compressed Oops mode: 32-bit

CDS archive(s) mapped at: [0x000001908f000000-0x000001908fc90000-0x000001908fc90000), size 13172736, SharedBaseAddress: 0x000001908f000000, ArchiveRelocationMode: 1.
Compressed class space mapped at: 0x0000019090000000-0x00000190d0000000, reserved size: 1073741824
Narrow klass base: 0x000001908f000000, Narrow klass shift: 0, Narrow klass range: 0x100000000

GC Precious Log:
 CardTable entry size: 512
 Card Set container configuration: InlinePtr #cards 5 size 8 Array Of Cards #cards 12 size 40 Howl #buckets 4 coarsen threshold 1843 Howl Bitmap #cards 512 size 80 coarsen threshold 460 Card regions per heap region 1 cards per card region 2048
 CPUs: 4 total, 4 available
 Memory: 3930M
 Large Page Support: Disabled
 NUMA Support: Disabled
 Compressed Oops: Enabled (32-bit)
 Heap Region Size: 1M
 Heap Min Capacity: 8M
 Heap Initial Capacity: 62M
 Heap Max Capacity: 984M
 Pre-touch: Disabled
 Parallel Workers: 4
 Concurrent Workers: 1
 Concurrent Refinement Workers: 4
 Periodic GC: Disabled

Heap:
 garbage-first heap   total 63488K, used 6781K [0x00000000c2800000, 0x0000000100000000)
  region size 1024K, 3 young (3072K), 2 survivors (2048K)
 Metaspace       used 12290K, committed 12608K, reserved 1114112K
  class space    used 1453K, committed 1600K, reserved 1048576K

Heap Regions: E=young(eden), S=young(survivor), O=old, HS=humongous(starts), HC=humongous(continues), CS=collection set, F=free, TAMS=top-at-mark-start, PB=parsable bottom
|   0|0x00000000c2800000, 0x00000000c2900000, 0x00000000c2900000|100%| O|  |TAMS 0x00000000c2800000| PB 0x00000000c2800000| Untracked 
|   1|0x00000000c2900000, 0x00000000c2a00000, 0x00000000c2a00000|100%| O|  |TAMS 0x00000000c2900000| PB 0x00000000c2900000| Untracked 
|   2|0x00000000c2a00000, 0x00000000c2b00000, 0x00000000c2b00000|100%| O|  |TAMS 0x00000000c2a00000| PB 0x00000000c2a00000| Untracked 
|   3|0x00000000c2b00000, 0x00000000c2c00000, 0x00000000c2c00000|100%| O|  |TAMS 0x00000000c2b00000| PB 0x00000000c2b00000| Untracked 
|   4|0x00000000c2c00000, 0x00000000c2c9f748, 0x00000000c2d00000| 62%| O|  |TAMS 0x00000000c2c00000| PB 0x00000000c2c00000| Untracked 
|   5|0x00000000c2d00000, 0x00000000c2d00000, 0x00000000c2e00000|  0%| F|  |TAMS 0x00000000c2d00000| PB 0x00000000c2d00000| Untracked 
|   6|0x00000000c2e00000, 0x00000000c2e00000, 0x00000000c2f00000|  0%| F|  |TAMS 0x00000000c2e00000| PB 0x00000000c2e00000| Untracked 
|   7|0x00000000c2f00000, 0x00000000c2f00000, 0x00000000c3000000|  0%| F|  |TAMS 0x00000000c2f00000| PB 0x00000000c2f00000| Untracked 
|   8|0x00000000c3000000, 0x00000000c3000000, 0x00000000c3100000|  0%| F|  |TAMS 0x00000000c3000000| PB 0x00000000c3000000| Untracked 
|   9|0x00000000c3100000, 0x00000000c3100000, 0x00000000c3200000|  0%| F|  |TAMS 0x00000000c3100000| PB 0x00000000c3100000| Untracked 
|  10|0x00000000c3200000, 0x00000000c3200000, 0x00000000c3300000|  0%| F|  |TAMS 0x00000000c3200000| PB 0x00000000c3200000| Untracked 
|  11|0x00000000c3300000, 0x00000000c3300000, 0x00000000c3400000|  0%| F|  |TAMS 0x00000000c3300000| PB 0x00000000c3300000| Untracked 
|  12|0x00000000c3400000, 0x00000000c3400000, 0x00000000c3500000|  0%| F|  |TAMS 0x00000000c3400000| PB 0x00000000c3400000| Untracked 
|  13|0x00000000c3500000, 0x00000000c3500000, 0x00000000c3600000|  0%| F|  |TAMS 0x00000000c3500000| PB 0x00000000c3500000| Untracked 
|  14|0x00000000c3600000, 0x00000000c3600000, 0x00000000c3700000|  0%| F|  |TAMS 0x00000000c3600000| PB 0x00000000c3600000| Untracked 
|  15|0x00000000c3700000, 0x00000000c3700000, 0x00000000c3800000|  0%| F|  |TAMS 0x00000000c3700000| PB 0x00000000c3700000| Untracked 
|  16|0x00000000c3800000, 0x00000000c3800000, 0x00000000c3900000|  0%| F|  |TAMS 0x00000000c3800000| PB 0x00000000c3800000| Untracked 
|  17|0x00000000c3900000, 0x00000000c3900000, 0x00000000c3a00000|  0%| F|  |TAMS 0x00000000c3900000| PB 0x00000000c3900000| Untracked 
|  18|0x00000000c3a00000, 0x00000000c3a00000, 0x00000000c3b00000|  0%| F|  |TAMS 0x00000000c3a00000| PB 0x00000000c3a00000| Untracked 
|  19|0x00000000c3b00000, 0x00000000c3b00000, 0x00000000c3c00000|  0%| F|  |TAMS 0x00000000c3b00000| PB 0x00000000c3b00000| Untracked 
|  20|0x00000000c3c00000, 0x00000000c3c00000, 0x00000000c3d00000|  0%| F|  |TAMS 0x00000000c3c00000| PB 0x00000000c3c00000| Untracked 
|  21|0x00000000c3d00000, 0x00000000c3d00000, 0x00000000c3e00000|  0%| F|  |TAMS 0x00000000c3d00000| PB 0x00000000c3d00000| Untracked 
|  22|0x00000000c3e00000, 0x00000000c3e00000, 0x00000000c3f00000|  0%| F|  |TAMS 0x00000000c3e00000| PB 0x00000000c3e00000| Untracked 
|  23|0x00000000c3f00000, 0x00000000c3f00000, 0x00000000c4000000|  0%| F|  |TAMS 0x00000000c3f00000| PB 0x00000000c3f00000| Untracked 
|  24|0x00000000c4000000, 0x00000000c4000000, 0x00000000c4100000|  0%| F|  |TAMS 0x00000000c4000000| PB 0x00000000c4000000| Untracked 
|  25|0x00000000c4100000, 0x00000000c4100000, 0x00000000c4200000|  0%| F|  |TAMS 0x00000000c4100000| PB 0x00000000c4100000| Untracked 
|  26|0x00000000c4200000, 0x00000000c4200000, 0x00000000c4300000|  0%| F|  |TAMS 0x00000000c4200000| PB 0x00000000c4200000| Untracked 
|  27|0x00000000c4300000, 0x00000000c4300000, 0x00000000c4400000|  0%| F|  |TAMS 0x00000000c4300000| PB 0x00000000c4300000| Untracked 
|  28|0x00000000c4400000, 0x00000000c4400000, 0x00000000c4500000|  0%| F|  |TAMS 0x00000000c4400000| PB 0x00000000c4400000| Untracked 
|  29|0x00000000c4500000, 0x00000000c4500000, 0x00000000c4600000|  0%| F|  |TAMS 0x00000000c4500000| PB 0x00000000c4500000| Untracked 
|  30|0x00000000c4600000, 0x00000000c4600000, 0x00000000c4700000|  0%| F|  |TAMS 0x00000000c4600000| PB 0x00000000c4600000| Untracked 
|  31|0x00000000c4700000, 0x00000000c4700000, 0x00000000c4800000|  0%| F|  |TAMS 0x00000000c4700000| PB 0x00000000c4700000| Untracked 
|  32|0x00000000c4800000, 0x00000000c4800000, 0x00000000c4900000|  0%| F|  |TAMS 0x00000000c4800000| PB 0x00000000c4800000| Untracked 
|  33|0x00000000c4900000, 0x00000000c4900000, 0x00000000c4a00000|  0%| F|  |TAMS 0x00000000c4900000| PB 0x00000000c4900000| Untracked 
|  34|0x00000000c4a00000, 0x00000000c4a00000, 0x00000000c4b00000|  0%| F|  |TAMS 0x00000000c4a00000| PB 0x00000000c4a00000| Untracked 
|  35|0x00000000c4b00000, 0x00000000c4b00000, 0x00000000c4c00000|  0%| F|  |TAMS 0x00000000c4b00000| PB 0x00000000c4b00000| Untracked 
|  36|0x00000000c4c00000, 0x00000000c4c00000, 0x00000000c4d00000|  0%| F|  |TAMS 0x00000000c4c00000| PB 0x00000000c4c00000| Untracked 
|  37|0x00000000c4d00000, 0x00000000c4d00000, 0x00000000c4e00000|  0%| F|  |TAMS 0x00000000c4d00000| PB 0x00000000c4d00000| Untracked 
|  38|0x00000000c4e00000, 0x00000000c4e00000, 0x00000000c4f00000|  0%| F|  |TAMS 0x00000000c4e00000| PB 0x00000000c4e00000| Untracked 
|  39|0x00000000c4f00000, 0x00000000c4f00000, 0x00000000c5000000|  0%| F|  |TAMS 0x00000000c4f00000| PB 0x00000000c4f00000| Untracked 
|  40|0x00000000c5000000, 0x00000000c5000000, 0x00000000c5100000|  0%| F|  |TAMS 0x00000000c5000000| PB 0x00000000c5000000| Untracked 
|  41|0x00000000c5100000, 0x00000000c5100000, 0x00000000c5200000|  0%| F|  |TAMS 0x00000000c5100000| PB 0x00000000c5100000| Untracked 
|  42|0x00000000c5200000, 0x00000000c5200000, 0x00000000c5300000|  0%| F|  |TAMS 0x00000000c5200000| PB 0x00000000c5200000| Untracked 
|  43|0x00000000c5300000, 0x00000000c5300000, 0x00000000c5400000|  0%| F|  |TAMS 0x00000000c5300000| PB 0x00000000c5300000| Untracked 
|  44|0x00000000c5400000, 0x00000000c5500000, 0x00000000c5500000|100%| S|CS|TAMS 0x00000000c5400000| PB 0x00000000c5400000| Complete 
|  45|0x00000000c5500000, 0x00000000c5600000, 0x00000000c5600000|100%| S|CS|TAMS 0x00000000c5500000| PB 0x00000000c5500000| Complete 
|  46|0x00000000c5600000, 0x00000000c5600000, 0x00000000c5700000|  0%| F|  |TAMS 0x00000000c5600000| PB 0x00000000c5600000| Untracked 
|  47|0x00000000c5700000, 0x00000000c5700000, 0x00000000c5800000|  0%| F|  |TAMS 0x00000000c5700000| PB 0x00000000c5700000| Untracked 
|  48|0x00000000c5800000, 0x00000000c5800000, 0x00000000c5900000|  0%| F|  |TAMS 0x00000000c5800000| PB 0x00000000c5800000| Untracked 
|  49|0x00000000c5900000, 0x00000000c5900000, 0x00000000c5a00000|  0%| F|  |TAMS 0x00000000c5900000| PB 0x00000000c5900000| Untracked 
|  50|0x00000000c5a00000, 0x00000000c5a00000, 0x00000000c5b00000|  0%| F|  |TAMS 0x00000000c5a00000| PB 0x00000000c5a00000| Untracked 
|  51|0x00000000c5b00000, 0x00000000c5b00000, 0x00000000c5c00000|  0%| F|  |TAMS 0x00000000c5b00000| PB 0x00000000c5b00000| Untracked 
|  52|0x00000000c5c00000, 0x00000000c5c00000, 0x00000000c5d00000|  0%| F|  |TAMS 0x00000000c5c00000| PB 0x00000000c5c00000| Untracked 
|  53|0x00000000c5d00000, 0x00000000c5d00000, 0x00000000c5e00000|  0%| F|  |TAMS 0x00000000c5d00000| PB 0x00000000c5d00000| Untracked 
|  54|0x00000000c5e00000, 0x00000000c5e00000, 0x00000000c5f00000|  0%| F|  |TAMS 0x00000000c5e00000| PB 0x00000000c5e00000| Untracked 
|  55|0x00000000c5f00000, 0x00000000c5f00000, 0x00000000c6000000|  0%| F|  |TAMS 0x00000000c5f00000| PB 0x00000000c5f00000| Untracked 
|  56|0x00000000c6000000, 0x00000000c6000000, 0x00000000c6100000|  0%| F|  |TAMS 0x00000000c6000000| PB 0x00000000c6000000| Untracked 
|  57|0x00000000c6100000, 0x00000000c6100000, 0x00000000c6200000|  0%| F|  |TAMS 0x00000000c6100000| PB 0x00000000c6100000| Untracked 
|  58|0x00000000c6200000, 0x00000000c6200000, 0x00000000c6300000|  0%| F|  |TAMS 0x00000000c6200000| PB 0x00000000c6200000| Untracked 
|  59|0x00000000c6300000, 0x00000000c6300000, 0x00000000c6400000|  0%| F|  |TAMS 0x00000000c6300000| PB 0x00000000c6300000| Untracked 
|  60|0x00000000c6400000, 0x00000000c6400000, 0x00000000c6500000|  0%| F|  |TAMS 0x00000000c6400000| PB 0x00000000c6400000| Untracked 
|  61|0x00000000c6500000, 0x00000000c6600000, 0x00000000c6600000|100%| E|  |TAMS 0x00000000c6500000| PB 0x00000000c6500000| Complete 

Card table byte_map: [0x00000190f3bf0000,0x00000190f3de0000] _byte_map_base: 0x00000190f35dc000

Marking Bits: (CMBitMap*) 0x00000190eb5c9c90
 Bits: [0x00000190f3de0000, 0x00000190f4d40000)

Polling page: 0x00000190e9410000

Metaspace:

Usage:
  Non-class:     10.59 MB used.
      Class:      1.42 MB used.
       Both:     12.01 MB used.

Virtual space:
  Non-class space:       64.00 MB reserved,      10.75 MB ( 17%) committed,  1 nodes.
      Class space:        1.00 GB reserved,       1.56 MB ( <1%) committed,  1 nodes.
             Both:        1.06 GB reserved,      12.31 MB (  1%) committed. 

Chunk freelists:
   Non-Class:  4.51 MB
       Class:  14.44 MB
        Both:  18.95 MB

MaxMetaspaceSize: unlimited
CompressedClassSpaceSize: 1.00 GB
Initial GC threshold: 21.00 MB
Current GC threshold: 21.00 MB
CDS: on
 - commit_granule_bytes: 65536.
 - commit_granule_words: 8192.
 - virtual_space_node_default_size: 8388608.
 - enlarge_chunks_in_place: 1.
 - use_allocation_guard: 0.


Internal statistics:

num_allocs_failed_limit: 0.
num_arena_births: 340.
num_arena_deaths: 0.
num_vsnodes_births: 2.
num_vsnodes_deaths: 0.
num_space_committed: 197.
num_space_uncommitted: 0.
num_chunks_returned_to_freelist: 0.
num_chunks_taken_from_freelist: 628.
num_chunk_merges: 0.
num_chunk_splits: 368.
num_chunks_enlarged: 207.
num_inconsistent_stats: 0.

CodeHeap 'non-profiled nmethods': size=120000Kb used=644Kb max_used=644Kb free=119356Kb
 bounds [0x0000019087ad0000, 0x0000019087d40000, 0x000001908f000000]
CodeHeap 'profiled nmethods': size=120000Kb used=3285Kb max_used=3285Kb free=116714Kb
 bounds [0x0000019080000000, 0x0000019080340000, 0x0000019087530000]
CodeHeap 'non-nmethods': size=5760Kb used=1458Kb max_used=1481Kb free=4301Kb
 bounds [0x0000019087530000, 0x00000190877a0000, 0x0000019087ad0000]
 total_blobs=2313 nmethods=1769 adapters=449
 compilation: enabled
              stopped_count=0, restarted_count=0
 full_count=0

Compilation events (20 events):
Event: 6.938 Thread 0x00000190f71b4b60 1755       3       java.lang.invoke.LambdaForm$DMH/0x0000019090099400::invokeStatic (31 bytes)
Event: 6.938 Thread 0x00000190f71b4b60 nmethod 1755 0x000001908032b910 code [0x000001908032bae0, 0x000001908032bf20]
Event: 6.938 Thread 0x00000190f71b4b60 1757       3       sun.invoke.util.VerifyAccess::isModuleAccessible (97 bytes)
Event: 6.940 Thread 0x00000190f71b4b60 nmethod 1757 0x000001908032c010 code [0x000001908032c2e0, 0x000001908032cfb0]
Event: 6.940 Thread 0x00000190f71b4b60 1759       3       java.util.LinkedHashMap$LinkedKeyIterator::next (8 bytes)
Event: 6.940 Thread 0x00000190f71b4b60 nmethod 1759 0x000001908032d490 code [0x000001908032d640, 0x000001908032d798]
Event: 6.940 Thread 0x00000190f71b4b60 1758       3       org.openqa.selenium.json.Types::narrow (49 bytes)
Event: 6.941 Thread 0x00000190f71b4b60 nmethod 1758 0x000001908032d890 code [0x000001908032dac0, 0x000001908032e2d0]
Event: 6.955 Thread 0x00000190f71b0e10 nmethod 1752 0x0000019087b70090 code [0x0000019087b70260, 0x0000019087b709c0]
Event: 6.955 Thread 0x00000190f71b0e10 1756       4       java.lang.invoke.MethodType::makeImpl (109 bytes)
Event: 6.978 Thread 0x00000190f71b4b60 1760       3       java.nio.CharBuffer::arrayOffset (35 bytes)
Event: 6.978 Thread 0x00000190f71b4b60 nmethod 1760 0x000001908032e510 code [0x000001908032e6e0, 0x000001908032e9b8]
Event: 6.985 Thread 0x00000190f71b4b60 1763       3       jdk.internal.org.objectweb.asm.MethodVisitor::visitCode (15 bytes)
Event: 6.985 Thread 0x00000190f71b4b60 nmethod 1763 0x000001908032eb10 code [0x000001908032ecc0, 0x000001908032eed0]
Event: 6.985 Thread 0x00000190f71b4b60 1764       3       jdk.internal.org.objectweb.asm.MethodVisitor::visitMaxs (17 bytes)
Event: 6.986 Thread 0x00000190f71b4b60 nmethod 1764 0x000001908032ef90 code [0x000001908032f140, 0x000001908032f350]
Event: 6.986 Thread 0x00000190f71b4b60 1765       3       jdk.internal.org.objectweb.asm.MethodVisitor::visitEnd (15 bytes)
Event: 6.986 Thread 0x00000190f71b4b60 nmethod 1765 0x000001908032f410 code [0x000001908032f5c0, 0x000001908032f7d0]
Event: 7.005 Thread 0x00000190f71b4b60 1766       3       java.net.URI$Parser::scan (76 bytes)
Event: 7.007 Thread 0x00000190f71b4b60 nmethod 1766 0x000001908032f890 code [0x000001908032fac0, 0x0000019080330358]

GC Heap History (4 events):
Event: 3.641 GC heap before
{Heap before GC invocations=0 (full 0):
 garbage-first heap   total 63488K, used 12288K [0x00000000c2800000, 0x0000000100000000)
  region size 1024K, 13 young (13312K), 0 survivors (0K)
 Metaspace       used 4682K, committed 4864K, reserved 1114112K
  class space    used 553K, committed 640K, reserved 1048576K
}
Event: 3.661 GC heap after
{Heap after GC invocations=1 (full 0):
 garbage-first heap   total 63488K, used 4352K [0x00000000c2800000, 0x0000000100000000)
  region size 1024K, 2 young (2048K), 2 survivors (2048K)
 Metaspace       used 4682K, committed 4864K, reserved 1114112K
  class space    used 553K, committed 640K, reserved 1048576K
}
Event: 6.886 GC heap before
{Heap before GC invocations=1 (full 0):
 garbage-first heap   total 63488K, used 17664K [0x00000000c2800000, 0x0000000100000000)
  region size 1024K, 16 young (16384K), 2 survivors (2048K)
 Metaspace       used 12054K, committed 12352K, reserved 1114112K
  class space    used 1417K, committed 1536K, reserved 1048576K
}
Event: 6.902 GC heap after
{Heap after GC invocations=2 (full 0):
 garbage-first heap   total 63488K, used 6781K [0x00000000c2800000, 0x0000000100000000)
  region size 1024K, 2 young (2048K), 2 survivors (2048K)
 Metaspace       used 12054K, committed 12352K, reserved 1114112K
  class space    used 1417K, committed 1536K, reserved 1048576K
}

Dll operation events (12 events):
Event: 0.024 Loaded shared library C:\Program Files\Java\jdk-21\bin\java.dll
Event: 0.103 Loaded shared library C:\Program Files\Java\jdk-21\bin\jsvml.dll
Event: 0.350 Loaded shared library C:\Program Files\Java\jdk-21\bin\zip.dll
Event: 0.373 Loaded shared library C:\Program Files\Java\jdk-21\bin\instrument.dll
Event: 0.385 Loaded shared library C:\Program Files\Java\jdk-21\bin\net.dll
Event: 0.391 Loaded shared library C:\Program Files\Java\jdk-21\bin\nio.dll
Event: 0.410 Loaded shared library C:\Program Files\Java\jdk-21\bin\zip.dll
Event: 0.445 Loaded shared library C:\Program Files\JetBrains\IntelliJ IDEA Community Edition 2023.3.3\bin\breakgen64.dll
Event: 0.491 Loaded shared library C:\Program Files\Java\jdk-21\bin\extnet.dll
Event: 0.611 Loaded shared library C:\Program Files\Java\jdk-21\bin\verify.dll
Event: 1.136 Loaded shared library C:\Program Files\Java\jdk-21\bin\jimage.dll
Event: 4.750 Loaded shared library C:\Program Files\Java\jdk-21\bin\sunmscapi.dll

Deoptimization events (20 events):
Event: 6.143 Thread 0x00000190eb58fe20 Uncommon trap: trap_request=0xffffffde fr.pc=0x0000019087b5e0dc relative=0x000000000000013c
Event: 6.143 Thread 0x00000190eb58fe20 Uncommon trap: reason=class_check action=maybe_recompile pc=0x0000019087b5e0dc method=jdk.internal.misc.Unsafe.allocateUninitializedArray(Ljava/lang/Class;I)Ljava/lang/Object; @ 51 c2
Event: 6.143 Thread 0x00000190eb58fe20 DEOPT PACKING pc=0x0000019087b5e0dc sp=0x0000006ad95fccb0
Event: 6.143 Thread 0x00000190eb58fe20 DEOPT UNPACKING pc=0x00000190875846a2 sp=0x0000006ad95fcc28 mode 2
Event: 6.143 Thread 0x00000190eb58fe20 Uncommon trap: trap_request=0xffffffde fr.pc=0x0000019087b5e0dc relative=0x000000000000013c
Event: 6.143 Thread 0x00000190eb58fe20 Uncommon trap: reason=class_check action=maybe_recompile pc=0x0000019087b5e0dc method=jdk.internal.misc.Unsafe.allocateUninitializedArray(Ljava/lang/Class;I)Ljava/lang/Object; @ 51 c2
Event: 6.143 Thread 0x00000190eb58fe20 DEOPT PACKING pc=0x0000019087b5e0dc sp=0x0000006ad95fcc20
Event: 6.143 Thread 0x00000190eb58fe20 DEOPT UNPACKING pc=0x00000190875846a2 sp=0x0000006ad95fcb98 mode 2
Event: 6.144 Thread 0x00000190eb58fe20 Uncommon trap: trap_request=0xffffffde fr.pc=0x0000019087b5e0dc relative=0x000000000000013c
Event: 6.144 Thread 0x00000190eb58fe20 Uncommon trap: reason=class_check action=maybe_recompile pc=0x0000019087b5e0dc method=jdk.internal.misc.Unsafe.allocateUninitializedArray(Ljava/lang/Class;I)Ljava/lang/Object; @ 51 c2
Event: 6.144 Thread 0x00000190eb58fe20 DEOPT PACKING pc=0x0000019087b5e0dc sp=0x0000006ad95fcca0
Event: 6.144 Thread 0x00000190eb58fe20 DEOPT UNPACKING pc=0x00000190875846a2 sp=0x0000006ad95fcc18 mode 2
Event: 6.144 Thread 0x00000190eb58fe20 Uncommon trap: trap_request=0xffffffde fr.pc=0x0000019087b5e0dc relative=0x000000000000013c
Event: 6.144 Thread 0x00000190eb58fe20 Uncommon trap: reason=class_check action=maybe_recompile pc=0x0000019087b5e0dc method=jdk.internal.misc.Unsafe.allocateUninitializedArray(Ljava/lang/Class;I)Ljava/lang/Object; @ 51 c2
Event: 6.144 Thread 0x00000190eb58fe20 DEOPT PACKING pc=0x0000019087b5e0dc sp=0x0000006ad95fc960
Event: 6.144 Thread 0x00000190eb58fe20 DEOPT UNPACKING pc=0x00000190875846a2 sp=0x0000006ad95fc8d8 mode 2
Event: 6.175 Thread 0x00000190eb58fe20 Uncommon trap: trap_request=0xffffffde fr.pc=0x0000019087b5d52c relative=0x000000000000044c
Event: 6.175 Thread 0x00000190eb58fe20 Uncommon trap: reason=class_check action=maybe_recompile pc=0x0000019087b5d52c method=java.lang.String.<init>(Ljava/lang/AbstractStringBuilder;Ljava/lang/Void;)V @ 10 c2
Event: 6.175 Thread 0x00000190eb58fe20 DEOPT PACKING pc=0x0000019087b5d52c sp=0x0000006ad95fdcb0
Event: 6.175 Thread 0x00000190eb58fe20 DEOPT UNPACKING pc=0x00000190875846a2 sp=0x0000006ad95fdc78 mode 2

Classes loaded (20 events):
Event: 6.904 Loading class java/util/stream/LongPipeline
Event: 6.907 Loading class java/util/stream/LongStream
Event: 6.908 Loading class java/util/stream/LongStream done
Event: 6.908 Loading class java/util/stream/LongPipeline done
Event: 6.909 Loading class java/util/stream/LongPipeline$StatelessOp done
Event: 6.909 Loading class java/util/stream/ReferencePipeline$5 done
Event: 6.909 Loading class java/util/stream/FindOps$FindSink$OfLong
Event: 6.910 Loading class java/util/stream/Sink$OfLong
Event: 6.910 Loading class java/util/stream/Sink$OfLong done
Event: 6.910 Loading class java/util/stream/FindOps$FindSink$OfLong done
Event: 6.911 Loading class java/util/OptionalLong
Event: 6.911 Loading class java/util/OptionalLong done
Event: 6.913 Loading class java/util/stream/ReferencePipeline$5$1
Event: 6.913 Loading class java/util/stream/ReferencePipeline$5$1 done
Event: 6.914 Loading class java/lang/invoke/VarHandleBytes$FieldInstanceReadWrite
Event: 6.915 Loading class java/lang/invoke/VarHandleBytes$FieldInstanceReadOnly
Event: 6.915 Loading class java/lang/invoke/VarHandleBytes$FieldInstanceReadOnly done
Event: 6.915 Loading class java/lang/invoke/VarHandleBytes$FieldInstanceReadWrite done
Event: 6.973 Loading class java/net/InetAddress$CachedLocalHost
Event: 6.973 Loading class java/net/InetAddress$CachedLocalHost done

Classes unloaded (0 events):
No events

Classes redefined (0 events):
No events

Internal exceptions (20 events):
Event: 3.813 Thread 0x00000190eb58fe20 Exception <a 'java/lang/NoSuchMethodError'{0x00000000c6444b38}: 'java.lang.Object java.lang.invoke.DirectMethodHandle$Holder.invokeSpecial(java.lang.Object, java.lang.Object, int, java.lang.Object, java.lang.Object)'> (0x00000000c6444b38) 
thrown [s\open\src\hotspot\share\interpreter\linkResolver.cpp, line 773]
Event: 3.815 Thread 0x00000190eb58fe20 Exception <a 'java/lang/NoSuchMethodError'{0x00000000c6448758}: 'java.lang.Object java.lang.invoke.DelegatingMethodHandle$Holder.delegate(java.lang.Object, int, java.lang.Object, java.lang.Object)'> (0x00000000c6448758) 
thrown [s\open\src\hotspot\share\interpreter\linkResolver.cpp, line 773]
Event: 3.822 Thread 0x00000190eb58fe20 Exception <a 'java/lang/NoSuchMethodError'{0x00000000c6457cc8}: 'int java.lang.invoke.Invokers$Holder.linkToTargetMethod(java.lang.Object, java.lang.Object, java.lang.Object)'> (0x00000000c6457cc8) 
thrown [s\open\src\hotspot\share\interpreter\linkResolver.cpp, line 773]
Event: 4.909 Thread 0x00000190eb58fe20 Exception <a 'sun/nio/fs/WindowsException'{0x00000000c63a0a48}> (0x00000000c63a0a48) 
thrown [s\open\src\hotspot\share\prims\jni.cpp, line 520]
Event: 5.529 Thread 0x00000190eb58fe20 Exception <a 'java/lang/NoSuchMethodError'{0x00000000c5d69650}: 'java.lang.Object java.lang.invoke.DirectMethodHandle$Holder.invokeStaticInit(java.lang.Object, int, int, int, int)'> (0x00000000c5d69650) 
thrown [s\open\src\hotspot\share\interpreter\linkResolver.cpp, line 773]
Event: 5.570 Thread 0x00000190eb58fe20 Exception <a 'java/lang/NoSuchMethodError'{0x00000000c5d9cdb8}: 'java.lang.Object java.lang.invoke.DirectMethodHandle$Holder.invokeStaticInit(java.lang.Object, java.lang.Object, int, int, int, int)'> (0x00000000c5d9cdb8) 
thrown [s\open\src\hotspot\share\interpreter\linkResolver.cpp, line 773]
Event: 5.838 Thread 0x00000190eb58fe20 Exception <a 'java/lang/NoSuchMethodError'{0x00000000c5c9ab58}: 'java.lang.Object java.lang.invoke.DirectMethodHandle$Holder.invokeInterface(java.lang.Object, java.lang.Object, java.lang.Object)'> (0x00000000c5c9ab58) 
thrown [s\open\src\hotspot\share\interpreter\linkResolver.cpp, line 773]
Event: 5.838 Thread 0x00000190eb58fe20 Exception <a 'java/lang/IncompatibleClassChangeError'{0x00000000c5c9df40}: Found class java.lang.Object, but interface was expected> (0x00000000c5c9df40) 
thrown [s\open\src\hotspot\share\interpreter\linkResolver.cpp, line 840]
Event: 5.843 Thread 0x00000190eb58fe20 Exception <a 'java/lang/NoSuchMethodError'{0x00000000c5ca5400}: 'int java.lang.invoke.DirectMethodHandle$Holder.invokeSpecialIFC(java.lang.Object, java.lang.Object, java.lang.Object, java.lang.Object)'> (0x00000000c5ca5400) 
thrown [s\open\src\hotspot\share\interpreter\linkResolver.cpp, line 773]
Event: 5.855 Thread 0x00000190eb58fe20 Exception <a 'java/lang/NoSuchMethodError'{0x00000000c5cc76c8}: 'java.lang.Object java.lang.invoke.DirectMethodHandle$Holder.invokeVirtual(java.lang.Object, java.lang.Object, java.lang.Object, java.lang.Object)'> (0x00000000c5cc76c8) 
thrown [s\open\src\hotspot\share\interpreter\linkResolver.cpp, line 773]
Event: 5.965 Thread 0x00000190fc3517d0 Exception <a 'java/net/ConnectException'{0x00000000c5b39d30}: Connection refused: getsockopt> (0x00000000c5b39d30) 
thrown [s\open\src\hotspot\share\prims\jni.cpp, line 539]
Event: 5.983 Thread 0x00000190fc3517d0 Exception <a 'java/net/ConnectException'{0x00000000c5b3ae20}: Connection refused: getsockopt> (0x00000000c5b3ae20) 
thrown [s\open\src\hotspot\share\prims\jni.cpp, line 539]
Event: 6.014 Thread 0x00000190fc3517d0 Exception <a 'java/net/ConnectException'{0x00000000c5b3bd38}: Connection refused: getsockopt> (0x00000000c5b3bd38) 
thrown [s\open\src\hotspot\share\prims\jni.cpp, line 539]
Event: 6.148 Thread 0x00000190eb58fe20 Exception <a 'java/lang/NoSuchMethodError'{0x00000000c5bf54c8}: 'java.lang.Object java.lang.invoke.DirectMethodHandle$Holder.newInvokeSpecial(java.lang.Object, java.lang.Object, int, int)'> (0x00000000c5bf54c8) 
thrown [s\open\src\hotspot\share\interpreter\linkResolver.cpp, line 773]
Event: 6.150 Thread 0x00000190eb58fe20 Exception <a 'java/lang/NoSuchMethodError'{0x00000000c5bffa68}: 'void java.lang.invoke.DirectMethodHandle$Holder.invokeStatic(java.lang.Object, java.lang.Object, int)'> (0x00000000c5bffa68) 
thrown [s\open\src\hotspot\share\interpreter\linkResolver.cpp, line 773]
Event: 6.356 Thread 0x00000190fc351e60 Exception <a 'java/lang/NoSuchMethodError'{0x00000000c59de6b0}: 'java.lang.Object java.lang.invoke.DirectMethodHandle$Holder.invokeSpecial(java.lang.Object, java.lang.Object, java.lang.Object, java.lang.Object, int)'> (0x00000000c59de6b0) 
thrown [s\open\src\hotspot\share\interpreter\linkResolver.cpp, line 773]
Event: 6.356 Thread 0x00000190fc351e60 Exception <a 'java/lang/NoSuchMethodError'{0x00000000c59e22f0}: 'java.lang.Object java.lang.invoke.Invokers$Holder.linkToTargetMethod(java.lang.Object, java.lang.Object, int, java.lang.Object)'> (0x00000000c59e22f0) 
thrown [s\open\src\hotspot\share\interpreter\linkResolver.cpp, line 773]
Event: 6.408 Thread 0x00000190fc351e60 Exception <a 'java/lang/NoSuchMethodError'{0x00000000c5622f28}: 'void java.lang.invoke.DirectMethodHandle$Holder.invokeSpecial(java.lang.Object, java.lang.Object, java.lang.Object, java.lang.Object, java.lang.Object)'> (0x00000000c5622f28) 
thrown [s\open\src\hotspot\share\interpreter\linkResolver.cpp, line 773]
Event: 6.923 Thread 0x00000190fc351e60 Exception <a 'java/lang/NoSuchMethodError'{0x00000000c6564820}: 'void java.lang.invoke.DirectMethodHandle$Holder.invokeSpecial(java.lang.Object, java.lang.Object, java.lang.Object, java.lang.Object, java.lang.Object, java.lang.Object, java.lang.Object)'> (0x00000000c6564820) 
thrown [s\open\src\hotspot\share\interpreter\linkResolver.cpp, line 773]
Event: 7.007 Thread 0x00000190fc3517d0 Exception <a 'java/net/ConnectException'{0x00000000c65e7058}: Connection refused: getsockopt> (0x00000000c65e7058) 
thrown [s\open\src\hotspot\share\prims\jni.cpp, line 539]

ZGC Phase Switch (0 events):
No events

VM Operations (20 events):
Event: 5.608 Executing VM operation: HandshakeAllThreads (Deoptimize)
Event: 5.608 Executing VM operation: HandshakeAllThreads (Deoptimize) done
Event: 5.889 Executing VM operation: HandshakeAllThreads (Deoptimize)
Event: 5.889 Executing VM operation: HandshakeAllThreads (Deoptimize) done
Event: 5.890 Executing VM operation: HandshakeAllThreads (Deoptimize)
Event: 5.890 Executing VM operation: HandshakeAllThreads (Deoptimize) done
Event: 6.077 Executing VM operation: HandshakeAllThreads (Deoptimize)
Event: 6.078 Executing VM operation: HandshakeAllThreads (Deoptimize) done
Event: 6.078 Executing VM operation: Cleanup
Event: 6.078 Executing VM operation: Cleanup done
Event: 6.097 Executing VM operation: HandshakeAllThreads (Deoptimize)
Event: 6.097 Executing VM operation: HandshakeAllThreads (Deoptimize) done
Event: 6.179 Executing VM operation: HandshakeAllThreads (Deoptimize)
Event: 6.179 Executing VM operation: HandshakeAllThreads (Deoptimize) done
Event: 6.876 Executing VM operation: HandshakeAllThreads (Deoptimize)
Event: 6.876 Executing VM operation: HandshakeAllThreads (Deoptimize) done
Event: 6.880 Executing VM operation: HandshakeAllThreads (Deoptimize)
Event: 6.880 Executing VM operation: HandshakeAllThreads (Deoptimize) done
Event: 6.886 Executing VM operation: G1CollectForAllocation (G1 Evacuation Pause)
Event: 6.902 Executing VM operation: G1CollectForAllocation (G1 Evacuation Pause) done

Events (20 events):
Event: 0.098 Thread 0x00000190f71a68a0 Thread added: 0x00000190f71a68a0
Event: 0.099 Thread 0x00000190f71a9d70 Thread added: 0x00000190f71a9d70
Event: 0.099 Thread 0x00000190f71aaa90 Thread added: 0x00000190f71aaa90
Event: 0.099 Thread 0x00000190f71b0e10 Thread added: 0x00000190f71b0e10
Event: 0.100 Thread 0x00000190f71b4b60 Thread added: 0x00000190f71b4b60
Event: 0.241 Thread 0x00000190f71aa400 Thread added: 0x00000190f71aa400
Event: 0.447 Thread 0x00000190f71a9050 Thread added: 0x00000190f71a9050
Event: 0.448 Thread 0x00000190f71a96e0 Thread added: 0x00000190f71a96e0
Event: 1.534 Thread 0x00000190f71a7ca0 Thread added: 0x00000190f71a7ca0
Event: 3.449 Thread 0x00000190f71a7ca0 Thread exited: 0x00000190f71a7ca0
Event: 3.631 Thread 0x00000190f71ab120 Thread added: 0x00000190f71ab120
Event: 5.770 Thread 0x00000190f71a7ca0 Thread added: 0x00000190f71a7ca0
Event: 5.884 Thread 0x00000190f71a89c0 Thread added: 0x00000190f71a89c0
Event: 5.891 Thread 0x00000190fc351140 Thread added: 0x00000190fc351140
Event: 5.899 Thread 0x00000190fc3538a0 Thread added: 0x00000190fc3538a0
Event: 5.932 Thread 0x00000190fc3517d0 Thread added: 0x00000190fc3517d0
Event: 6.075 Thread 0x00000190fc3524f0 Thread added: 0x00000190fc3524f0
Event: 6.290 Thread 0x00000190fc351e60 Thread added: 0x00000190fc351e60
Event: 6.453 Thread 0x00000190fc353210 Thread added: 0x00000190fc353210
Event: 6.454 Thread 0x00000190fc352b80 Thread added: 0x00000190fc352b80


Dynamic libraries:
0x00007ff674760000 - 0x00007ff674770000 	C:\Program Files\Java\jdk-21\bin\java.exe
0x00007ffc80b70000 - 0x00007ffc80d68000 	C:\WINDOWS\SYSTEM32\ntdll.dll
0x00007ffc7fa80000 - 0x00007ffc7fb3d000 	C:\WINDOWS\System32\KERNEL32.DLL
0x00007ffc7e280000 - 0x00007ffc7e576000 	C:\WINDOWS\System32\KERNELBASE.dll
0x00007ffc7e800000 - 0x00007ffc7e900000 	C:\WINDOWS\System32\ucrtbase.dll
0x00007ffc636e0000 - 0x00007ffc636fb000 	C:\Program Files\Java\jdk-21\bin\VCRUNTIME140.dll
0x00007ffc637c0000 - 0x00007ffc637d9000 	C:\Program Files\Java\jdk-21\bin\jli.dll
0x00007ffc804e0000 - 0x00007ffc80593000 	C:\WINDOWS\System32\ADVAPI32.dll
0x00007ffc80440000 - 0x00007ffc804de000 	C:\WINDOWS\System32\msvcrt.dll
0x00007ffc7ebb0000 - 0x00007ffc7ec4f000 	C:\WINDOWS\System32\sechost.dll
0x00007ffc7ed50000 - 0x00007ffc7ee76000 	C:\WINDOWS\System32\RPCRT4.dll
0x00007ffc7e900000 - 0x00007ffc7e927000 	C:\WINDOWS\System32\bcrypt.dll
0x00007ffc7f810000 - 0x00007ffc7f9ae000 	C:\WINDOWS\System32\USER32.dll
0x00007ffc7e930000 - 0x00007ffc7e952000 	C:\WINDOWS\System32\win32u.dll
0x00007ffc80b00000 - 0x00007ffc80b2b000 	C:\WINDOWS\System32\GDI32.dll
0x00007ffc7e580000 - 0x00007ffc7e697000 	C:\WINDOWS\System32\gdi32full.dll
0x00007ffc746c0000 - 0x00007ffc7495a000 	C:\WINDOWS\WinSxS\amd64_microsoft.windows.common-controls_6595b64144ccf1df_6.0.19041.3636_none_60b6a03d71f818d5\COMCTL32.dll
0x00007ffc7eb10000 - 0x00007ffc7ebad000 	C:\WINDOWS\System32\msvcp_win.dll
0x00007ffc749b0000 - 0x00007ffc749ba000 	C:\WINDOWS\SYSTEM32\VERSION.dll
0x00007ffc7ed00000 - 0x00007ffc7ed32000 	C:\WINDOWS\System32\IMM32.DLL
0x00007ffc63640000 - 0x00007ffc6364c000 	C:\Program Files\Java\jdk-21\bin\vcruntime140_1.dll
0x00007ffc634c0000 - 0x00007ffc6354e000 	C:\Program Files\Java\jdk-21\bin\msvcp140.dll
0x00007ffc62720000 - 0x00007ffc63437000 	C:\Program Files\Java\jdk-21\bin\server\jvm.dll
0x00007ffc7f9b0000 - 0x00007ffc7fa1b000 	C:\WINDOWS\System32\WS2_32.dll
0x00007ffc72120000 - 0x00007ffc72147000 	C:\WINDOWS\SYSTEM32\WINMM.dll
0x00007ffc7e090000 - 0x00007ffc7e0db000 	C:\WINDOWS\SYSTEM32\POWRPROF.dll
0x00007ffc7e070000 - 0x00007ffc7e082000 	C:\WINDOWS\SYSTEM32\UMPDC.dll
0x00007ffc7cac0000 - 0x00007ffc7cad2000 	C:\WINDOWS\SYSTEM32\kernel.appcore.dll
0x00007ffc62500000 - 0x00007ffc6250a000 	C:\Program Files\Java\jdk-21\bin\jimage.dll
0x00007ffc7c740000 - 0x00007ffc7c924000 	C:\WINDOWS\SYSTEM32\DBGHELP.DLL
0x00007ffc6f0c0000 - 0x00007ffc6f0f4000 	C:\WINDOWS\SYSTEM32\dbgcore.DLL
0x00007ffc7e9d0000 - 0x00007ffc7ea52000 	C:\WINDOWS\System32\bcryptPrimitives.dll
0x00007ffc790c0000 - 0x00007ffc790cf000 	C:\Program Files\Java\jdk-21\bin\instrument.dll
0x00007ffc61c80000 - 0x00007ffc61c9f000 	C:\Program Files\Java\jdk-21\bin\java.dll
0x00007ffc7fb40000 - 0x00007ffc80285000 	C:\WINDOWS\System32\SHELL32.dll
0x00007ffc7bed0000 - 0x00007ffc7c66c000 	C:\WINDOWS\SYSTEM32\windows.storage.dll
0x00007ffc7f1a0000 - 0x00007ffc7f4f4000 	C:\WINDOWS\System32\combase.dll
0x00007ffc7db90000 - 0x00007ffc7dbbe000 	C:\WINDOWS\SYSTEM32\Wldp.dll
0x00007ffc7ee80000 - 0x00007ffc7ef4d000 	C:\WINDOWS\System32\OLEAUT32.dll
0x00007ffc7f500000 - 0x00007ffc7f5ad000 	C:\WINDOWS\System32\SHCORE.dll
0x00007ffc80aa0000 - 0x00007ffc80af5000 	C:\WINDOWS\System32\shlwapi.dll
0x00007ffc7e160000 - 0x00007ffc7e185000 	C:\WINDOWS\SYSTEM32\profapi.dll
0x00007ffc64990000 - 0x00007ffc64a67000 	C:\Program Files\Java\jdk-21\bin\jsvml.dll
0x00007ffc64970000 - 0x00007ffc64988000 	C:\Program Files\Java\jdk-21\bin\zip.dll
0x00007ffc64be0000 - 0x00007ffc64bf0000 	C:\Program Files\Java\jdk-21\bin\net.dll
0x00007ffc75380000 - 0x00007ffc7548a000 	C:\WINDOWS\SYSTEM32\WINHTTP.dll
0x00007ffc7d8f0000 - 0x00007ffc7d95a000 	C:\WINDOWS\system32\mswsock.dll
0x00007ffc64bc0000 - 0x00007ffc64bd6000 	C:\Program Files\Java\jdk-21\bin\nio.dll
0x00007ffc76c50000 - 0x00007ffc76c6a000 	C:\Program Files\JetBrains\IntelliJ IDEA Community Edition 2023.3.3\bin\breakgen64.dll
0x00007ffc64bb0000 - 0x00007ffc64bb9000 	C:\Program Files\Java\jdk-21\bin\extnet.dll
0x00007ffc5dc40000 - 0x00007ffc5dc50000 	C:\Program Files\Java\jdk-21\bin\verify.dll
0x00007ffc7d620000 - 0x00007ffc7d6eb000 	C:\WINDOWS\SYSTEM32\DNSAPI.dll
0x00007ffc7d5e0000 - 0x00007ffc7d61b000 	C:\WINDOWS\SYSTEM32\IPHLPAPI.DLL
0x00007ffc7f800000 - 0x00007ffc7f808000 	C:\WINDOWS\System32\NSI.dll
0x00007ffc74190000 - 0x00007ffc7419a000 	C:\Windows\System32\rasadhlp.dll
0x00007ffc741d0000 - 0x00007ffc74250000 	C:\WINDOWS\System32\fwpuclnt.dll
0x00007ffc5d2b0000 - 0x00007ffc5d2be000 	C:\Program Files\Java\jdk-21\bin\sunmscapi.dll
0x00007ffc7e6a0000 - 0x00007ffc7e7fd000 	C:\WINDOWS\System32\CRYPT32.dll
0x00007ffc7dc00000 - 0x00007ffc7dc28000 	C:\WINDOWS\SYSTEM32\ncrypt.dll
0x00007ffc7dbc0000 - 0x00007ffc7dbfb000 	C:\WINDOWS\SYSTEM32\NTASN1.dll
0x00007ffc7dae0000 - 0x00007ffc7daf8000 	C:\WINDOWS\SYSTEM32\CRYPTSP.dll
0x00007ffc7d220000 - 0x00007ffc7d254000 	C:\WINDOWS\system32\rsaenh.dll
0x00007ffc7e0e0000 - 0x00007ffc7e10e000 	C:\WINDOWS\SYSTEM32\USERENV.dll
0x00007ffc7db00000 - 0x00007ffc7db0c000 	C:\WINDOWS\SYSTEM32\CRYPTBASE.dll
0x00007ffc5e5d0000 - 0x00007ffc5e5d7000 	C:\WINDOWS\system32\wshunix.dll
0x00007ffc62620000 - 0x00007ffc62637000 	C:\WINDOWS\system32\napinsp.dll
0x00007ffc62600000 - 0x00007ffc6261b000 	C:\WINDOWS\system32\pnrpnsp.dll
0x00007ffc78520000 - 0x00007ffc78535000 	C:\WINDOWS\system32\wshbth.dll
0x00007ffc78e00000 - 0x00007ffc78e1d000 	C:\WINDOWS\system32\NLAapi.dll
0x00007ffc625b0000 - 0x00007ffc625c2000 	C:\WINDOWS\System32\winrnr.dll

dbghelp: loaded successfully - version: 4.0.5 - missing functions: none
symbol engine: initialized successfully - sym options: 0x614 - pdb path: .;C:\Program Files\Java\jdk-21\bin;C:\WINDOWS\SYSTEM32;C:\WINDOWS\WinSxS\amd64_microsoft.windows.common-controls_6595b64144ccf1df_6.0.19041.3636_none_60b6a03d71f818d5;C:\Program Files\Java\jdk-21\bin\server;C:\Program Files\JetBrains\IntelliJ IDEA Community Edition 2023.3.3\bin

VM Arguments:
jvm_args: -ea -Didea.test.cyclic.buffer.size=1048576 -javaagent:C:\Program Files\JetBrains\IntelliJ IDEA Community Edition 2023.3.3\lib\idea_rt.jar=57306:C:\Program Files\JetBrains\IntelliJ IDEA Community Edition 2023.3.3\bin -Dfile.encoding=UTF-8 -Dsun.stdout.encoding=UTF-8 -Dsun.stderr.encoding=UTF-8 
java_command: com.intellij.rt.junit.JUnitStarter -ideVersion5 -junit4 Homeworks.day04.HW001
java_class_path (initial): C:\Program Files\JetBrains\IntelliJ IDEA Community Edition 2023.3.3\lib\idea_rt.jar;C:\Program Files\JetBrains\IntelliJ IDEA Community Edition 2023.3.3\plugins\junit\lib\junit5-rt.jar;C:\Program Files\JetBrains\IntelliJ IDEA Community Edition 2023.3.3\plugins\junit\lib\junit-rt.jar;C:\Users\Abbey\IdeaProjects\SDA2024_ONSITE_SELENUM\target\test-classes;C:\Users\Abbey\.m2\repository\org\seleniumhq\selenium\selenium-java\4.17.0\selenium-java-4.17.0.jar;C:\Users\Abbey\.m2\repository\org\seleniumhq\selenium\selenium-api\4.17.0\selenium-api-4.17.0.jar;C:\Users\Abbey\.m2\repository\org\seleniumhq\selenium\selenium-chrome-driver\4.17.0\selenium-chrome-driver-4.17.0.jar;C:\Users\Abbey\.m2\repository\com\google\auto\service\auto-service-annotations\1.1.1\auto-service-annotations-1.1.1.jar;C:\Users\Abbey\.m2\repository\org\seleniumhq\selenium\selenium-chromium-driver\4.17.0\selenium-chromium-driver-4.17.0.jar;C:\Users\Abbey\.m2\repository\org\seleniumhq\selenium\selenium-json\4.17.0\selenium-json-4.17.0.jar;C:\Users\Abbey\.m2\repository\org\seleniumhq\selenium\selenium-manager\4.17.0\selenium-manager-4.17.0.jar;C:\Users\Abbey\.m2\repository\org\seleniumhq\selenium\selenium-devtools-v119\4.17.0\selenium-devtools-v119-4.17.0.jar;C:\Users\Abbey\.m2\repository\org\seleniumhq\selenium\selenium-devtools-v120\4.17.0\selenium-devtools-v120-4.17.0.jar;C:\Users\Abbey\.m2\repository\org\seleniumhq\selenium\selenium-devtools-v121\4.17.0\selenium-devtools-v121-4.17.0.jar;C:\Users\Abbey\.m2\repository\org\seleniumhq\selenium\selenium-devtools-v85\4.17.0\selenium-devtools-v85-4.17.0.jar;C:\Users\Abbey\.m2\repository\org\seleniumhq\selenium\selenium-edge-driver\4.17.0\selenium-edge-driver-4.17.0.jar;C:\Users\Abbey\.m2\repository\org\seleniumhq\selenium\selenium-firefox-driver\4.17.0\selenium-firefox-driver-4.17.0.jar;C:\Users\Abbey\.m2\repository\org\seleniumhq\selenium\selenium-http\4.17.0\selenium-http-4.17.0.jar;C:\Users\Abbey\.m2\repository\dev\failsafe\failsafe\3.3.2\failsafe-3.3.2.jar;C:\Users\Abbey\.m2\repository\org\seleniumhq\selenium\selenium-ie-driver\4.17.0\selenium-ie-driver-4.17.0.jar;C:\Users\Abbey\.m2\repository\org\seleniumhq\selenium\selenium-remote-driver\4.17.0\selenium-remote-driver-4.17.0.jar;C:\Users\Abbey\.m2\repository\com\google\guava\guava\33.0.0-jre\guava-33.0.0-jre.jar;C:\Users\Abbey\.m2\repository\com\google\guava\failureaccess\1.0.2\failureaccess-1.0.2.jar;C:\Users\Abbey\.m2\repository\com\google\guava\listenablefuture\9999.0-empty-to-avoid-conflict-with-guava\listenablefuture-9999.0-empty-to-avoid-conflict-with-guava.jar;C:\Users\Abbey\.m2\repository\com\google\code\findbugs\jsr305\3.0.2\jsr305-3.0.2.jar;C:\Users\Abbey\.m2\repository\org\checkerframework\checker-qual\3.41.0\checker-qual-3.41.0.jar;C:\Users\Abbey\.m2\repository\com\google\errorprone\error_prone_annotations\2.23.0\error_prone_annotations-2.23.0.jar;C:\Users\Abbey\.m2\repository\com\google\j2objc\j2objc-annotations\2.8\j2objc-annotations-2.8.jar;C:\Users\Abbey\.m2\repository\io\opentelemetry\semconv\opentelemetry-semconv\1.23.1-alpha\opentelemetry-semconv-1.23.1-alpha.jar;C:\Users\Abbey\.m2\repository\io\opentelemetry\opentelemetry-api\1.34.1\opentelemetry-api-1.34.1.jar;C:\Users\Abbey\.m2\repository\io\opentelemetry\opentelemetry-context\1.34.1\opentelemetry-context-1.34.1.jar;C:\Users\Abbey\.m2\repository\io\opentelemetry\opentelemetry-exporter-logging\1.34.1\opentelemetry-exporter-logging-1.34.1.jar;C:\Users\Abbey\.m2\repository\io\opentelemetry\opentelemetry-sdk-common\1.34.1\opentelemetry-sdk-common-1.34.1.jar;C:\Users\Abbey\.m2\repository\io\opentelemetry\opentelemetry-sdk-extension-autoconfigure-spi\1.34.1\opentelemetry-sdk-extension-autoconfigure-spi-1.34.1.jar;C:\Users\Abbey\.m2\repository\io\opentelemetry\opentelemetry-sdk-extension-autoconfigure\1.34.1\opentelemetry-sdk-extension-autoconfigure-1.34.1.jar;C:\Users\Abbey\.m2\repository\io\opentelemetry\opentelemetry-api-events\1.34.1-alpha\opentelemetry-api-events-1.34.1-alpha.jar;C:\Users\Abbey\.m2\repository\io\opentelemetry\opentelemetry-sdk-trace\1.34.1\opentelemetry-sdk-trace-1.34.1.jar;C:\Users\Abbey\.m2\repository\io\opentelemetry\opentelemetry-sdk\1.34.1\opentelemetry-sdk-1.34.1.jar;C:\Users\Abbey\.m2\repository\io\opentelemetry\opentelemetry-sdk-metrics\1.34.1\opentelemetry-sdk-metrics-1.34.1.jar;C:\Users\Abbey\.m2\repository\io\opentelemetry\opentelemetry-extension-incubator\1.34.1-alpha\opentelemetry-extension-incubator-1.34.1-alpha.jar;C:\Users\Abbey\.m2\repository\io\opentelemetry\opentelemetry-sdk-logs\1.34.1\opentelemetry-sdk-logs-1.34.1.jar;C:\Users\Abbey\.m2\repository\net\bytebuddy\byte-buddy\1.14.11\byte-buddy-1.14.11.jar;C:\Users\Abbey\.m2\repository\org\seleniumhq\selenium\selenium-os\4.17.0\selenium-os-4.17.0.jar;C:\Users\Abbey\.m2\repository\org\apache\commons\commons-exec\1.3\commons-exec-1.3.jar;C:\Users\Abbey\.m2\repository\org\seleniumhq\selenium\selenium-safari-driver\4.17.0\selenium-safari-driver-4.17.0.jar;C:\Users\Abbey\.m2\repository\org\seleniumhq\selenium\selenium-support\4.17.0\selenium-support-4.17.0.jar;C:\Users\Abbey\.m2\repository\junit\junit\4.13.2\junit-4.13.2.jar;C:\Users\Abbey\.m2\repository\org\hamcrest\hamcrest-core\1.3\hamcrest-core-1.3.jar
Launcher Type: SUN_STANDARD

[Global flags]
     intx CICompilerCount                          = 3                                         {product} {ergonomic}
     uint ConcGCThreads                            = 1                                         {product} {ergonomic}
     uint G1ConcRefinementThreads                  = 4                                         {product} {ergonomic}
   size_t G1HeapRegionSize                         = 1048576                                   {product} {ergonomic}
    uintx GCDrainStackTargetSize                   = 64                                        {product} {ergonomic}
   size_t InitialHeapSize                          = 65011712                                  {product} {ergonomic}
   size_t MarkStackSize                            = 4194304                                   {product} {ergonomic}
   size_t MaxHeapSize                              = 1031798784                                {product} {ergonomic}
   size_t MaxNewSize                               = 618659840                                 {product} {ergonomic}
   size_t MinHeapDeltaBytes                        = 1048576                                   {product} {ergonomic}
   size_t MinHeapSize                              = 8388608                                   {product} {ergonomic}
    uintx NonNMethodCodeHeapSize                   = 5832780                                {pd product} {ergonomic}
    uintx NonProfiledCodeHeapSize                  = 122912730                              {pd product} {ergonomic}
    uintx ProfiledCodeHeapSize                     = 122912730                              {pd product} {ergonomic}
    uintx ReservedCodeCacheSize                    = 251658240                              {pd product} {ergonomic}
     bool SegmentedCodeCache                       = true                                      {product} {ergonomic}
   size_t SoftMaxHeapSize                          = 1031798784                             {manageable} {ergonomic}
     bool UseCompressedOops                        = true                           {product lp64_product} {ergonomic}
     bool UseG1GC                                  = true                                      {product} {ergonomic}
     bool UseLargePagesIndividualAllocation        = false                                  {pd product} {ergonomic}

Logging:
Log output configuration:
 #0: stdout all=warning uptime,level,tags foldmultilines=false
 #1: stderr all=off uptime,level,tags foldmultilines=false

Environment Variables:
JAVA_HOME=C:\Program Files\Java\jdk-21
PATH=C:\Program Files\Common Files\Oracle\Java\javapath;C:\Program Files (x86)\Intel\iCLS Client\;C:\Program Files\Intel\iCLS Client\;C:\WINDOWS\system32;C:\WINDOWS;C:\WINDOWS\System32\Wbem;C:\WINDOWS\System32\WindowsPowerShell\v1.0\;C:\Program Files (x86)\Intel\Intel(R) Management Engine Components\DAL;C:\Program Files\Intel\Intel(R) Management Engine Components\DAL;C:\Program Files (x86)\Intel\Intel(R) Management Engine Components\IPT;C:\Program Files\Intel\Intel(R) Management Engine Components\IPT;C:\Program Files\Intel\WiFi\bin\;C:\Program Files\Common Files\Intel\WirelessCommon\;C:\WINDOWS\System32\OpenSSH\;C:\Program Files\Git\cmd;C:\xampp\php;C:\ProgramData\ComposerSetup\bin;C:\Program Files\MySQL\MySQL Shell 8.0\bin\;C:\Users\Abbey\AppData\Local\Microsoft\WindowsApps;C:\Users\Abbey\AppData\Roaming\Composer\vendor\bin;C:\Users\Abbey\AppData\Local\Programs\Microsoft VS Code\bin;C:\Program Files\Java\jdk-21\bin;C:\Program Files\apache-maven-3.9.6\bin;
USERNAME=Abbey
OS=Windows_NT
PROCESSOR_IDENTIFIER=Intel64 Family 6 Model 142 Stepping 9, GenuineIntel
TMP=C:\Users\Abbey\AppData\Local\Temp
TEMP=C:\Users\Abbey\AppData\Local\Temp




Periodic native trim disabled

---------------  S Y S T E M  ---------------

OS:
 Windows 10 , 64 bit Build 19041 (10.0.19041.3636)
OS uptime: 1 days 6:44 hours

CPU: total 4 (initial active 4) (2 cores per cpu, 2 threads per core) family 6 model 142 stepping 9 microcode 0xb4, cx8, cmov, fxsr, ht, mmx, 3dnowpref, sse, sse2, sse3, ssse3, sse4.1, sse4.2, popcnt, lzcnt, tsc, tscinvbit, avx, avx2, aes, erms, clmul, bmi1, bmi2, adx, fma, vzeroupper, clflush, clflushopt, rdtscp, f16c
Processor Information for all 4 processors :
  Max Mhz: 1608, Current Mhz: 1005, Mhz Limit: 996

Memory: 4k page, system-wide physical 3930M (188M free)
TotalPageFile size 10795M (AvailPageFile size 16M)
current process WorkingSet (physical memory assigned to process): 89M, peak: 89M
current process commit charge ("private bytes"): 158M, peak: 158M

vm_info: Java HotSpot(TM) 64-Bit Server VM (21.0.2+13-LTS-58) for windows-amd64 JRE (21.0.2+13-LTS-58), built on 2024-01-05T18:32:24Z by "mach5one" with MS VC++ 17.1 (VS2022)

END.
