#
# There is insufficient memory for the Java Runtime Environment to continue.
# Native memory allocation (malloc) failed to allocate 1548992 bytes for Chunk::new
# Possible reasons:
#   The system is out of physical RAM or swap space
#   The process is running with CompressedOops enabled, and the Java Heap may be blocking the growth of the native heap
# Possible solutions:
#   Reduce memory load on the system
#   Increase physical memory or swap space
#   Check if swap backing store is full
#   Decrease Java heap size (-Xmx/-Xms)
#   Decrease number of Java threads
#   Decrease Java thread stack sizes (-Xss)
#   Set larger code cache with -XX:ReservedCodeCacheSize=
#   JVM is running with Unscaled Compressed Oops mode in which the Java heap is
#     placed in the first 4GB address space. The Java Heap base address is the
#     maximum limit for the native heap growth. Please use -XX:HeapBaseMinAddress
#     to set the Java Heap base and to place the Java Heap above 4GB virtual address.
# This output file may be truncated or incomplete.
#
#  Out of Memory Error (arena.cpp:168), pid=13680, tid=9732
#
# JRE version: Java(TM) SE Runtime Environment (21.0.2+13) (build 21.0.2+13-LTS-58)
# Java VM: Java HotSpot(TM) 64-Bit Server VM (21.0.2+13-LTS-58, mixed mode, sharing, tiered, compressed oops, compressed class ptrs, g1 gc, windows-amd64)
# No core dump will be written. Minidumps are not enabled by default on client versions of Windows
#

---------------  S U M M A R Y ------------

Command Line: -ea -Didea.test.cyclic.buffer.size=1048576 -javaagent:C:\Program Files\JetBrains\IntelliJ IDEA Community Edition 2023.3.3\lib\idea_rt.jar=54107:C:\Program Files\JetBrains\IntelliJ IDEA Community Edition 2023.3.3\bin -Dfile.encoding=UTF-8 -Dsun.stdout.encoding=UTF-8 -Dsun.stderr.encoding=UTF-8 com.intellij.rt.junit.JUnitStarter -ideVersion5 -junit4 Day03.C02Example,createDeleteTest

Host: Intel(R) Core(TM) m3-7Y30 CPU @ 1.00GHz, 4 cores, 3G,  Windows 10 , 64 bit Build 19041 (10.0.19041.3636)
Time: Mon Feb 26 13:40:56 2024 Arab Standard Time elapsed time: 9.195862 seconds (0d 0h 0m 9s)

---------------  T H R E A D  ---------------

Current thread (0x00000220766ca900):  JavaThread "C2 CompilerThread0" daemon [_thread_in_native, id=9732, stack(0x0000004c09700000,0x0000004c09800000) (1024K)]


Current CompileTask:
C2:   9195 1831       4       java.lang.invoke.MethodType::methodType (69 bytes)

Stack: [0x0000004c09700000,0x0000004c09800000]
Native frames: (J=compiled Java code, j=interpreted, Vv=VM code, C=native code)
V  [jvm.dll+0x6cade9]
V  [jvm.dll+0x8569c1]
V  [jvm.dll+0x858d2e]
V  [jvm.dll+0x859413]
V  [jvm.dll+0x280e56]
V  [jvm.dll+0xc3f3d]
V  [jvm.dll+0xc4473]
V  [jvm.dll+0x3b5c2c]
V  [jvm.dll+0x382855]
V  [jvm.dll+0x381cca]
V  [jvm.dll+0x249bd0]
V  [jvm.dll+0x2491b1]
V  [jvm.dll+0x1c9634]
V  [jvm.dll+0x258859]
V  [jvm.dll+0x256e3a]
V  [jvm.dll+0x3ef6c6]
V  [jvm.dll+0x7ff568]
V  [jvm.dll+0x6c953d]
C  [ucrtbase.dll+0x21bb2]
C  [KERNEL32.DLL+0x17344]
C  [ntdll.dll+0x526b1]


---------------  P R O C E S S  ---------------

Threads class SMR info:
_java_thread_list=0x000002207bcdc2b0, length=26, elements={
0x0000022068b506e0, 0x00000220766c00d0, 0x00000220766c1d40, 0x00000220766c39b0,
0x00000220766c6420, 0x00000220766c6e80, 0x00000220766c7b60, 0x00000220766ca900,
0x00000220766cf3c0, 0x00000220766ab570, 0x0000022076a00990, 0x0000022076a01000,
0x000002207b2f6050, 0x000002207b495f80, 0x000002207b4a2740, 0x000002207b4a3230,
0x000002207b47a590, 0x000002207b47b080, 0x000002207b4aa540, 0x000002207b4aabd0,
0x000002207b4a9820, 0x000002207b4a9eb0, 0x000002207b4ab260, 0x000002207b4a9190,
0x000002207b4a8b00, 0x000002207b4a7de0
}

Java Threads: ( => current thread )
  0x0000022068b506e0 JavaThread "Forwarding get on session b63058f20de3ed7dd0c9cbc4d1c8825e to remote"        [_thread_blocked, id=11960, stack(0x0000004c08900000,0x0000004c08a00000) (1024K)]
  0x00000220766c00d0 JavaThread "Reference Handler"          daemon [_thread_blocked, id=2852, stack(0x0000004c09100000,0x0000004c09200000) (1024K)]
  0x00000220766c1d40 JavaThread "Finalizer"                  daemon [_thread_blocked, id=3508, stack(0x0000004c09200000,0x0000004c09300000) (1024K)]
  0x00000220766c39b0 JavaThread "Signal Dispatcher"          daemon [_thread_blocked, id=7840, stack(0x0000004c09300000,0x0000004c09400000) (1024K)]
  0x00000220766c6420 JavaThread "Attach Listener"            daemon [_thread_blocked, id=12296, stack(0x0000004c09400000,0x0000004c09500000) (1024K)]
  0x00000220766c6e80 JavaThread "Service Thread"             daemon [_thread_blocked, id=2584, stack(0x0000004c09500000,0x0000004c09600000) (1024K)]
  0x00000220766c7b60 JavaThread "Monitor Deflation Thread"   daemon [_thread_blocked, id=8828, stack(0x0000004c09600000,0x0000004c09700000) (1024K)]
=>0x00000220766ca900 JavaThread "C2 CompilerThread0"         daemon [_thread_in_native, id=9732, stack(0x0000004c09700000,0x0000004c09800000) (1024K)]
  0x00000220766cf3c0 JavaThread "C1 CompilerThread0"         daemon [_thread_blocked, id=8428, stack(0x0000004c09800000,0x0000004c09900000) (1024K)]
  0x00000220766ab570 JavaThread "Common-Cleaner"             daemon [_thread_blocked, id=9368, stack(0x0000004c09900000,0x0000004c09a00000) (1024K)]
  0x0000022076a00990 JavaThread "Monitor Ctrl-Break"         daemon [_thread_in_native, id=4072, stack(0x0000004c09a00000,0x0000004c09b00000) (1024K)]
  0x0000022076a01000 JavaThread "Notification Thread"        daemon [_thread_blocked, id=8112, stack(0x0000004c09b00000,0x0000004c09c00000) (1024K)]
  0x000002207b2f6050 JavaThread "ForkJoinPool.commonPool-worker-1" daemon [_thread_blocked, id=4732, stack(0x0000004c09c00000,0x0000004c09d00000) (1024K)]
  0x000002207b495f80 JavaThread "HttpClient-1-SelectorManager" daemon [_thread_in_native, id=14932, stack(0x0000004c0a000000,0x0000004c0a100000) (1024K)]
  0x000002207b4a2740 JavaThread "External Process Output Forwarder - C:\Users\Abbey\.cache\selenium\chromedriver\win64\121.0.6167.184\chromedriver.exe" daemon [_thread_in_native, id=9676, stack(0x0000004c0a100000,0x0000004c0a200000) (1024K)]
  0x000002207b4a3230 JavaThread "Driver Service Executor"    daemon [_thread_blocked, id=14164, stack(0x0000004c0a200000,0x0000004c0a300000) (1024K)]
  0x000002207b47a590 JavaThread "Driver Service Executor"    daemon [_thread_in_native, id=12860, stack(0x0000004c0a300000,0x0000004c0a400000) (1024K)]
  0x000002207b47b080 JavaThread "UrlChecker-2"               daemon [_thread_blocked, id=6536, stack(0x0000004c0a400000,0x0000004c0a500000) (1024K)]
  0x000002207b4aa540 JavaThread "Keep-Alive-Timer"           daemon [_thread_blocked, id=14884, stack(0x0000004c0a600000,0x0000004c0a700000) (1024K)]
  0x000002207b4aabd0 JavaThread "pool-1-thread-1"                   [_thread_blocked, id=9276, stack(0x0000004c0a700000,0x0000004c0a800000) (1024K)]
  0x000002207b4a9820 JavaThread "pool-1-thread-2"                   [_thread_blocked, id=1988, stack(0x0000004c0a800000,0x0000004c0a900000) (1024K)]
  0x000002207b4a9eb0 JavaThread "HttpClient-2-SelectorManager" daemon [_thread_in_native, id=11928, stack(0x0000004c0a900000,0x0000004c0aa00000) (1024K)]
  0x000002207b4ab260 JavaThread "pool-2-thread-1"                   [_thread_blocked, id=3084, stack(0x0000004c0aa00000,0x0000004c0ab00000) (1024K)]
  0x000002207b4a9190 JavaThread "pool-2-thread-2"                   [_thread_blocked, id=13072, stack(0x0000004c0ab00000,0x0000004c0ac00000) (1024K)]
  0x000002207b4a8b00 JavaThread "pool-2-thread-3"                   [_thread_blocked, id=16328, stack(0x0000004c0ac00000,0x0000004c0ad00000) (1024K)]
  0x000002207b4a7de0 JavaThread "pool-1-thread-3"                   [_thread_blocked, id=5780, stack(0x0000004c0ad00000,0x0000004c0ae00000) (1024K)]
Total: 26

Other Threads:
  0x0000022068c0f580 VMThread "VM Thread"                           [id=9856, stack(0x0000004c09000000,0x0000004c09100000) (1024K)]
  0x00000220766aaa00 WatcherThread "VM Periodic Task Thread"        [id=11776, stack(0x0000004c08f00000,0x0000004c09000000) (1024K)]
  0x0000022068b89f80 WorkerThread "GC Thread#0"                     [id=15124, stack(0x0000004c08a00000,0x0000004c08b00000) (1024K)]
  0x000002207b2f4810 WorkerThread "GC Thread#1"                     [id=2540, stack(0x0000004c09d00000,0x0000004c09e00000) (1024K)]
  0x000002207b32d5a0 WorkerThread "GC Thread#2"                     [id=14192, stack(0x0000004c09e00000,0x0000004c09f00000) (1024K)]
  0x000002207b32d940 WorkerThread "GC Thread#3"                     [id=10452, stack(0x0000004c09f00000,0x0000004c0a000000) (1024K)]
  0x0000022068b93b30 ConcurrentGCThread "G1 Main Marker"            [id=15396, stack(0x0000004c08b00000,0x0000004c08c00000) (1024K)]
  0x0000022068b946f0 WorkerThread "G1 Conc#0"                       [id=15604, stack(0x0000004c08c00000,0x0000004c08d00000) (1024K)]
  0x0000022068bea0e0 ConcurrentGCThread "G1 Refine#0"               [id=9972, stack(0x0000004c08d00000,0x0000004c08e00000) (1024K)]
  0x0000022068beab60 ConcurrentGCThread "G1 Service"                [id=3988, stack(0x0000004c08e00000,0x0000004c08f00000) (1024K)]
Total: 10

Threads with active compile tasks:
C2 CompilerThread0     9254 1831       4       java.lang.invoke.MethodType::methodType (69 bytes)
Total: 1

VM state: not at safepoint (normal execution)

VM Mutex/Monitor currently owned by a thread: None

Heap address: 0x00000000c2800000, size: 984 MB, Compressed Oops mode: 32-bit

CDS archive(s) mapped at: [0x000002200f000000-0x000002200fc90000-0x000002200fc90000), size 13172736, SharedBaseAddress: 0x000002200f000000, ArchiveRelocationMode: 1.
Compressed class space mapped at: 0x0000022010000000-0x0000022050000000, reserved size: 1073741824
Narrow klass base: 0x000002200f000000, Narrow klass shift: 0, Narrow klass range: 0x100000000

GC Precious Log:
 CardTable entry size: 512
 Card Set container configuration: InlinePtr #cards 5 size 8 Array Of Cards #cards 12 size 40 Howl #buckets 4 coarsen threshold 1843 Howl Bitmap #cards 512 size 80 coarsen threshold 460 Card regions per heap region 1 cards per card region 2048
 CPUs: 4 total, 4 available
 Memory: 3930M
 Large Page Support: Disabled
 NUMA Support: Disabled
 Compressed Oops: Enabled (32-bit)
 Heap Region Size: 1M
 Heap Min Capacity: 8M
 Heap Initial Capacity: 62M
 Heap Max Capacity: 984M
 Pre-touch: Disabled
 Parallel Workers: 4
 Concurrent Workers: 1
 Concurrent Refinement Workers: 4
 Periodic GC: Disabled

Heap:
 garbage-first heap   total 63488K, used 10948K [0x00000000c2800000, 0x0000000100000000)
  region size 1024K, 7 young (7168K), 2 survivors (2048K)
 Metaspace       used 13178K, committed 13568K, reserved 1114112K
  class space    used 1577K, committed 1728K, reserved 1048576K

Heap Regions: E=young(eden), S=young(survivor), O=old, HS=humongous(starts), HC=humongous(continues), CS=collection set, F=free, TAMS=top-at-mark-start, PB=parsable bottom
|   0|0x00000000c2800000, 0x00000000c2900000, 0x00000000c2900000|100%| O|  |TAMS 0x00000000c2800000| PB 0x00000000c2800000| Untracked 
|   1|0x00000000c2900000, 0x00000000c2a00000, 0x00000000c2a00000|100%| O|  |TAMS 0x00000000c2900000| PB 0x00000000c2900000| Untracked 
|   2|0x00000000c2a00000, 0x00000000c2b00000, 0x00000000c2b00000|100%| O|  |TAMS 0x00000000c2a00000| PB 0x00000000c2a00000| Untracked 
|   3|0x00000000c2b00000, 0x00000000c2c00000, 0x00000000c2c00000|100%| O|  |TAMS 0x00000000c2b00000| PB 0x00000000c2b00000| Untracked 
|   4|0x00000000c2c00000, 0x00000000c2cb1270, 0x00000000c2d00000| 69%| O|  |TAMS 0x00000000c2c00000| PB 0x00000000c2c00000| Untracked 
|   5|0x00000000c2d00000, 0x00000000c2d00000, 0x00000000c2e00000|  0%| F|  |TAMS 0x00000000c2d00000| PB 0x00000000c2d00000| Untracked 
|   6|0x00000000c2e00000, 0x00000000c2e00000, 0x00000000c2f00000|  0%| F|  |TAMS 0x00000000c2e00000| PB 0x00000000c2e00000| Untracked 
|   7|0x00000000c2f00000, 0x00000000c2f00000, 0x00000000c3000000|  0%| F|  |TAMS 0x00000000c2f00000| PB 0x00000000c2f00000| Untracked 
|   8|0x00000000c3000000, 0x00000000c3000000, 0x00000000c3100000|  0%| F|  |TAMS 0x00000000c3000000| PB 0x00000000c3000000| Untracked 
|   9|0x00000000c3100000, 0x00000000c3100000, 0x00000000c3200000|  0%| F|  |TAMS 0x00000000c3100000| PB 0x00000000c3100000| Untracked 
|  10|0x00000000c3200000, 0x00000000c3200000, 0x00000000c3300000|  0%| F|  |TAMS 0x00000000c3200000| PB 0x00000000c3200000| Untracked 
|  11|0x00000000c3300000, 0x00000000c3300000, 0x00000000c3400000|  0%| F|  |TAMS 0x00000000c3300000| PB 0x00000000c3300000| Untracked 
|  12|0x00000000c3400000, 0x00000000c3400000, 0x00000000c3500000|  0%| F|  |TAMS 0x00000000c3400000| PB 0x00000000c3400000| Untracked 
|  13|0x00000000c3500000, 0x00000000c3500000, 0x00000000c3600000|  0%| F|  |TAMS 0x00000000c3500000| PB 0x00000000c3500000| Untracked 
|  14|0x00000000c3600000, 0x00000000c3600000, 0x00000000c3700000|  0%| F|  |TAMS 0x00000000c3600000| PB 0x00000000c3600000| Untracked 
|  15|0x00000000c3700000, 0x00000000c3700000, 0x00000000c3800000|  0%| F|  |TAMS 0x00000000c3700000| PB 0x00000000c3700000| Untracked 
|  16|0x00000000c3800000, 0x00000000c3800000, 0x00000000c3900000|  0%| F|  |TAMS 0x00000000c3800000| PB 0x00000000c3800000| Untracked 
|  17|0x00000000c3900000, 0x00000000c3900000, 0x00000000c3a00000|  0%| F|  |TAMS 0x00000000c3900000| PB 0x00000000c3900000| Untracked 
|  18|0x00000000c3a00000, 0x00000000c3a00000, 0x00000000c3b00000|  0%| F|  |TAMS 0x00000000c3a00000| PB 0x00000000c3a00000| Untracked 
|  19|0x00000000c3b00000, 0x00000000c3b00000, 0x00000000c3c00000|  0%| F|  |TAMS 0x00000000c3b00000| PB 0x00000000c3b00000| Untracked 
|  20|0x00000000c3c00000, 0x00000000c3c00000, 0x00000000c3d00000|  0%| F|  |TAMS 0x00000000c3c00000| PB 0x00000000c3c00000| Untracked 
|  21|0x00000000c3d00000, 0x00000000c3d00000, 0x00000000c3e00000|  0%| F|  |TAMS 0x00000000c3d00000| PB 0x00000000c3d00000| Untracked 
|  22|0x00000000c3e00000, 0x00000000c3e00000, 0x00000000c3f00000|  0%| F|  |TAMS 0x00000000c3e00000| PB 0x00000000c3e00000| Untracked 
|  23|0x00000000c3f00000, 0x00000000c3f00000, 0x00000000c4000000|  0%| F|  |TAMS 0x00000000c3f00000| PB 0x00000000c3f00000| Untracked 
|  24|0x00000000c4000000, 0x00000000c4000000, 0x00000000c4100000|  0%| F|  |TAMS 0x00000000c4000000| PB 0x00000000c4000000| Untracked 
|  25|0x00000000c4100000, 0x00000000c4100000, 0x00000000c4200000|  0%| F|  |TAMS 0x00000000c4100000| PB 0x00000000c4100000| Untracked 
|  26|0x00000000c4200000, 0x00000000c4200000, 0x00000000c4300000|  0%| F|  |TAMS 0x00000000c4200000| PB 0x00000000c4200000| Untracked 
|  27|0x00000000c4300000, 0x00000000c4300000, 0x00000000c4400000|  0%| F|  |TAMS 0x00000000c4300000| PB 0x00000000c4300000| Untracked 
|  28|0x00000000c4400000, 0x00000000c4400000, 0x00000000c4500000|  0%| F|  |TAMS 0x00000000c4400000| PB 0x00000000c4400000| Untracked 
|  29|0x00000000c4500000, 0x00000000c4500000, 0x00000000c4600000|  0%| F|  |TAMS 0x00000000c4500000| PB 0x00000000c4500000| Untracked 
|  30|0x00000000c4600000, 0x00000000c4600000, 0x00000000c4700000|  0%| F|  |TAMS 0x00000000c4600000| PB 0x00000000c4600000| Untracked 
|  31|0x00000000c4700000, 0x00000000c4700000, 0x00000000c4800000|  0%| F|  |TAMS 0x00000000c4700000| PB 0x00000000c4700000| Untracked 
|  32|0x00000000c4800000, 0x00000000c4800000, 0x00000000c4900000|  0%| F|  |TAMS 0x00000000c4800000| PB 0x00000000c4800000| Untracked 
|  33|0x00000000c4900000, 0x00000000c4900000, 0x00000000c4a00000|  0%| F|  |TAMS 0x00000000c4900000| PB 0x00000000c4900000| Untracked 
|  34|0x00000000c4a00000, 0x00000000c4a00000, 0x00000000c4b00000|  0%| F|  |TAMS 0x00000000c4a00000| PB 0x00000000c4a00000| Untracked 
|  35|0x00000000c4b00000, 0x00000000c4b00000, 0x00000000c4c00000|  0%| F|  |TAMS 0x00000000c4b00000| PB 0x00000000c4b00000| Untracked 
|  36|0x00000000c4c00000, 0x00000000c4c00000, 0x00000000c4d00000|  0%| F|  |TAMS 0x00000000c4c00000| PB 0x00000000c4c00000| Untracked 
|  37|0x00000000c4d00000, 0x00000000c4d00000, 0x00000000c4e00000|  0%| F|  |TAMS 0x00000000c4d00000| PB 0x00000000c4d00000| Untracked 
|  38|0x00000000c4e00000, 0x00000000c4e00000, 0x00000000c4f00000|  0%| F|  |TAMS 0x00000000c4e00000| PB 0x00000000c4e00000| Untracked 
|  39|0x00000000c4f00000, 0x00000000c4f00000, 0x00000000c5000000|  0%| F|  |TAMS 0x00000000c4f00000| PB 0x00000000c4f00000| Untracked 
|  40|0x00000000c5000000, 0x00000000c5000000, 0x00000000c5100000|  0%| F|  |TAMS 0x00000000c5000000| PB 0x00000000c5000000| Untracked 
|  41|0x00000000c5100000, 0x00000000c5100000, 0x00000000c5200000|  0%| F|  |TAMS 0x00000000c5100000| PB 0x00000000c5100000| Untracked 
|  42|0x00000000c5200000, 0x00000000c5200000, 0x00000000c5300000|  0%| F|  |TAMS 0x00000000c5200000| PB 0x00000000c5200000| Untracked 
|  43|0x00000000c5300000, 0x00000000c5300000, 0x00000000c5400000|  0%| F|  |TAMS 0x00000000c5300000| PB 0x00000000c5300000| Untracked 
|  44|0x00000000c5400000, 0x00000000c5500000, 0x00000000c5500000|100%| S|CS|TAMS 0x00000000c5400000| PB 0x00000000c5400000| Complete 
|  45|0x00000000c5500000, 0x00000000c5600000, 0x00000000c5600000|100%| S|CS|TAMS 0x00000000c5500000| PB 0x00000000c5500000| Complete 
|  46|0x00000000c5600000, 0x00000000c5600000, 0x00000000c5700000|  0%| F|  |TAMS 0x00000000c5600000| PB 0x00000000c5600000| Untracked 
|  47|0x00000000c5700000, 0x00000000c5700000, 0x00000000c5800000|  0%| F|  |TAMS 0x00000000c5700000| PB 0x00000000c5700000| Untracked 
|  48|0x00000000c5800000, 0x00000000c5800000, 0x00000000c5900000|  0%| F|  |TAMS 0x00000000c5800000| PB 0x00000000c5800000| Untracked 
|  49|0x00000000c5900000, 0x00000000c5900000, 0x00000000c5a00000|  0%| F|  |TAMS 0x00000000c5900000| PB 0x00000000c5900000| Untracked 
|  50|0x00000000c5a00000, 0x00000000c5a00000, 0x00000000c5b00000|  0%| F|  |TAMS 0x00000000c5a00000| PB 0x00000000c5a00000| Untracked 
|  51|0x00000000c5b00000, 0x00000000c5b00000, 0x00000000c5c00000|  0%| F|  |TAMS 0x00000000c5b00000| PB 0x00000000c5b00000| Untracked 
|  52|0x00000000c5c00000, 0x00000000c5c00000, 0x00000000c5d00000|  0%| F|  |TAMS 0x00000000c5c00000| PB 0x00000000c5c00000| Untracked 
|  53|0x00000000c5d00000, 0x00000000c5d00000, 0x00000000c5e00000|  0%| F|  |TAMS 0x00000000c5d00000| PB 0x00000000c5d00000| Untracked 
|  54|0x00000000c5e00000, 0x00000000c5e00000, 0x00000000c5f00000|  0%| F|  |TAMS 0x00000000c5e00000| PB 0x00000000c5e00000| Untracked 
|  55|0x00000000c5f00000, 0x00000000c5f00000, 0x00000000c6000000|  0%| F|  |TAMS 0x00000000c5f00000| PB 0x00000000c5f00000| Untracked 
|  56|0x00000000c6000000, 0x00000000c6000000, 0x00000000c6100000|  0%| F|  |TAMS 0x00000000c6000000| PB 0x00000000c6000000| Untracked 
|  57|0x00000000c6100000, 0x00000000c619dbd0, 0x00000000c6200000| 61%| E|  |TAMS 0x00000000c6100000| PB 0x00000000c6100000| Complete 
|  58|0x00000000c6200000, 0x00000000c6300000, 0x00000000c6300000|100%| E|CS|TAMS 0x00000000c6200000| PB 0x00000000c6200000| Complete 
|  59|0x00000000c6300000, 0x00000000c6400000, 0x00000000c6400000|100%| E|CS|TAMS 0x00000000c6300000| PB 0x00000000c6300000| Complete 
|  60|0x00000000c6400000, 0x00000000c6500000, 0x00000000c6500000|100%| E|CS|TAMS 0x00000000c6400000| PB 0x00000000c6400000| Complete 
|  61|0x00000000c6500000, 0x00000000c6600000, 0x00000000c6600000|100%| E|CS|TAMS 0x00000000c6500000| PB 0x00000000c6500000| Complete 

Card table byte_map: [0x0000022073000000,0x00000220731f0000] _byte_map_base: 0x00000220729ec000

Marking Bits: (CMBitMap*) 0x0000022068b8b5a0
 Bits: [0x00000220731f0000, 0x0000022074150000)

Polling page: 0x00000220689c0000

Metaspace:

Usage:
  Non-class:     11.33 MB used.
      Class:      1.54 MB used.
       Both:     12.87 MB used.

Virtual space:
  Non-class space:       64.00 MB reserved,      11.56 MB ( 18%) committed,  1 nodes.
      Class space:        1.00 GB reserved,       1.69 MB ( <1%) committed,  1 nodes.
             Both:        1.06 GB reserved,      13.25 MB (  1%) committed. 

Chunk freelists:
   Non-Class:  3.86 MB
       Class:  14.31 MB
        Both:  18.17 MB

MaxMetaspaceSize: unlimited
CompressedClassSpaceSize: 1.00 GB
Initial GC threshold: 21.00 MB
Current GC threshold: 21.00 MB
CDS: on
 - commit_granule_bytes: 65536.
 - commit_granule_words: 8192.
 - virtual_space_node_default_size: 8388608.
 - enlarge_chunks_in_place: 1.
 - use_allocation_guard: 0.


Internal statistics:

num_allocs_failed_limit: 0.
num_arena_births: 354.
num_arena_deaths: 0.
num_vsnodes_births: 2.
num_vsnodes_deaths: 0.
num_space_committed: 212.
num_space_uncommitted: 0.
num_chunks_returned_to_freelist: 0.
num_chunks_taken_from_freelist: 676.
num_chunk_merges: 0.
num_chunk_splits: 401.
num_chunks_enlarged: 233.
num_inconsistent_stats: 0.

CodeHeap 'non-profiled nmethods': size=120000Kb used=626Kb max_used=626Kb free=119373Kb
 bounds [0x0000022007ad0000, 0x0000022007d40000, 0x000002200f000000]
CodeHeap 'profiled nmethods': size=120000Kb used=3607Kb max_used=3607Kb free=116392Kb
 bounds [0x0000022000000000, 0x0000022000390000, 0x0000022007530000]
CodeHeap 'non-nmethods': size=5760Kb used=1464Kb max_used=1479Kb free=4295Kb
 bounds [0x0000022007530000, 0x00000220077a0000, 0x0000022007ad0000]
 total_blobs=2434 nmethods=1888 adapters=450
 compilation: enabled
              stopped_count=0, restarted_count=0
 full_count=0

Compilation events (20 events):
Event: 9.075 Thread 0x00000220766cf3c0 1882       3       java.util.concurrent.atomic.AtomicLong::incrementAndGet (14 bytes)
Event: 9.075 Thread 0x00000220766cf3c0 nmethod 1882 0x0000022000381510 code [0x00000220003816a0, 0x00000220003817c8]
Event: 9.076 Thread 0x00000220766cf3c0 1883       3       java.lang.ThreadLocal::get (35 bytes)
Event: 9.076 Thread 0x00000220766cf3c0 nmethod 1883 0x0000022000381890 code [0x0000022000381a60, 0x0000022000381d78]
Event: 9.078 Thread 0x00000220766cf3c0 1884       3       java.util.stream.AbstractPipeline::sourceSpliterator (265 bytes)
Event: 9.079 Thread 0x00000220766cf3c0 nmethod 1884 0x0000022000381f10 code [0x0000022000382180, 0x0000022000382f20]
Event: 9.079 Thread 0x00000220766cf3c0 1886       3       java.lang.reflect.Method::copy (84 bytes)
Event: 9.080 Thread 0x00000220766cf3c0 nmethod 1886 0x0000022000383390 code [0x0000022000383560, 0x0000022000383970]
Event: 9.080 Thread 0x00000220766cf3c0 1885       3       java.lang.Thread::isVirtual (5 bytes)
Event: 9.080 Thread 0x00000220766cf3c0 nmethod 1885 0x0000022000383a90 code [0x0000022000383c40, 0x0000022000383e48]
Event: 9.081 Thread 0x00000220766cf3c0 1887       3       java.util.Collections$UnmodifiableMap$UnmodifiableEntrySet$UnmodifiableEntry::<init> (16 bytes)
Event: 9.081 Thread 0x00000220766cf3c0 nmethod 1887 0x0000022000383f10 code [0x00000220003840e0, 0x0000022000384510]
Event: 9.081 Thread 0x00000220766cf3c0 1888       3       java.util.Collections$UnmodifiableMap$UnmodifiableEntrySet$UnmodifiableEntry::getKey (10 bytes)
Event: 9.081 Thread 0x00000220766cf3c0 nmethod 1888 0x0000022000384690 code [0x0000022000384840, 0x0000022000384a18]
Event: 9.081 Thread 0x00000220766cf3c0 1889       3       java.net.URI$Parser::scan (41 bytes)
Event: 9.082 Thread 0x00000220766cf3c0 nmethod 1889 0x0000022000384b10 code [0x0000022000384d40, 0x0000022000385498]
Event: 9.084 Thread 0x00000220766cf3c0 1890       3       java.util.TreeMap$PrivateEntryIterator::hasNext (13 bytes)
Event: 9.084 Thread 0x00000220766cf3c0 nmethod 1890 0x0000022000385810 code [0x00000220003859a0, 0x0000022000385b08]
Event: 9.085 Thread 0x00000220766cf3c0 1892       3       java.util.concurrent.CompletableFuture::<init> (5 bytes)
Event: 9.085 Thread 0x00000220766cf3c0 nmethod 1892 0x0000022000385b90 code [0x0000022000385d40, 0x0000022000385ea8]

GC Heap History (4 events):
Event: 2.936 GC heap before
{Heap before GC invocations=0 (full 0):
 garbage-first heap   total 63488K, used 12288K [0x00000000c2800000, 0x0000000100000000)
  region size 1024K, 13 young (13312K), 0 survivors (0K)
 Metaspace       used 4689K, committed 4864K, reserved 1114112K
  class space    used 554K, committed 640K, reserved 1048576K
}
Event: 2.952 GC heap after
{Heap after GC invocations=1 (full 0):
 garbage-first heap   total 63488K, used 4288K [0x00000000c2800000, 0x0000000100000000)
  region size 1024K, 2 young (2048K), 2 survivors (2048K)
 Metaspace       used 4689K, committed 4864K, reserved 1114112K
  class space    used 554K, committed 640K, reserved 1048576K
}
Event: 8.776 GC heap before
{Heap before GC invocations=1 (full 0):
 garbage-first heap   total 63488K, used 18624K [0x00000000c2800000, 0x0000000100000000)
  region size 1024K, 16 young (16384K), 2 survivors (2048K)
 Metaspace       used 12151K, committed 12544K, reserved 1114112K
  class space    used 1435K, committed 1600K, reserved 1048576K
}
Event: 8.786 GC heap after
{Heap after GC invocations=2 (full 0):
 garbage-first heap   total 63488K, used 6852K [0x00000000c2800000, 0x0000000100000000)
  region size 1024K, 2 young (2048K), 2 survivors (2048K)
 Metaspace       used 12151K, committed 12544K, reserved 1114112K
  class space    used 1435K, committed 1600K, reserved 1048576K
}

Dll operation events (12 events):
Event: 0.045 Loaded shared library C:\Program Files\Java\jdk-21\bin\java.dll
Event: 0.227 Loaded shared library C:\Program Files\Java\jdk-21\bin\jsvml.dll
Event: 0.499 Loaded shared library C:\Program Files\Java\jdk-21\bin\zip.dll
Event: 0.510 Loaded shared library C:\Program Files\Java\jdk-21\bin\instrument.dll
Event: 0.519 Loaded shared library C:\Program Files\Java\jdk-21\bin\net.dll
Event: 0.522 Loaded shared library C:\Program Files\Java\jdk-21\bin\nio.dll
Event: 0.531 Loaded shared library C:\Program Files\Java\jdk-21\bin\zip.dll
Event: 0.561 Loaded shared library C:\Program Files\JetBrains\IntelliJ IDEA Community Edition 2023.3.3\bin\breakgen64.dll
Event: 0.586 Loaded shared library C:\Program Files\Java\jdk-21\bin\extnet.dll
Event: 0.720 Loaded shared library C:\Program Files\Java\jdk-21\bin\verify.dll
Event: 1.015 Loaded shared library C:\Program Files\Java\jdk-21\bin\jimage.dll
Event: 3.160 Loaded shared library C:\Program Files\Java\jdk-21\bin\sunmscapi.dll

Deoptimization events (20 events):
Event: 8.906 Thread 0x0000022068b506e0 Uncommon trap: trap_request=0xffffffc6 fr.pc=0x0000022007b46068 relative=0x0000000000000308
Event: 8.906 Thread 0x0000022068b506e0 Uncommon trap: reason=bimorphic_or_optimized_type_check action=maybe_recompile pc=0x0000022007b46068 method=java.util.HashMap.getNode(Ljava/lang/Object;)Ljava/util/HashMap$Node; @ 128 c2
Event: 8.907 Thread 0x0000022068b506e0 DEOPT PACKING pc=0x0000022007b46068 sp=0x0000004c089fd840
Event: 8.907 Thread 0x0000022068b506e0 DEOPT UNPACKING pc=0x00000220075846a2 sp=0x0000004c089fd7a8 mode 2
Event: 8.916 Thread 0x0000022068b506e0 Uncommon trap: trap_request=0xffffffc6 fr.pc=0x0000022007b46068 relative=0x0000000000000308
Event: 8.916 Thread 0x0000022068b506e0 Uncommon trap: reason=bimorphic_or_optimized_type_check action=maybe_recompile pc=0x0000022007b46068 method=java.util.HashMap.getNode(Ljava/lang/Object;)Ljava/util/HashMap$Node; @ 128 c2
Event: 8.916 Thread 0x0000022068b506e0 DEOPT PACKING pc=0x0000022007b46068 sp=0x0000004c089fd840
Event: 8.916 Thread 0x0000022068b506e0 DEOPT UNPACKING pc=0x00000220075846a2 sp=0x0000004c089fd7a8 mode 2
Event: 8.920 Thread 0x0000022068b506e0 Uncommon trap: trap_request=0xffffff45 fr.pc=0x0000022007b3282c relative=0x0000000000000f2c
Event: 8.920 Thread 0x0000022068b506e0 Uncommon trap: reason=unstable_if action=reinterpret pc=0x0000022007b3282c method=java.util.concurrent.ConcurrentHashMap.putVal(Ljava/lang/Object;Ljava/lang/Object;Z)Ljava/lang/Object; @ 231 c2
Event: 8.920 Thread 0x0000022068b506e0 DEOPT PACKING pc=0x0000022007b3282c sp=0x0000004c089fe030
Event: 8.920 Thread 0x0000022068b506e0 DEOPT UNPACKING pc=0x00000220075846a2 sp=0x0000004c089fdfa0 mode 2
Event: 9.072 Thread 0x0000022068b506e0 Uncommon trap: trap_request=0xffffffde fr.pc=0x0000022007b5292c relative=0x000000000000044c
Event: 9.072 Thread 0x0000022068b506e0 Uncommon trap: reason=class_check action=maybe_recompile pc=0x0000022007b5292c method=java.lang.String.<init>(Ljava/lang/AbstractStringBuilder;Ljava/lang/Void;)V @ 10 c2
Event: 9.072 Thread 0x0000022068b506e0 DEOPT PACKING pc=0x0000022007b5292c sp=0x0000004c089fe1f0
Event: 9.072 Thread 0x0000022068b506e0 DEOPT UNPACKING pc=0x00000220075846a2 sp=0x0000004c089fe1b8 mode 2
Event: 9.081 Thread 0x0000022068b506e0 Uncommon trap: trap_request=0xffffffde fr.pc=0x0000022007b5292c relative=0x000000000000044c
Event: 9.081 Thread 0x0000022068b506e0 Uncommon trap: reason=class_check action=maybe_recompile pc=0x0000022007b5292c method=java.lang.String.<init>(Ljava/lang/AbstractStringBuilder;Ljava/lang/Void;)V @ 10 c2
Event: 9.081 Thread 0x0000022068b506e0 DEOPT PACKING pc=0x0000022007b5292c sp=0x0000004c089fe1f0
Event: 9.081 Thread 0x0000022068b506e0 DEOPT UNPACKING pc=0x00000220075846a2 sp=0x0000004c089fe1b8 mode 2

Classes loaded (20 events):
Event: 8.865 Loading class jdk/internal/access/JavaUtilCollectionAccess done
Event: 8.865 Loading class java/util/ImmutableCollections$Access$1 done
Event: 8.961 Loading class java/util/LinkedList$DescendingIterator
Event: 8.961 Loading class java/util/LinkedList$DescendingIterator done
Event: 8.965 Loading class java/util/concurrent/locks/ReadWriteLock
Event: 8.965 Loading class java/util/concurrent/locks/ReadWriteLock done
Event: 8.968 Loading class java/util/concurrent/locks/ReentrantReadWriteLock
Event: 8.968 Loading class java/util/concurrent/locks/ReentrantReadWriteLock done
Event: 8.968 Loading class java/util/concurrent/locks/ReentrantReadWriteLock$FairSync
Event: 8.968 Loading class java/util/concurrent/locks/ReentrantReadWriteLock$Sync
Event: 8.969 Loading class java/util/concurrent/locks/ReentrantReadWriteLock$Sync done
Event: 8.969 Loading class java/util/concurrent/locks/ReentrantReadWriteLock$FairSync done
Event: 8.969 Loading class java/util/concurrent/locks/ReentrantReadWriteLock$Sync$ThreadLocalHoldCounter
Event: 8.970 Loading class java/util/concurrent/locks/ReentrantReadWriteLock$Sync$ThreadLocalHoldCounter done
Event: 8.970 Loading class java/util/concurrent/locks/ReentrantReadWriteLock$ReadLock
Event: 8.970 Loading class java/util/concurrent/locks/ReentrantReadWriteLock$ReadLock done
Event: 8.970 Loading class java/util/concurrent/locks/ReentrantReadWriteLock$WriteLock
Event: 8.970 Loading class java/util/concurrent/locks/ReentrantReadWriteLock$WriteLock done
Event: 8.988 Loading class sun/net/www/HeaderParser
Event: 8.988 Loading class sun/net/www/HeaderParser done

Classes unloaded (0 events):
No events

Classes redefined (0 events):
No events

Internal exceptions (20 events):
Event: 3.058 Thread 0x0000022068b506e0 Exception <a 'java/lang/NoSuchMethodError'{0x00000000c645b840}: 'java.lang.Object java.lang.invoke.DelegatingMethodHandle$Holder.delegate(java.lang.Object, int, java.lang.Object, java.lang.Object)'> (0x00000000c645b840) 
thrown [s\open\src\hotspot\share\interpreter\linkResolver.cpp, line 773]
Event: 3.062 Thread 0x0000022068b506e0 Exception <a 'java/lang/NoSuchMethodError'{0x00000000c646aff8}: 'int java.lang.invoke.Invokers$Holder.linkToTargetMethod(java.lang.Object, java.lang.Object, java.lang.Object)'> (0x00000000c646aff8) 
thrown [s\open\src\hotspot\share\interpreter\linkResolver.cpp, line 773]
Event: 3.255 Thread 0x0000022068b506e0 Exception <a 'sun/nio/fs/WindowsException'{0x00000000c63b0358}> (0x00000000c63b0358) 
thrown [s\open\src\hotspot\share\prims\jni.cpp, line 520]
Event: 3.575 Thread 0x0000022068b506e0 Exception <a 'java/lang/NoSuchMethodError'{0x00000000c5d7ad78}: 'java.lang.Object java.lang.invoke.DirectMethodHandle$Holder.invokeStaticInit(java.lang.Object, int, int, int, int)'> (0x00000000c5d7ad78) 
thrown [s\open\src\hotspot\share\interpreter\linkResolver.cpp, line 773]
Event: 3.607 Thread 0x0000022068b506e0 Exception <a 'java/lang/NoSuchMethodError'{0x00000000c5dad9b8}: 'java.lang.Object java.lang.invoke.DirectMethodHandle$Holder.invokeStaticInit(java.lang.Object, java.lang.Object, int, int, int, int)'> (0x00000000c5dad9b8) 
thrown [s\open\src\hotspot\share\interpreter\linkResolver.cpp, line 773]
Event: 3.777 Thread 0x0000022068b506e0 Exception <a 'java/lang/NoSuchMethodError'{0x00000000c5cb1f88}: 'java.lang.Object java.lang.invoke.DirectMethodHandle$Holder.invokeInterface(java.lang.Object, java.lang.Object, java.lang.Object)'> (0x00000000c5cb1f88) 
thrown [s\open\src\hotspot\share\interpreter\linkResolver.cpp, line 773]
Event: 3.777 Thread 0x0000022068b506e0 Exception <a 'java/lang/IncompatibleClassChangeError'{0x00000000c5cb5370}: Found class java.lang.Object, but interface was expected> (0x00000000c5cb5370) 
thrown [s\open\src\hotspot\share\interpreter\linkResolver.cpp, line 840]
Event: 3.779 Thread 0x0000022068b506e0 Exception <a 'java/lang/NoSuchMethodError'{0x00000000c5cbc830}: 'int java.lang.invoke.DirectMethodHandle$Holder.invokeSpecialIFC(java.lang.Object, java.lang.Object, java.lang.Object, java.lang.Object)'> (0x00000000c5cbc830) 
thrown [s\open\src\hotspot\share\interpreter\linkResolver.cpp, line 773]
Event: 3.785 Thread 0x0000022068b506e0 Exception <a 'java/lang/NoSuchMethodError'{0x00000000c5cdf520}: 'java.lang.Object java.lang.invoke.DirectMethodHandle$Holder.invokeVirtual(java.lang.Object, java.lang.Object, java.lang.Object, java.lang.Object)'> (0x00000000c5cdf520) 
thrown [s\open\src\hotspot\share\interpreter\linkResolver.cpp, line 773]
Event: 3.848 Thread 0x000002207b47b080 Exception <a 'java/net/ConnectException'{0x00000000c5b44d40}: Connection refused: getsockopt> (0x00000000c5b44d40) 
thrown [s\open\src\hotspot\share\prims\jni.cpp, line 539]
Event: 3.862 Thread 0x000002207b47b080 Exception <a 'java/net/ConnectException'{0x00000000c5b45e30}: Connection refused: getsockopt> (0x00000000c5b45e30) 
thrown [s\open\src\hotspot\share\prims\jni.cpp, line 539]
Event: 3.896 Thread 0x000002207b47b080 Exception <a 'java/net/ConnectException'{0x00000000c5b46d48}: Connection refused: getsockopt> (0x00000000c5b46d48) 
thrown [s\open\src\hotspot\share\prims\jni.cpp, line 539]
Event: 3.940 Thread 0x000002207b47b080 Exception <a 'java/net/ConnectException'{0x00000000c5b47c60}: Connection refused: getsockopt> (0x00000000c5b47c60) 
thrown [s\open\src\hotspot\share\prims\jni.cpp, line 539]
Event: 4.083 Thread 0x0000022068b506e0 Exception <a 'java/lang/NoSuchMethodError'{0x00000000c5a1d5c0}: 'java.lang.Object java.lang.invoke.DirectMethodHandle$Holder.newInvokeSpecial(java.lang.Object, java.lang.Object, int, int)'> (0x00000000c5a1d5c0) 
thrown [s\open\src\hotspot\share\interpreter\linkResolver.cpp, line 773]
Event: 4.085 Thread 0x0000022068b506e0 Exception <a 'java/lang/NoSuchMethodError'{0x00000000c5a27b60}: 'void java.lang.invoke.DirectMethodHandle$Holder.invokeStatic(java.lang.Object, java.lang.Object, int)'> (0x00000000c5a27b60) 
thrown [s\open\src\hotspot\share\interpreter\linkResolver.cpp, line 773]
Event: 4.204 Thread 0x000002207b4aabd0 Exception <a 'java/lang/NoSuchMethodError'{0x00000000c59e1830}: 'java.lang.Object java.lang.invoke.DirectMethodHandle$Holder.invokeSpecial(java.lang.Object, java.lang.Object, java.lang.Object, java.lang.Object, int)'> (0x00000000c59e1830) 
thrown [s\open\src\hotspot\share\interpreter\linkResolver.cpp, line 773]
Event: 4.205 Thread 0x000002207b4aabd0 Exception <a 'java/lang/NoSuchMethodError'{0x00000000c59e56c0}: 'java.lang.Object java.lang.invoke.Invokers$Holder.linkToTargetMethod(java.lang.Object, java.lang.Object, int, java.lang.Object)'> (0x00000000c59e56c0) 
thrown [s\open\src\hotspot\share\interpreter\linkResolver.cpp, line 773]
Event: 4.238 Thread 0x000002207b4aabd0 Exception <a 'java/lang/NoSuchMethodError'{0x00000000c5625d58}: 'void java.lang.invoke.DirectMethodHandle$Holder.invokeSpecial(java.lang.Object, java.lang.Object, java.lang.Object, java.lang.Object, java.lang.Object)'> (0x00000000c5625d58) 
thrown [s\open\src\hotspot\share\interpreter\linkResolver.cpp, line 773]
Event: 8.797 Thread 0x000002207b4a9820 Exception <a 'java/lang/NoSuchMethodError'{0x00000000c654fda8}: 'void java.lang.invoke.DirectMethodHandle$Holder.invokeSpecial(java.lang.Object, java.lang.Object, java.lang.Object, java.lang.Object, java.lang.Object, java.lang.Object, java.lang.Object)'> (0x00000000c654fda8) 
thrown [s\open\src\hotspot\share\interpreter\linkResolver.cpp, line 773]
Event: 8.832 Thread 0x0000022068b506e0 Exception <a 'java/lang/NoSuchMethodError'{0x00000000c65bc150}: 'java.lang.Object java.lang.invoke.DirectMethodHandle$Holder.invokeSpecialIFC(java.lang.Object, java.lang.Object, java.lang.Object)'> (0x00000000c65bc150) 
thrown [s\open\src\hotspot\share\interpreter\linkResolver.cpp, line 773]

ZGC Phase Switch (0 events):
No events

VM Operations (20 events):
Event: 3.805 Executing VM operation: HandshakeAllThreads (Deoptimize)
Event: 3.805 Executing VM operation: HandshakeAllThreads (Deoptimize) done
Event: 4.042 Executing VM operation: HandshakeAllThreads (Deoptimize)
Event: 4.042 Executing VM operation: HandshakeAllThreads (Deoptimize) done
Event: 4.042 Executing VM operation: Cleanup
Event: 4.042 Executing VM operation: Cleanup done
Event: 4.053 Executing VM operation: HandshakeAllThreads (Deoptimize)
Event: 4.053 Executing VM operation: HandshakeAllThreads (Deoptimize) done
Event: 4.105 Executing VM operation: HandshakeAllThreads (Deoptimize)
Event: 4.105 Executing VM operation: HandshakeAllThreads (Deoptimize) done
Event: 5.119 Executing VM operation: Cleanup
Event: 5.119 Executing VM operation: Cleanup done
Event: 8.747 Executing VM operation: HandshakeAllThreads (Deoptimize)
Event: 8.747 Executing VM operation: HandshakeAllThreads (Deoptimize) done
Event: 8.751 Executing VM operation: HandshakeAllThreads (Deoptimize)
Event: 8.751 Executing VM operation: HandshakeAllThreads (Deoptimize) done
Event: 8.751 Executing VM operation: Cleanup
Event: 8.752 Executing VM operation: Cleanup done
Event: 8.776 Executing VM operation: G1CollectForAllocation (G1 Evacuation Pause)
Event: 8.786 Executing VM operation: G1CollectForAllocation (G1 Evacuation Pause) done

Events (20 events):
Event: 0.217 Thread 0x00000220766cf3c0 Thread added: 0x00000220766cf3c0
Event: 0.437 Thread 0x00000220766ab570 Thread added: 0x00000220766ab570
Event: 0.562 Thread 0x0000022076a00990 Thread added: 0x0000022076a00990
Event: 0.562 Thread 0x0000022076a01000 Thread added: 0x0000022076a01000
Event: 1.455 Thread 0x000002207b299150 Thread added: 0x000002207b299150
Event: 2.800 Thread 0x000002207b299150 Thread exited: 0x000002207b299150
Event: 2.935 Thread 0x000002207b2f6050 Thread added: 0x000002207b2f6050
Event: 3.742 Thread 0x000002207b495f80 Thread added: 0x000002207b495f80
Event: 3.801 Thread 0x000002207b4a2740 Thread added: 0x000002207b4a2740
Event: 3.806 Thread 0x000002207b4a3230 Thread added: 0x000002207b4a3230
Event: 3.807 Thread 0x000002207b47a590 Thread added: 0x000002207b47a590
Event: 3.830 Thread 0x000002207b47b080 Thread added: 0x000002207b47b080
Event: 4.041 Thread 0x000002207b4aa540 Thread added: 0x000002207b4aa540
Event: 4.177 Thread 0x000002207b4aabd0 Thread added: 0x000002207b4aabd0
Event: 4.257 Thread 0x000002207b4a9820 Thread added: 0x000002207b4a9820
Event: 8.954 Thread 0x000002207b4a9eb0 Thread added: 0x000002207b4a9eb0
Event: 8.956 Thread 0x000002207b4ab260 Thread added: 0x000002207b4ab260
Event: 8.958 Thread 0x000002207b4a9190 Thread added: 0x000002207b4a9190
Event: 8.959 Thread 0x000002207b4a8b00 Thread added: 0x000002207b4a8b00
Event: 9.074 Thread 0x000002207b4a7de0 Thread added: 0x000002207b4a7de0


Dynamic libraries:
0x00007ff674760000 - 0x00007ff674770000 	C:\Program Files\Java\jdk-21\bin\java.exe
0x00007ffc80b70000 - 0x00007ffc80d68000 	C:\WINDOWS\SYSTEM32\ntdll.dll
0x00007ffc7fa80000 - 0x00007ffc7fb3d000 	C:\WINDOWS\System32\KERNEL32.DLL
0x00007ffc7e280000 - 0x00007ffc7e576000 	C:\WINDOWS\System32\KERNELBASE.dll
0x00007ffc7e800000 - 0x00007ffc7e900000 	C:\WINDOWS\System32\ucrtbase.dll
0x00007ffc636e0000 - 0x00007ffc636fb000 	C:\Program Files\Java\jdk-21\bin\VCRUNTIME140.dll
0x00007ffc637c0000 - 0x00007ffc637d9000 	C:\Program Files\Java\jdk-21\bin\jli.dll
0x00007ffc804e0000 - 0x00007ffc80593000 	C:\WINDOWS\System32\ADVAPI32.dll
0x00007ffc80440000 - 0x00007ffc804de000 	C:\WINDOWS\System32\msvcrt.dll
0x00007ffc7ebb0000 - 0x00007ffc7ec4f000 	C:\WINDOWS\System32\sechost.dll
0x00007ffc7ed50000 - 0x00007ffc7ee76000 	C:\WINDOWS\System32\RPCRT4.dll
0x00007ffc7e900000 - 0x00007ffc7e927000 	C:\WINDOWS\System32\bcrypt.dll
0x00007ffc7f810000 - 0x00007ffc7f9ae000 	C:\WINDOWS\System32\USER32.dll
0x00007ffc7e930000 - 0x00007ffc7e952000 	C:\WINDOWS\System32\win32u.dll
0x00007ffc746c0000 - 0x00007ffc7495a000 	C:\WINDOWS\WinSxS\amd64_microsoft.windows.common-controls_6595b64144ccf1df_6.0.19041.3636_none_60b6a03d71f818d5\COMCTL32.dll
0x00007ffc80b00000 - 0x00007ffc80b2b000 	C:\WINDOWS\System32\GDI32.dll
0x00007ffc7e580000 - 0x00007ffc7e697000 	C:\WINDOWS\System32\gdi32full.dll
0x00007ffc7eb10000 - 0x00007ffc7ebad000 	C:\WINDOWS\System32\msvcp_win.dll
0x00007ffc749b0000 - 0x00007ffc749ba000 	C:\WINDOWS\SYSTEM32\VERSION.dll
0x00007ffc7ed00000 - 0x00007ffc7ed32000 	C:\WINDOWS\System32\IMM32.DLL
0x00007ffc63640000 - 0x00007ffc6364c000 	C:\Program Files\Java\jdk-21\bin\vcruntime140_1.dll
0x00007ffc634c0000 - 0x00007ffc6354e000 	C:\Program Files\Java\jdk-21\bin\msvcp140.dll
0x00007ffc62720000 - 0x00007ffc63437000 	C:\Program Files\Java\jdk-21\bin\server\jvm.dll
0x00007ffc7f9b0000 - 0x00007ffc7fa1b000 	C:\WINDOWS\System32\WS2_32.dll
0x00007ffc7e090000 - 0x00007ffc7e0db000 	C:\WINDOWS\SYSTEM32\POWRPROF.dll
0x00007ffc72120000 - 0x00007ffc72147000 	C:\WINDOWS\SYSTEM32\WINMM.dll
0x00007ffc7e070000 - 0x00007ffc7e082000 	C:\WINDOWS\SYSTEM32\UMPDC.dll
0x00007ffc7cac0000 - 0x00007ffc7cad2000 	C:\WINDOWS\SYSTEM32\kernel.appcore.dll
0x00007ffc62500000 - 0x00007ffc6250a000 	C:\Program Files\Java\jdk-21\bin\jimage.dll
0x00007ffc7c740000 - 0x00007ffc7c924000 	C:\WINDOWS\SYSTEM32\DBGHELP.DLL
0x00007ffc6f0c0000 - 0x00007ffc6f0f4000 	C:\WINDOWS\SYSTEM32\dbgcore.DLL
0x00007ffc7e9d0000 - 0x00007ffc7ea52000 	C:\WINDOWS\System32\bcryptPrimitives.dll
0x00007ffc78120000 - 0x00007ffc7812f000 	C:\Program Files\Java\jdk-21\bin\instrument.dll
0x00007ffc61c80000 - 0x00007ffc61c9f000 	C:\Program Files\Java\jdk-21\bin\java.dll
0x00007ffc7fb40000 - 0x00007ffc80285000 	C:\WINDOWS\System32\SHELL32.dll
0x00007ffc7bed0000 - 0x00007ffc7c66c000 	C:\WINDOWS\SYSTEM32\windows.storage.dll
0x00007ffc7f1a0000 - 0x00007ffc7f4f4000 	C:\WINDOWS\System32\combase.dll
0x00007ffc7db90000 - 0x00007ffc7dbbe000 	C:\WINDOWS\SYSTEM32\Wldp.dll
0x00007ffc7ee80000 - 0x00007ffc7ef4d000 	C:\WINDOWS\System32\OLEAUT32.dll
0x00007ffc7f500000 - 0x00007ffc7f5ad000 	C:\WINDOWS\System32\SHCORE.dll
0x00007ffc80aa0000 - 0x00007ffc80af5000 	C:\WINDOWS\System32\shlwapi.dll
0x00007ffc7e160000 - 0x00007ffc7e185000 	C:\WINDOWS\SYSTEM32\profapi.dll
0x00007ffc64990000 - 0x00007ffc64a67000 	C:\Program Files\Java\jdk-21\bin\jsvml.dll
0x00007ffc64970000 - 0x00007ffc64988000 	C:\Program Files\Java\jdk-21\bin\zip.dll
0x00007ffc64be0000 - 0x00007ffc64bf0000 	C:\Program Files\Java\jdk-21\bin\net.dll
0x00007ffc75380000 - 0x00007ffc7548a000 	C:\WINDOWS\SYSTEM32\WINHTTP.dll
0x00007ffc7d8f0000 - 0x00007ffc7d95a000 	C:\WINDOWS\system32\mswsock.dll
0x00007ffc64bc0000 - 0x00007ffc64bd6000 	C:\Program Files\Java\jdk-21\bin\nio.dll
0x00007ffc74250000 - 0x00007ffc7426a000 	C:\Program Files\JetBrains\IntelliJ IDEA Community Edition 2023.3.3\bin\breakgen64.dll
0x00007ffc64bb0000 - 0x00007ffc64bb9000 	C:\Program Files\Java\jdk-21\bin\extnet.dll
0x00007ffc5dc40000 - 0x00007ffc5dc50000 	C:\Program Files\Java\jdk-21\bin\verify.dll
0x00007ffc7d620000 - 0x00007ffc7d6eb000 	C:\WINDOWS\SYSTEM32\DNSAPI.dll
0x00007ffc7d5e0000 - 0x00007ffc7d61b000 	C:\WINDOWS\SYSTEM32\IPHLPAPI.DLL
0x00007ffc7f800000 - 0x00007ffc7f808000 	C:\WINDOWS\System32\NSI.dll
0x00007ffc74190000 - 0x00007ffc7419a000 	C:\Windows\System32\rasadhlp.dll
0x00007ffc741d0000 - 0x00007ffc74250000 	C:\WINDOWS\System32\fwpuclnt.dll
0x00007ffc5d2b0000 - 0x00007ffc5d2be000 	C:\Program Files\Java\jdk-21\bin\sunmscapi.dll
0x00007ffc7e6a0000 - 0x00007ffc7e7fd000 	C:\WINDOWS\System32\CRYPT32.dll
0x00007ffc7dc00000 - 0x00007ffc7dc28000 	C:\WINDOWS\SYSTEM32\ncrypt.dll
0x00007ffc7dbc0000 - 0x00007ffc7dbfb000 	C:\WINDOWS\SYSTEM32\NTASN1.dll
0x00007ffc7dae0000 - 0x00007ffc7daf8000 	C:\WINDOWS\SYSTEM32\CRYPTSP.dll
0x00007ffc7d220000 - 0x00007ffc7d254000 	C:\WINDOWS\system32\rsaenh.dll
0x00007ffc7e0e0000 - 0x00007ffc7e10e000 	C:\WINDOWS\SYSTEM32\USERENV.dll
0x00007ffc7db00000 - 0x00007ffc7db0c000 	C:\WINDOWS\SYSTEM32\CRYPTBASE.dll
0x00007ffc5e5d0000 - 0x00007ffc5e5d7000 	C:\WINDOWS\system32\wshunix.dll

dbghelp: loaded successfully - version: 4.0.5 - missing functions: none
symbol engine: initialized successfully - sym options: 0x614 - pdb path: .;C:\Program Files\Java\jdk-21\bin;C:\WINDOWS\SYSTEM32;C:\WINDOWS\WinSxS\amd64_microsoft.windows.common-controls_6595b64144ccf1df_6.0.19041.3636_none_60b6a03d71f818d5;C:\Program Files\Java\jdk-21\bin\server;C:\Program Files\JetBrains\IntelliJ IDEA Community Edition 2023.3.3\bin

VM Arguments:
jvm_args: -ea -Didea.test.cyclic.buffer.size=1048576 -javaagent:C:\Program Files\JetBrains\IntelliJ IDEA Community Edition 2023.3.3\lib\idea_rt.jar=54107:C:\Program Files\JetBrains\IntelliJ IDEA Community Edition 2023.3.3\bin -Dfile.encoding=UTF-8 -Dsun.stdout.encoding=UTF-8 -Dsun.stderr.encoding=UTF-8 
java_command: com.intellij.rt.junit.JUnitStarter -ideVersion5 -junit4 Day03.C02Example,createDeleteTest
java_class_path (initial): C:\Program Files\JetBrains\IntelliJ IDEA Community Edition 2023.3.3\lib\idea_rt.jar;C:\Program Files\JetBrains\IntelliJ IDEA Community Edition 2023.3.3\plugins\junit\lib\junit5-rt.jar;C:\Program Files\JetBrains\IntelliJ IDEA Community Edition 2023.3.3\plugins\junit\lib\junit-rt.jar;C:\Users\Abbey\IdeaProjects\SDA2024_ONSITE_SELENUM\target\test-classes;C:\Users\Abbey\.m2\repository\org\seleniumhq\selenium\selenium-java\4.17.0\selenium-java-4.17.0.jar;C:\Users\Abbey\.m2\repository\org\seleniumhq\selenium\selenium-api\4.17.0\selenium-api-4.17.0.jar;C:\Users\Abbey\.m2\repository\org\seleniumhq\selenium\selenium-chrome-driver\4.17.0\selenium-chrome-driver-4.17.0.jar;C:\Users\Abbey\.m2\repository\com\google\auto\service\auto-service-annotations\1.1.1\auto-service-annotations-1.1.1.jar;C:\Users\Abbey\.m2\repository\org\seleniumhq\selenium\selenium-chromium-driver\4.17.0\selenium-chromium-driver-4.17.0.jar;C:\Users\Abbey\.m2\repository\org\seleniumhq\selenium\selenium-json\4.17.0\selenium-json-4.17.0.jar;C:\Users\Abbey\.m2\repository\org\seleniumhq\selenium\selenium-manager\4.17.0\selenium-manager-4.17.0.jar;C:\Users\Abbey\.m2\repository\org\seleniumhq\selenium\selenium-devtools-v119\4.17.0\selenium-devtools-v119-4.17.0.jar;C:\Users\Abbey\.m2\repository\org\seleniumhq\selenium\selenium-devtools-v120\4.17.0\selenium-devtools-v120-4.17.0.jar;C:\Users\Abbey\.m2\repository\org\seleniumhq\selenium\selenium-devtools-v121\4.17.0\selenium-devtools-v121-4.17.0.jar;C:\Users\Abbey\.m2\repository\org\seleniumhq\selenium\selenium-devtools-v85\4.17.0\selenium-devtools-v85-4.17.0.jar;C:\Users\Abbey\.m2\repository\org\seleniumhq\selenium\selenium-edge-driver\4.17.0\selenium-edge-driver-4.17.0.jar;C:\Users\Abbey\.m2\repository\org\seleniumhq\selenium\selenium-firefox-driver\4.17.0\selenium-firefox-driver-4.17.0.jar;C:\Users\Abbey\.m2\repository\org\seleniumhq\selenium\selenium-http\4.17.0\selenium-http-4.17.0.jar;C:\Users\Abbey\.m2\repository\dev\failsafe\failsafe\3.3.2\failsafe-3.3.2.jar;C:\Users\Abbey\.m2\repository\org\seleniumhq\selenium\selenium-ie-driver\4.17.0\selenium-ie-driver-4.17.0.jar;C:\Users\Abbey\.m2\repository\org\seleniumhq\selenium\selenium-remote-driver\4.17.0\selenium-remote-driver-4.17.0.jar;C:\Users\Abbey\.m2\repository\com\google\guava\guava\33.0.0-jre\guava-33.0.0-jre.jar;C:\Users\Abbey\.m2\repository\com\google\guava\failureaccess\1.0.2\failureaccess-1.0.2.jar;C:\Users\Abbey\.m2\repository\com\google\guava\listenablefuture\9999.0-empty-to-avoid-conflict-with-guava\listenablefuture-9999.0-empty-to-avoid-conflict-with-guava.jar;C:\Users\Abbey\.m2\repository\com\google\code\findbugs\jsr305\3.0.2\jsr305-3.0.2.jar;C:\Users\Abbey\.m2\repository\org\checkerframework\checker-qual\3.41.0\checker-qual-3.41.0.jar;C:\Users\Abbey\.m2\repository\com\google\errorprone\error_prone_annotations\2.23.0\error_prone_annotations-2.23.0.jar;C:\Users\Abbey\.m2\repository\com\google\j2objc\j2objc-annotations\2.8\j2objc-annotations-2.8.jar;C:\Users\Abbey\.m2\repository\io\opentelemetry\semconv\opentelemetry-semconv\1.23.1-alpha\opentelemetry-semconv-1.23.1-alpha.jar;C:\Users\Abbey\.m2\repository\io\opentelemetry\opentelemetry-api\1.34.1\opentelemetry-api-1.34.1.jar;C:\Users\Abbey\.m2\repository\io\opentelemetry\opentelemetry-context\1.34.1\opentelemetry-context-1.34.1.jar;C:\Users\Abbey\.m2\repository\io\opentelemetry\opentelemetry-exporter-logging\1.34.1\opentelemetry-exporter-logging-1.34.1.jar;C:\Users\Abbey\.m2\repository\io\opentelemetry\opentelemetry-sdk-common\1.34.1\opentelemetry-sdk-common-1.34.1.jar;C:\Users\Abbey\.m2\repository\io\opentelemetry\opentelemetry-sdk-extension-autoconfigure-spi\1.34.1\opentelemetry-sdk-extension-autoconfigure-spi-1.34.1.jar;C:\Users\Abbey\.m2\repository\io\opentelemetry\opentelemetry-sdk-extension-autoconfigure\1.34.1\opentelemetry-sdk-extension-autoconfigure-1.34.1.jar;C:\Users\Abbey\.m2\repository\io\opentelemetry\opentelemetry-api-events\1.34.1-alpha\opentelemetry-api-events-1.34.1-alpha.jar;C:\Users\Abbey\.m2\repository\io\opentelemetry\opentelemetry-sdk-trace\1.34.1\opentelemetry-sdk-trace-1.34.1.jar;C:\Users\Abbey\.m2\repository\io\opentelemetry\opentelemetry-sdk\1.34.1\opentelemetry-sdk-1.34.1.jar;C:\Users\Abbey\.m2\repository\io\opentelemetry\opentelemetry-sdk-metrics\1.34.1\opentelemetry-sdk-metrics-1.34.1.jar;C:\Users\Abbey\.m2\repository\io\opentelemetry\opentelemetry-extension-incubator\1.34.1-alpha\opentelemetry-extension-incubator-1.34.1-alpha.jar;C:\Users\Abbey\.m2\repository\io\opentelemetry\opentelemetry-sdk-logs\1.34.1\opentelemetry-sdk-logs-1.34.1.jar;C:\Users\Abbey\.m2\repository\net\bytebuddy\byte-buddy\1.14.11\byte-buddy-1.14.11.jar;C:\Users\Abbey\.m2\repository\org\seleniumhq\selenium\selenium-os\4.17.0\selenium-os-4.17.0.jar;C:\Users\Abbey\.m2\repository\org\apache\commons\commons-exec\1.3\commons-exec-1.3.jar;C:\Users\Abbey\.m2\repository\org\seleniumhq\selenium\selenium-safari-driver\4.17.0\selenium-safari-driver-4.17.0.jar;C:\Users\Abbey\.m2\repository\org\seleniumhq\selenium\selenium-support\4.17.0\selenium-support-4.17.0.jar;C:\Users\Abbey\.m2\repository\junit\junit\4.13.2\junit-4.13.2.jar;C:\Users\Abbey\.m2\repository\org\hamcrest\hamcrest-core\1.3\hamcrest-core-1.3.jar
Launcher Type: SUN_STANDARD

[Global flags]
     intx CICompilerCount                          = 3                                         {product} {ergonomic}
     uint ConcGCThreads                            = 1                                         {product} {ergonomic}
     uint G1ConcRefinementThreads                  = 4                                         {product} {ergonomic}
   size_t G1HeapRegionSize                         = 1048576                                   {product} {ergonomic}
    uintx GCDrainStackTargetSize                   = 64                                        {product} {ergonomic}
   size_t InitialHeapSize                          = 65011712                                  {product} {ergonomic}
   size_t MarkStackSize                            = 4194304                                   {product} {ergonomic}
   size_t MaxHeapSize                              = 1031798784                                {product} {ergonomic}
   size_t MaxNewSize                               = 618659840                                 {product} {ergonomic}
   size_t MinHeapDeltaBytes                        = 1048576                                   {product} {ergonomic}
   size_t MinHeapSize                              = 8388608                                   {product} {ergonomic}
    uintx NonNMethodCodeHeapSize                   = 5832780                                {pd product} {ergonomic}
    uintx NonProfiledCodeHeapSize                  = 122912730                              {pd product} {ergonomic}
    uintx ProfiledCodeHeapSize                     = 122912730                              {pd product} {ergonomic}
    uintx ReservedCodeCacheSize                    = 251658240                              {pd product} {ergonomic}
     bool SegmentedCodeCache                       = true                                      {product} {ergonomic}
   size_t SoftMaxHeapSize                          = 1031798784                             {manageable} {ergonomic}
     bool UseCompressedOops                        = true                           {product lp64_product} {ergonomic}
     bool UseG1GC                                  = true                                      {product} {ergonomic}
     bool UseLargePagesIndividualAllocation        = false                                  {pd product} {ergonomic}

Logging:
Log output configuration:
 #0: stdout all=warning uptime,level,tags foldmultilines=false
 #1: stderr all=off uptime,level,tags foldmultilines=false

Environment Variables:
JAVA_HOME=C:\Program Files\Java\jdk-21
PATH=C:\Program Files\Common Files\Oracle\Java\javapath;C:\Program Files (x86)\Intel\iCLS Client\;C:\Program Files\Intel\iCLS Client\;C:\WINDOWS\system32;C:\WINDOWS;C:\WINDOWS\System32\Wbem;C:\WINDOWS\System32\WindowsPowerShell\v1.0\;C:\Program Files (x86)\Intel\Intel(R) Management Engine Components\DAL;C:\Program Files\Intel\Intel(R) Management Engine Components\DAL;C:\Program Files (x86)\Intel\Intel(R) Management Engine Components\IPT;C:\Program Files\Intel\Intel(R) Management Engine Components\IPT;C:\Program Files\Intel\WiFi\bin\;C:\Program Files\Common Files\Intel\WirelessCommon\;C:\WINDOWS\System32\OpenSSH\;C:\Program Files\Git\cmd;C:\xampp\php;C:\ProgramData\ComposerSetup\bin;C:\Program Files\MySQL\MySQL Shell 8.0\bin\;C:\Users\Abbey\AppData\Local\Microsoft\WindowsApps;C:\Users\Abbey\AppData\Roaming\Composer\vendor\bin;C:\Users\Abbey\AppData\Local\Programs\Microsoft VS Code\bin;C:\Program Files\Java\jdk-21\bin;C:\Program Files\apache-maven-3.9.6\bin;
USERNAME=Abbey
OS=Windows_NT
PROCESSOR_IDENTIFIER=Intel64 Family 6 Model 142 Stepping 9, GenuineIntel
TMP=C:\Users\Abbey\AppData\Local\Temp
TEMP=C:\Users\Abbey\AppData\Local\Temp




Periodic native trim disabled

---------------  S Y S T E M  ---------------

OS:
 Windows 10 , 64 bit Build 19041 (10.0.19041.3636)
OS uptime: 1 days 5:05 hours

CPU: total 4 (initial active 4) (2 cores per cpu, 2 threads per core) family 6 model 142 stepping 9 microcode 0xb4, cx8, cmov, fxsr, ht, mmx, 3dnowpref, sse, sse2, sse3, ssse3, sse4.1, sse4.2, popcnt, lzcnt, tsc, tscinvbit, avx, avx2, aes, erms, clmul, bmi1, bmi2, adx, fma, vzeroupper, clflush, clflushopt, rdtscp, f16c
Processor Information for all 4 processors :
  Max Mhz: 1608, Current Mhz: 1005, Mhz Limit: 996

Memory: 4k page, system-wide physical 3930M (57M free)
TotalPageFile size 10795M (AvailPageFile size 4M)
current process WorkingSet (physical memory assigned to process): 100M, peak: 100M
current process commit charge ("private bytes"): 172M, peak: 173M

vm_info: Java HotSpot(TM) 64-Bit Server VM (21.0.2+13-LTS-58) for windows-amd64 JRE (21.0.2+13-LTS-58), built on 2024-01-05T18:32:24Z by "mach5one" with MS VC++ 17.1 (VS2022)

END.
