#
# There is insufficient memory for the Java Runtime Environment to continue.
# Native memory allocation (malloc) failed to allocate 131088 bytes for Chunk::new
# Possible reasons:
#   The system is out of physical RAM or swap space
#   The process is running with CompressedOops enabled, and the Java Heap may be blocking the growth of the native heap
# Possible solutions:
#   Reduce memory load on the system
#   Increase physical memory or swap space
#   Check if swap backing store is full
#   Decrease Java heap size (-Xmx/-Xms)
#   Decrease number of Java threads
#   Decrease Java thread stack sizes (-Xss)
#   Set larger code cache with -XX:ReservedCodeCacheSize=
#   JVM is running with Unscaled Compressed Oops mode in which the Java heap is
#     placed in the first 4GB address space. The Java Heap base address is the
#     maximum limit for the native heap growth. Please use -XX:HeapBaseMinAddress
#     to set the Java Heap base and to place the Java Heap above 4GB virtual address.
# This output file may be truncated or incomplete.
#
#  Out of Memory Error (arena.cpp:168), pid=16212, tid=11720
#
# JRE version: Java(TM) SE Runtime Environment (21.0.2+13) (build 21.0.2+13-LTS-58)
# Java VM: Java HotSpot(TM) 64-Bit Server VM (21.0.2+13-LTS-58, mixed mode, sharing, tiered, compressed oops, compressed class ptrs, g1 gc, windows-amd64)
# No core dump will be written. Minidumps are not enabled by default on client versions of Windows
#

---------------  S U M M A R Y ------------

Command Line: -ea -Didea.test.cyclic.buffer.size=1048576 -javaagent:C:\Program Files\JetBrains\IntelliJ IDEA Community Edition 2023.3.3\lib\idea_rt.jar=54924:C:\Program Files\JetBrains\IntelliJ IDEA Community Edition 2023.3.3\bin -Dfile.encoding=UTF-8 -Dsun.stdout.encoding=UTF-8 -Dsun.stderr.encoding=UTF-8 com.intellij.rt.junit.JUnitStarter -ideVersion5 -junit4 Homeworks.day04.HW002,test

Host: Intel(R) Core(TM) m3-7Y30 CPU @ 1.00GHz, 4 cores, 3G,  Windows 10 , 64 bit Build 19041 (10.0.19041.3636)
Time: Mon Feb 26 20:46:18 2024 Arab Standard Time elapsed time: 10.869235 seconds (0d 0h 0m 10s)

---------------  T H R E A D  ---------------

Current thread (0x0000021b1f97a840):  JavaThread "C2 CompilerThread0" daemon [_thread_in_native, id=11720, stack(0x000000f1d9700000,0x000000f1d9800000) (1024K)]


Current CompileTask:
C2:  10869 1776       4       java.lang.invoke.MethodType::makeImpl (109 bytes)

Stack: [0x000000f1d9700000,0x000000f1d9800000]
Native frames: (J=compiled Java code, j=interpreted, Vv=VM code, C=native code)
V  [jvm.dll+0x6cade9]
V  [jvm.dll+0x8569c1]
V  [jvm.dll+0x858d2e]
V  [jvm.dll+0x859413]
V  [jvm.dll+0x280e56]
V  [jvm.dll+0xc3f3d]
V  [jvm.dll+0xc4473]
V  [jvm.dll+0xc4065]
V  [jvm.dll+0x6f1fff]
V  [jvm.dll+0x1cdcb3]
V  [jvm.dll+0x6f430f]
V  [jvm.dll+0x321fbd]
V  [jvm.dll+0x68e491]
V  [jvm.dll+0x13746c]
V  [jvm.dll+0x3924b4]
V  [jvm.dll+0x6e8a3e]
V  [jvm.dll+0x6e7ce0]
V  [jvm.dll+0x6e318f]
V  [jvm.dll+0x6dd596]
V  [jvm.dll+0x6dca2e]
V  [jvm.dll+0x6dac4c]
V  [jvm.dll+0x1cc90c]
V  [jvm.dll+0x2f358f]
V  [jvm.dll+0x6e52e4]
V  [jvm.dll+0x6dd596]
V  [jvm.dll+0x6dca2e]
V  [jvm.dll+0x6dac4c]
V  [jvm.dll+0x1cc90c]
V  [jvm.dll+0x2f358f]
V  [jvm.dll+0x6e52e4]
V  [jvm.dll+0x6dd596]
V  [jvm.dll+0x6dca2e]
V  [jvm.dll+0x6dac4c]
V  [jvm.dll+0x1cc90c]
V  [jvm.dll+0x2f358f]
V  [jvm.dll+0x6e52e4]
V  [jvm.dll+0x6dd596]
V  [jvm.dll+0x6dca2e]
V  [jvm.dll+0x6dac4c]
V  [jvm.dll+0x1cc90c]
V  [jvm.dll+0x2f358f]
V  [jvm.dll+0x6e52e4]
V  [jvm.dll+0x6dd596]
V  [jvm.dll+0x6dca2e]
V  [jvm.dll+0x6dac4c]
V  [jvm.dll+0x1cc90c]
V  [jvm.dll+0x248d3d]
V  [jvm.dll+0x1c9634]
V  [jvm.dll+0x258859]
V  [jvm.dll+0x256e3a]
V  [jvm.dll+0x3ef6c6]
V  [jvm.dll+0x7ff568]
V  [jvm.dll+0x6c953d]
C  [ucrtbase.dll+0x21bb2]
C  [KERNEL32.DLL+0x17344]
C  [ntdll.dll+0x526b1]


---------------  P R O C E S S  ---------------

Threads class SMR info:
_java_thread_list=0x0000021b655d5c30, length=22, elements={
0x0000021b04d5ecf0, 0x0000021b1f96fe90, 0x0000021b1f971f00, 0x0000021b1f973b70,
0x0000021b1f9765e0, 0x0000021b1f977040, 0x0000021b1f977aa0, 0x0000021b1f97a840,
0x0000021b1f97db80, 0x0000021b1fa3e250, 0x0000021b1fc91110, 0x0000021b1fc94110,
0x0000021b65711cf0, 0x0000021b658185e0, 0x0000021b657ccfe0, 0x0000021b657cd650,
0x0000021b657ce0d0, 0x0000021b657cf7e0, 0x0000021b657e38d0, 0x0000021b657e0ae0,
0x0000021b657e3f60, 0x0000021b657e2520
}

Java Threads: ( => current thread )
  0x0000021b04d5ecf0 JavaThread "Forwarding newSession on session null to remote"        [_thread_in_vm, id=7944, stack(0x000000f1d8900000,0x000000f1d8a00000) (1024K)]
  0x0000021b1f96fe90 JavaThread "Reference Handler"          daemon [_thread_blocked, id=5684, stack(0x000000f1d9100000,0x000000f1d9200000) (1024K)]
  0x0000021b1f971f00 JavaThread "Finalizer"                  daemon [_thread_blocked, id=9556, stack(0x000000f1d9200000,0x000000f1d9300000) (1024K)]
  0x0000021b1f973b70 JavaThread "Signal Dispatcher"          daemon [_thread_blocked, id=7096, stack(0x000000f1d9300000,0x000000f1d9400000) (1024K)]
  0x0000021b1f9765e0 JavaThread "Attach Listener"            daemon [_thread_blocked, id=10144, stack(0x000000f1d9400000,0x000000f1d9500000) (1024K)]
  0x0000021b1f977040 JavaThread "Service Thread"             daemon [_thread_blocked, id=5384, stack(0x000000f1d9500000,0x000000f1d9600000) (1024K)]
  0x0000021b1f977aa0 JavaThread "Monitor Deflation Thread"   daemon [_thread_blocked, id=15068, stack(0x000000f1d9600000,0x000000f1d9700000) (1024K)]
=>0x0000021b1f97a840 JavaThread "C2 CompilerThread0"         daemon [_thread_in_native, id=11720, stack(0x000000f1d9700000,0x000000f1d9800000) (1024K)]
  0x0000021b1f97db80 JavaThread "C1 CompilerThread0"         daemon [_thread_blocked, id=1164, stack(0x000000f1d9800000,0x000000f1d9900000) (1024K)]
  0x0000021b1fa3e250 JavaThread "Common-Cleaner"             daemon [_thread_blocked, id=5652, stack(0x000000f1d9900000,0x000000f1d9a00000) (1024K)]
  0x0000021b1fc91110 JavaThread "Monitor Ctrl-Break"         daemon [_thread_in_native, id=6056, stack(0x000000f1d9a00000,0x000000f1d9b00000) (1024K)]
  0x0000021b1fc94110 JavaThread "Notification Thread"        daemon [_thread_blocked, id=7232, stack(0x000000f1d9b00000,0x000000f1d9c00000) (1024K)]
  0x0000021b65711cf0 JavaThread "ForkJoinPool.commonPool-worker-1" daemon [_thread_blocked, id=10376, stack(0x000000f1d9c00000,0x000000f1d9d00000) (1024K)]
  0x0000021b658185e0 JavaThread "HttpClient-1-SelectorManager" daemon [_thread_in_native, id=664, stack(0x000000f1da000000,0x000000f1da100000) (1024K)]
  0x0000021b657ccfe0 JavaThread "External Process Output Forwarder - C:\Users\Abbey\.cache\selenium\chromedriver\win64\121.0.6167.184\chromedriver.exe" daemon [_thread_in_native, id=7192, stack(0x000000f1da100000,0x000000f1da200000) (1024K)]
  0x0000021b657cd650 JavaThread "Driver Service Executor"    daemon [_thread_blocked, id=12264, stack(0x000000f1da200000,0x000000f1da300000) (1024K)]
  0x0000021b657ce0d0 JavaThread "Driver Service Executor"    daemon [_thread_in_native, id=796, stack(0x000000f1da300000,0x000000f1da400000) (1024K)]
  0x0000021b657cf7e0 JavaThread "UrlChecker-2"               daemon [_thread_blocked, id=9064, stack(0x000000f1da400000,0x000000f1da500000) (1024K)]
  0x0000021b657e38d0 JavaThread "Keep-Alive-Timer"           daemon [_thread_blocked, id=14816, stack(0x000000f1da600000,0x000000f1da700000) (1024K)]
  0x0000021b657e0ae0 JavaThread "pool-1-thread-1"                   [_thread_blocked, id=1264, stack(0x000000f1da700000,0x000000f1da800000) (1024K)]
  0x0000021b657e3f60 JavaThread "pool-1-thread-2"                   [_thread_blocked, id=16380, stack(0x000000f1da800000,0x000000f1da900000) (1024K)]
  0x0000021b657e2520 JavaThread "pool-1-thread-3"                   [_thread_blocked, id=4308, stack(0x000000f1da900000,0x000000f1daa00000) (1024K)]
Total: 22

Other Threads:
  0x0000021b04e20710 VMThread "VM Thread"                           [id=1608, stack(0x000000f1d9000000,0x000000f1d9100000) (1024K)]
  0x0000021b04e0a470 WatcherThread "VM Periodic Task Thread"        [id=14948, stack(0x000000f1d8f00000,0x000000f1d9000000) (1024K)]
  0x0000021b04d97390 WorkerThread "GC Thread#0"                     [id=10164, stack(0x000000f1d8a00000,0x000000f1d8b00000) (1024K)]
  0x0000021b6571d9a0 WorkerThread "GC Thread#1"                     [id=15736, stack(0x000000f1d9d00000,0x000000f1d9e00000) (1024K)]
  0x0000021b6572e960 WorkerThread "GC Thread#2"                     [id=7900, stack(0x000000f1d9e00000,0x000000f1d9f00000) (1024K)]
  0x0000021b6572ed00 WorkerThread "GC Thread#3"                     [id=9924, stack(0x000000f1d9f00000,0x000000f1da000000) (1024K)]
  0x0000021b04da0f40 ConcurrentGCThread "G1 Main Marker"            [id=4052, stack(0x000000f1d8b00000,0x000000f1d8c00000) (1024K)]
  0x0000021b04da20f0 WorkerThread "G1 Conc#0"                       [id=3460, stack(0x000000f1d8c00000,0x000000f1d8d00000) (1024K)]
  0x0000021b04df5c00 ConcurrentGCThread "G1 Refine#0"               [id=14680, stack(0x000000f1d8d00000,0x000000f1d8e00000) (1024K)]
  0x0000021b04df6680 ConcurrentGCThread "G1 Service"                [id=16316, stack(0x000000f1d8e00000,0x000000f1d8f00000) (1024K)]
Total: 10

Threads with active compile tasks:
C2 CompilerThread0    11009 1776       4       java.lang.invoke.MethodType::makeImpl (109 bytes)
Total: 1

VM state: not at safepoint (normal execution)

VM Mutex/Monitor currently owned by a thread: None

Heap address: 0x00000000c2800000, size: 984 MB, Compressed Oops mode: 32-bit

CDS archive(s) mapped at: [0x0000021b20000000-0x0000021b20c90000-0x0000021b20c90000), size 13172736, SharedBaseAddress: 0x0000021b20000000, ArchiveRelocationMode: 1.
Compressed class space mapped at: 0x0000021b21000000-0x0000021b61000000, reserved size: 1073741824
Narrow klass base: 0x0000021b20000000, Narrow klass shift: 0, Narrow klass range: 0x100000000

GC Precious Log:
 CardTable entry size: 512
 Card Set container configuration: InlinePtr #cards 5 size 8 Array Of Cards #cards 12 size 40 Howl #buckets 4 coarsen threshold 1843 Howl Bitmap #cards 512 size 80 coarsen threshold 460 Card regions per heap region 1 cards per card region 2048
 CPUs: 4 total, 4 available
 Memory: 3930M
 Large Page Support: Disabled
 NUMA Support: Disabled
 Compressed Oops: Enabled (32-bit)
 Heap Region Size: 1M
 Heap Min Capacity: 8M
 Heap Initial Capacity: 62M
 Heap Max Capacity: 984M
 Pre-touch: Disabled
 Parallel Workers: 4
 Concurrent Workers: 1
 Concurrent Refinement Workers: 4
 Periodic GC: Disabled

Heap:
 garbage-first heap   total 63488K, used 8683K [0x00000000c2800000, 0x0000000100000000)
  region size 1024K, 5 young (5120K), 2 survivors (2048K)
 Metaspace       used 12329K, committed 12736K, reserved 1114112K
  class space    used 1460K, committed 1664K, reserved 1048576K

Heap Regions: E=young(eden), S=young(survivor), O=old, HS=humongous(starts), HC=humongous(continues), CS=collection set, F=free, TAMS=top-at-mark-start, PB=parsable bottom
|   0|0x00000000c2800000, 0x00000000c2900000, 0x00000000c2900000|100%| O|  |TAMS 0x00000000c2800000| PB 0x00000000c2800000| Untracked 
|   1|0x00000000c2900000, 0x00000000c2a00000, 0x00000000c2a00000|100%| O|  |TAMS 0x00000000c2900000| PB 0x00000000c2900000| Untracked 
|   2|0x00000000c2a00000, 0x00000000c2b00000, 0x00000000c2b00000|100%| O|  |TAMS 0x00000000c2a00000| PB 0x00000000c2a00000| Untracked 
|   3|0x00000000c2b00000, 0x00000000c2c00000, 0x00000000c2c00000|100%| O|  |TAMS 0x00000000c2b00000| PB 0x00000000c2b00000| Untracked 
|   4|0x00000000c2c00000, 0x00000000c2c7ac60, 0x00000000c2d00000| 47%| O|  |TAMS 0x00000000c2c00000| PB 0x00000000c2c00000| Untracked 
|   5|0x00000000c2d00000, 0x00000000c2d00000, 0x00000000c2e00000|  0%| F|  |TAMS 0x00000000c2d00000| PB 0x00000000c2d00000| Untracked 
|   6|0x00000000c2e00000, 0x00000000c2e00000, 0x00000000c2f00000|  0%| F|  |TAMS 0x00000000c2e00000| PB 0x00000000c2e00000| Untracked 
|   7|0x00000000c2f00000, 0x00000000c2f00000, 0x00000000c3000000|  0%| F|  |TAMS 0x00000000c2f00000| PB 0x00000000c2f00000| Untracked 
|   8|0x00000000c3000000, 0x00000000c3000000, 0x00000000c3100000|  0%| F|  |TAMS 0x00000000c3000000| PB 0x00000000c3000000| Untracked 
|   9|0x00000000c3100000, 0x00000000c3100000, 0x00000000c3200000|  0%| F|  |TAMS 0x00000000c3100000| PB 0x00000000c3100000| Untracked 
|  10|0x00000000c3200000, 0x00000000c3200000, 0x00000000c3300000|  0%| F|  |TAMS 0x00000000c3200000| PB 0x00000000c3200000| Untracked 
|  11|0x00000000c3300000, 0x00000000c3300000, 0x00000000c3400000|  0%| F|  |TAMS 0x00000000c3300000| PB 0x00000000c3300000| Untracked 
|  12|0x00000000c3400000, 0x00000000c3400000, 0x00000000c3500000|  0%| F|  |TAMS 0x00000000c3400000| PB 0x00000000c3400000| Untracked 
|  13|0x00000000c3500000, 0x00000000c3500000, 0x00000000c3600000|  0%| F|  |TAMS 0x00000000c3500000| PB 0x00000000c3500000| Untracked 
|  14|0x00000000c3600000, 0x00000000c3600000, 0x00000000c3700000|  0%| F|  |TAMS 0x00000000c3600000| PB 0x00000000c3600000| Untracked 
|  15|0x00000000c3700000, 0x00000000c3700000, 0x00000000c3800000|  0%| F|  |TAMS 0x00000000c3700000| PB 0x00000000c3700000| Untracked 
|  16|0x00000000c3800000, 0x00000000c3800000, 0x00000000c3900000|  0%| F|  |TAMS 0x00000000c3800000| PB 0x00000000c3800000| Untracked 
|  17|0x00000000c3900000, 0x00000000c3900000, 0x00000000c3a00000|  0%| F|  |TAMS 0x00000000c3900000| PB 0x00000000c3900000| Untracked 
|  18|0x00000000c3a00000, 0x00000000c3a00000, 0x00000000c3b00000|  0%| F|  |TAMS 0x00000000c3a00000| PB 0x00000000c3a00000| Untracked 
|  19|0x00000000c3b00000, 0x00000000c3b00000, 0x00000000c3c00000|  0%| F|  |TAMS 0x00000000c3b00000| PB 0x00000000c3b00000| Untracked 
|  20|0x00000000c3c00000, 0x00000000c3c00000, 0x00000000c3d00000|  0%| F|  |TAMS 0x00000000c3c00000| PB 0x00000000c3c00000| Untracked 
|  21|0x00000000c3d00000, 0x00000000c3d00000, 0x00000000c3e00000|  0%| F|  |TAMS 0x00000000c3d00000| PB 0x00000000c3d00000| Untracked 
|  22|0x00000000c3e00000, 0x00000000c3e00000, 0x00000000c3f00000|  0%| F|  |TAMS 0x00000000c3e00000| PB 0x00000000c3e00000| Untracked 
|  23|0x00000000c3f00000, 0x00000000c3f00000, 0x00000000c4000000|  0%| F|  |TAMS 0x00000000c3f00000| PB 0x00000000c3f00000| Untracked 
|  24|0x00000000c4000000, 0x00000000c4000000, 0x00000000c4100000|  0%| F|  |TAMS 0x00000000c4000000| PB 0x00000000c4000000| Untracked 
|  25|0x00000000c4100000, 0x00000000c4100000, 0x00000000c4200000|  0%| F|  |TAMS 0x00000000c4100000| PB 0x00000000c4100000| Untracked 
|  26|0x00000000c4200000, 0x00000000c4200000, 0x00000000c4300000|  0%| F|  |TAMS 0x00000000c4200000| PB 0x00000000c4200000| Untracked 
|  27|0x00000000c4300000, 0x00000000c4300000, 0x00000000c4400000|  0%| F|  |TAMS 0x00000000c4300000| PB 0x00000000c4300000| Untracked 
|  28|0x00000000c4400000, 0x00000000c4400000, 0x00000000c4500000|  0%| F|  |TAMS 0x00000000c4400000| PB 0x00000000c4400000| Untracked 
|  29|0x00000000c4500000, 0x00000000c4500000, 0x00000000c4600000|  0%| F|  |TAMS 0x00000000c4500000| PB 0x00000000c4500000| Untracked 
|  30|0x00000000c4600000, 0x00000000c4600000, 0x00000000c4700000|  0%| F|  |TAMS 0x00000000c4600000| PB 0x00000000c4600000| Untracked 
|  31|0x00000000c4700000, 0x00000000c4700000, 0x00000000c4800000|  0%| F|  |TAMS 0x00000000c4700000| PB 0x00000000c4700000| Untracked 
|  32|0x00000000c4800000, 0x00000000c4800000, 0x00000000c4900000|  0%| F|  |TAMS 0x00000000c4800000| PB 0x00000000c4800000| Untracked 
|  33|0x00000000c4900000, 0x00000000c4900000, 0x00000000c4a00000|  0%| F|  |TAMS 0x00000000c4900000| PB 0x00000000c4900000| Untracked 
|  34|0x00000000c4a00000, 0x00000000c4a00000, 0x00000000c4b00000|  0%| F|  |TAMS 0x00000000c4a00000| PB 0x00000000c4a00000| Untracked 
|  35|0x00000000c4b00000, 0x00000000c4b00000, 0x00000000c4c00000|  0%| F|  |TAMS 0x00000000c4b00000| PB 0x00000000c4b00000| Untracked 
|  36|0x00000000c4c00000, 0x00000000c4c00000, 0x00000000c4d00000|  0%| F|  |TAMS 0x00000000c4c00000| PB 0x00000000c4c00000| Untracked 
|  37|0x00000000c4d00000, 0x00000000c4d00000, 0x00000000c4e00000|  0%| F|  |TAMS 0x00000000c4d00000| PB 0x00000000c4d00000| Untracked 
|  38|0x00000000c4e00000, 0x00000000c4e00000, 0x00000000c4f00000|  0%| F|  |TAMS 0x00000000c4e00000| PB 0x00000000c4e00000| Untracked 
|  39|0x00000000c4f00000, 0x00000000c4f00000, 0x00000000c5000000|  0%| F|  |TAMS 0x00000000c4f00000| PB 0x00000000c4f00000| Untracked 
|  40|0x00000000c5000000, 0x00000000c5000000, 0x00000000c5100000|  0%| F|  |TAMS 0x00000000c5000000| PB 0x00000000c5000000| Untracked 
|  41|0x00000000c5100000, 0x00000000c5100000, 0x00000000c5200000|  0%| F|  |TAMS 0x00000000c5100000| PB 0x00000000c5100000| Untracked 
|  42|0x00000000c5200000, 0x00000000c5200000, 0x00000000c5300000|  0%| F|  |TAMS 0x00000000c5200000| PB 0x00000000c5200000| Untracked 
|  43|0x00000000c5300000, 0x00000000c5300000, 0x00000000c5400000|  0%| F|  |TAMS 0x00000000c5300000| PB 0x00000000c5300000| Untracked 
|  44|0x00000000c5400000, 0x00000000c5400000, 0x00000000c5500000|  0%| F|  |TAMS 0x00000000c5400000| PB 0x00000000c5400000| Untracked 
|  45|0x00000000c5500000, 0x00000000c5600000, 0x00000000c5600000|100%| S|CS|TAMS 0x00000000c5500000| PB 0x00000000c5500000| Complete 
|  46|0x00000000c5600000, 0x00000000c5700000, 0x00000000c5700000|100%| S|CS|TAMS 0x00000000c5600000| PB 0x00000000c5600000| Complete 
|  47|0x00000000c5700000, 0x00000000c5700000, 0x00000000c5800000|  0%| F|  |TAMS 0x00000000c5700000| PB 0x00000000c5700000| Untracked 
|  48|0x00000000c5800000, 0x00000000c5800000, 0x00000000c5900000|  0%| F|  |TAMS 0x00000000c5800000| PB 0x00000000c5800000| Untracked 
|  49|0x00000000c5900000, 0x00000000c5900000, 0x00000000c5a00000|  0%| F|  |TAMS 0x00000000c5900000| PB 0x00000000c5900000| Untracked 
|  50|0x00000000c5a00000, 0x00000000c5a00000, 0x00000000c5b00000|  0%| F|  |TAMS 0x00000000c5a00000| PB 0x00000000c5a00000| Untracked 
|  51|0x00000000c5b00000, 0x00000000c5b00000, 0x00000000c5c00000|  0%| F|  |TAMS 0x00000000c5b00000| PB 0x00000000c5b00000| Untracked 
|  52|0x00000000c5c00000, 0x00000000c5c00000, 0x00000000c5d00000|  0%| F|  |TAMS 0x00000000c5c00000| PB 0x00000000c5c00000| Untracked 
|  53|0x00000000c5d00000, 0x00000000c5d00000, 0x00000000c5e00000|  0%| F|  |TAMS 0x00000000c5d00000| PB 0x00000000c5d00000| Untracked 
|  54|0x00000000c5e00000, 0x00000000c5e00000, 0x00000000c5f00000|  0%| F|  |TAMS 0x00000000c5e00000| PB 0x00000000c5e00000| Untracked 
|  55|0x00000000c5f00000, 0x00000000c5f00000, 0x00000000c6000000|  0%| F|  |TAMS 0x00000000c5f00000| PB 0x00000000c5f00000| Untracked 
|  56|0x00000000c6000000, 0x00000000c6000000, 0x00000000c6100000|  0%| F|  |TAMS 0x00000000c6000000| PB 0x00000000c6000000| Untracked 
|  57|0x00000000c6100000, 0x00000000c6100000, 0x00000000c6200000|  0%| F|  |TAMS 0x00000000c6100000| PB 0x00000000c6100000| Untracked 
|  58|0x00000000c6200000, 0x00000000c6200000, 0x00000000c6300000|  0%| F|  |TAMS 0x00000000c6200000| PB 0x00000000c6200000| Untracked 
|  59|0x00000000c6300000, 0x00000000c633bfa8, 0x00000000c6400000| 23%| E|  |TAMS 0x00000000c6300000| PB 0x00000000c6300000| Complete 
|  60|0x00000000c6400000, 0x00000000c6500000, 0x00000000c6500000|100%| E|CS|TAMS 0x00000000c6400000| PB 0x00000000c6400000| Complete 
|  61|0x00000000c6500000, 0x00000000c6600000, 0x00000000c6600000|100%| E|CS|TAMS 0x00000000c6500000| PB 0x00000000c6500000| Complete 

Card table byte_map: [0x0000021b1c3c0000,0x0000021b1c5b0000] _byte_map_base: 0x0000021b1bdac000

Marking Bits: (CMBitMap*) 0x0000021b04d989b0
 Bits: [0x0000021b1c5b0000, 0x0000021b1d510000)

Polling page: 0x0000021b02d30000

Metaspace:

Usage:
  Non-class:     10.61 MB used.
      Class:      1.43 MB used.
       Both:     12.04 MB used.

Virtual space:
  Non-class space:       64.00 MB reserved,      10.81 MB ( 17%) committed,  1 nodes.
      Class space:        1.00 GB reserved,       1.62 MB ( <1%) committed,  1 nodes.
             Both:        1.06 GB reserved,      12.44 MB (  1%) committed. 

Chunk freelists:
   Non-Class:  4.47 MB
       Class:  14.41 MB
        Both:  18.89 MB

MaxMetaspaceSize: unlimited
CompressedClassSpaceSize: 1.00 GB
Initial GC threshold: 21.00 MB
Current GC threshold: 21.00 MB
CDS: on
 - commit_granule_bytes: 65536.
 - commit_granule_words: 8192.
 - virtual_space_node_default_size: 8388608.
 - enlarge_chunks_in_place: 1.
 - use_allocation_guard: 0.


Internal statistics:

num_allocs_failed_limit: 0.
num_arena_births: 342.
num_arena_deaths: 0.
num_vsnodes_births: 2.
num_vsnodes_deaths: 0.
num_space_committed: 199.
num_space_uncommitted: 0.
num_chunks_returned_to_freelist: 0.
num_chunks_taken_from_freelist: 627.
num_chunk_merges: 0.
num_chunk_splits: 369.
num_chunks_enlarged: 210.
num_inconsistent_stats: 0.

CodeHeap 'non-profiled nmethods': size=120000Kb used=618Kb max_used=618Kb free=119381Kb
 bounds [0x0000021b14ca0000, 0x0000021b14f10000, 0x0000021b1c1d0000]
CodeHeap 'profiled nmethods': size=120000Kb used=3379Kb max_used=3379Kb free=116620Kb
 bounds [0x0000021b0d1d0000, 0x0000021b0d520000, 0x0000021b14700000]
CodeHeap 'non-nmethods': size=5760Kb used=1456Kb max_used=1473Kb free=4303Kb
 bounds [0x0000021b14700000, 0x0000021b14970000, 0x0000021b14ca0000]
 total_blobs=2327 nmethods=1783 adapters=449
 compilation: enabled
              stopped_count=0, restarted_count=0
 full_count=0

Compilation events (20 events):
Event: 10.843 Thread 0x0000021b1f97db80 1774       3       org.openqa.selenium.internal.Require::nonNull (27 bytes)
Event: 10.844 Thread 0x0000021b1f97a840 1776       4       java.lang.invoke.MethodType::makeImpl (109 bytes)
Event: 10.844 Thread 0x0000021b1f97db80 nmethod 1774 0x0000021b0d514210 code [0x0000021b0d514480, 0x0000021b0d514fb0]
Event: 10.844 Thread 0x0000021b1f97db80 1775       3       java.lang.invoke.LambdaForm$DMH/0x0000021b21099400::invokeStatic (31 bytes)
Event: 10.845 Thread 0x0000021b1f97db80 nmethod 1775 0x0000021b0d515390 code [0x0000021b0d515560, 0x0000021b0d5159a0]
Event: 10.845 Thread 0x0000021b1f97db80 1778       3       org.openqa.selenium.json.Types::narrow (49 bytes)
Event: 10.846 Thread 0x0000021b1f97db80 nmethod 1778 0x0000021b0d515a90 code [0x0000021b0d515cc0, 0x0000021b0d5164d0]
Event: 10.846 Thread 0x0000021b1f97db80 1779       3       java.util.LinkedHashMap$LinkedKeyIterator::next (8 bytes)
Event: 10.846 Thread 0x0000021b1f97db80 nmethod 1779 0x0000021b0d516710 code [0x0000021b0d5168c0, 0x0000021b0d516a18]
Event: 10.847 Thread 0x0000021b1f97db80 1780       3       java.util.ArrayDeque::dec (13 bytes)
Event: 10.848 Thread 0x0000021b1f97db80 nmethod 1780 0x0000021b0d516b10 code [0x0000021b0d516ca0, 0x0000021b0d516dc8]
Event: 10.848 Thread 0x0000021b1f97db80 1781       3       java.util.ArrayDeque::addFirst (51 bytes)
Event: 10.848 Thread 0x0000021b1f97db80 nmethod 1781 0x0000021b0d516e90 code [0x0000021b0d517080, 0x0000021b0d517540]
Event: 10.855 Thread 0x0000021b1f97db80 1783       3       java.lang.invoke.InvokerBytecodeGenerator::emitStoreInsn (21 bytes)
Event: 10.855 Thread 0x0000021b1f97db80 nmethod 1783 0x0000021b0d517710 code [0x0000021b0d5178e0, 0x0000021b0d517b38]
Event: 10.856 Thread 0x0000021b1f97db80 1784       3       java.lang.invoke.InnerClassLambdaMetafactory$ForwardingMethodGenerator::generate (272 bytes)
Event: 10.859 Thread 0x0000021b1f97db80 nmethod 1784 0x0000021b0d517c90 code [0x0000021b0d518040, 0x0000021b0d519c78]
Event: 10.862 Thread 0x0000021b1f97db80 1785       3       sun.invoke.util.VerifyAccess::isModuleAccessible (97 bytes)
Event: 10.864 Thread 0x0000021b1f97db80 nmethod 1785 0x0000021b0d51a510 code [0x0000021b0d51a7e0, 0x0000021b0d51b4b0]
Event: 10.864 Thread 0x0000021b1f97db80 1786       3       java.util.jar.JarFile::getVersionedEntry (133 bytes)

GC Heap History (4 events):
Event: 3.727 GC heap before
{Heap before GC invocations=0 (full 0):
 garbage-first heap   total 63488K, used 12288K [0x00000000c2800000, 0x0000000100000000)
  region size 1024K, 13 young (13312K), 0 survivors (0K)
 Metaspace       used 4722K, committed 4928K, reserved 1114112K
  class space    used 555K, committed 640K, reserved 1048576K
}
Event: 3.743 GC heap after
{Heap after GC invocations=1 (full 0):
 garbage-first heap   total 63488K, used 4288K [0x00000000c2800000, 0x0000000100000000)
  region size 1024K, 2 young (2048K), 2 survivors (2048K)
 Metaspace       used 4722K, committed 4928K, reserved 1114112K
  class space    used 555K, committed 640K, reserved 1048576K
}
Event: 5.863 GC heap before
{Heap before GC invocations=1 (full 0):
 garbage-first heap   total 63488K, used 16576K [0x00000000c2800000, 0x0000000100000000)
  region size 1024K, 15 young (15360K), 2 survivors (2048K)
 Metaspace       used 11429K, committed 11712K, reserved 1114112K
  class space    used 1322K, committed 1472K, reserved 1048576K
}
Event: 5.872 GC heap after
{Heap after GC invocations=2 (full 0):
 garbage-first heap   total 63488K, used 6635K [0x00000000c2800000, 0x0000000100000000)
  region size 1024K, 2 young (2048K), 2 survivors (2048K)
 Metaspace       used 11429K, committed 11712K, reserved 1114112K
  class space    used 1322K, committed 1472K, reserved 1048576K
}

Dll operation events (12 events):
Event: 0.065 Loaded shared library C:\Program Files\Java\jdk-21\bin\java.dll
Event: 0.228 Loaded shared library C:\Program Files\Java\jdk-21\bin\jsvml.dll
Event: 0.540 Loaded shared library C:\Program Files\Java\jdk-21\bin\zip.dll
Event: 0.553 Loaded shared library C:\Program Files\Java\jdk-21\bin\instrument.dll
Event: 0.565 Loaded shared library C:\Program Files\Java\jdk-21\bin\net.dll
Event: 0.574 Loaded shared library C:\Program Files\Java\jdk-21\bin\nio.dll
Event: 0.589 Loaded shared library C:\Program Files\Java\jdk-21\bin\zip.dll
Event: 0.616 Loaded shared library C:\Program Files\JetBrains\IntelliJ IDEA Community Edition 2023.3.3\bin\breakgen64.dll
Event: 0.650 Loaded shared library C:\Program Files\Java\jdk-21\bin\extnet.dll
Event: 0.796 Loaded shared library C:\Program Files\Java\jdk-21\bin\verify.dll
Event: 1.153 Loaded shared library C:\Program Files\Java\jdk-21\bin\jimage.dll
Event: 5.025 Loaded shared library C:\Program Files\Java\jdk-21\bin\sunmscapi.dll

Deoptimization events (20 events):
Event: 5.526 Thread 0x0000021b04d5ecf0 Uncommon trap: trap_request=0xffffffde fr.pc=0x0000021b14d2a1dc relative=0x000000000000013c
Event: 5.526 Thread 0x0000021b04d5ecf0 Uncommon trap: reason=class_check action=maybe_recompile pc=0x0000021b14d2a1dc method=jdk.internal.misc.Unsafe.allocateUninitializedArray(Ljava/lang/Class;I)Ljava/lang/Object; @ 51 c2
Event: 5.526 Thread 0x0000021b04d5ecf0 DEOPT PACKING pc=0x0000021b14d2a1dc sp=0x000000f1d89fcfa0
Event: 5.526 Thread 0x0000021b04d5ecf0 DEOPT UNPACKING pc=0x0000021b147546a2 sp=0x000000f1d89fcf18 mode 2
Event: 5.526 Thread 0x0000021b04d5ecf0 Uncommon trap: trap_request=0xffffffde fr.pc=0x0000021b14d2a1dc relative=0x000000000000013c
Event: 5.526 Thread 0x0000021b04d5ecf0 Uncommon trap: reason=class_check action=maybe_recompile pc=0x0000021b14d2a1dc method=jdk.internal.misc.Unsafe.allocateUninitializedArray(Ljava/lang/Class;I)Ljava/lang/Object; @ 51 c2
Event: 5.526 Thread 0x0000021b04d5ecf0 DEOPT PACKING pc=0x0000021b14d2a1dc sp=0x000000f1d89fcf30
Event: 5.526 Thread 0x0000021b04d5ecf0 DEOPT UNPACKING pc=0x0000021b147546a2 sp=0x000000f1d89fcea8 mode 2
Event: 5.526 Thread 0x0000021b04d5ecf0 Uncommon trap: trap_request=0xffffffde fr.pc=0x0000021b14d2a1dc relative=0x000000000000013c
Event: 5.526 Thread 0x0000021b04d5ecf0 Uncommon trap: reason=class_check action=maybe_recompile pc=0x0000021b14d2a1dc method=jdk.internal.misc.Unsafe.allocateUninitializedArray(Ljava/lang/Class;I)Ljava/lang/Object; @ 51 c2
Event: 5.526 Thread 0x0000021b04d5ecf0 DEOPT PACKING pc=0x0000021b14d2a1dc sp=0x000000f1d89fcea0
Event: 5.526 Thread 0x0000021b04d5ecf0 DEOPT UNPACKING pc=0x0000021b147546a2 sp=0x000000f1d89fce18 mode 2
Event: 5.526 Thread 0x0000021b04d5ecf0 Uncommon trap: trap_request=0xffffffde fr.pc=0x0000021b14d2a1dc relative=0x000000000000013c
Event: 5.526 Thread 0x0000021b04d5ecf0 Uncommon trap: reason=class_check action=maybe_recompile pc=0x0000021b14d2a1dc method=jdk.internal.misc.Unsafe.allocateUninitializedArray(Ljava/lang/Class;I)Ljava/lang/Object; @ 51 c2
Event: 5.527 Thread 0x0000021b04d5ecf0 DEOPT PACKING pc=0x0000021b14d2a1dc sp=0x000000f1d89fcee0
Event: 5.527 Thread 0x0000021b04d5ecf0 DEOPT UNPACKING pc=0x0000021b147546a2 sp=0x000000f1d89fce58 mode 2
Event: 5.670 Thread 0x0000021b04d5ecf0 Uncommon trap: trap_request=0xffffffde fr.pc=0x0000021b14d2afac relative=0x000000000000044c
Event: 5.670 Thread 0x0000021b04d5ecf0 Uncommon trap: reason=class_check action=maybe_recompile pc=0x0000021b14d2afac method=java.lang.String.<init>(Ljava/lang/AbstractStringBuilder;Ljava/lang/Void;)V @ 10 c2
Event: 5.670 Thread 0x0000021b04d5ecf0 DEOPT PACKING pc=0x0000021b14d2afac sp=0x000000f1d89fdfa0
Event: 5.670 Thread 0x0000021b04d5ecf0 DEOPT UNPACKING pc=0x0000021b147546a2 sp=0x000000f1d89fdf68 mode 2

Classes loaded (20 events):
Event: 10.778 Loading class java/util/stream/ReferencePipeline$5
Event: 10.779 Loading class java/util/stream/LongPipeline$StatelessOp
Event: 10.779 Loading class java/util/stream/LongPipeline
Event: 10.780 Loading class java/util/stream/LongStream
Event: 10.781 Loading class java/util/stream/LongStream done
Event: 10.781 Loading class java/util/stream/LongPipeline done
Event: 10.781 Loading class java/util/stream/LongPipeline$StatelessOp done
Event: 10.781 Loading class java/util/stream/ReferencePipeline$5 done
Event: 10.782 Loading class java/util/stream/FindOps$FindSink$OfLong
Event: 10.782 Loading class java/util/stream/Sink$OfLong
Event: 10.782 Loading class java/util/stream/Sink$OfLong done
Event: 10.783 Loading class java/util/stream/FindOps$FindSink$OfLong done
Event: 10.783 Loading class java/util/OptionalLong
Event: 10.783 Loading class java/util/OptionalLong done
Event: 10.787 Loading class java/util/stream/ReferencePipeline$5$1
Event: 10.787 Loading class java/util/stream/ReferencePipeline$5$1 done
Event: 10.788 Loading class java/lang/invoke/VarHandleBytes$FieldInstanceReadWrite
Event: 10.790 Loading class java/lang/invoke/VarHandleBytes$FieldInstanceReadOnly
Event: 10.790 Loading class java/lang/invoke/VarHandleBytes$FieldInstanceReadOnly done
Event: 10.790 Loading class java/lang/invoke/VarHandleBytes$FieldInstanceReadWrite done

Classes unloaded (0 events):
No events

Classes redefined (0 events):
No events

Internal exceptions (20 events):
Event: 3.937 Thread 0x0000021b04d5ecf0 Exception <a 'java/lang/NoSuchMethodError'{0x00000000c6469298}: 'java.lang.Object java.lang.invoke.DelegatingMethodHandle$Holder.delegate(java.lang.Object, int, java.lang.Object, java.lang.Object)'> (0x00000000c6469298) 
thrown [s\open\src\hotspot\share\interpreter\linkResolver.cpp, line 773]
Event: 3.942 Thread 0x0000021b04d5ecf0 Exception <a 'java/lang/NoSuchMethodError'{0x00000000c6478808}: 'int java.lang.invoke.Invokers$Holder.linkToTargetMethod(java.lang.Object, java.lang.Object, java.lang.Object)'> (0x00000000c6478808) 
thrown [s\open\src\hotspot\share\interpreter\linkResolver.cpp, line 773]
Event: 4.176 Thread 0x0000021b04d5ecf0 Exception <a 'sun/nio/fs/WindowsException'{0x00000000c639f5a8}> (0x00000000c639f5a8) 
thrown [s\open\src\hotspot\share\prims\jni.cpp, line 520]
Event: 4.726 Thread 0x0000021b04d5ecf0 Exception <a 'java/lang/NoSuchMethodError'{0x00000000c5d680f8}: 'java.lang.Object java.lang.invoke.DirectMethodHandle$Holder.invokeStaticInit(java.lang.Object, int, int, int, int)'> (0x00000000c5d680f8) 
thrown [s\open\src\hotspot\share\interpreter\linkResolver.cpp, line 773]
Event: 4.859 Thread 0x0000021b04d5ecf0 Exception <a 'java/lang/NoSuchMethodError'{0x00000000c5dac330}: 'java.lang.Object java.lang.invoke.DirectMethodHandle$Holder.invokeStaticInit(java.lang.Object, java.lang.Object, int, int, int, int)'> (0x00000000c5dac330) 
thrown [s\open\src\hotspot\share\interpreter\linkResolver.cpp, line 773]
Event: 5.195 Thread 0x0000021b04d5ecf0 Exception <a 'java/lang/NoSuchMethodError'{0x00000000c5cce900}: 'java.lang.Object java.lang.invoke.DirectMethodHandle$Holder.invokeInterface(java.lang.Object, java.lang.Object, java.lang.Object)'> (0x00000000c5cce900) 
thrown [s\open\src\hotspot\share\interpreter\linkResolver.cpp, line 773]
Event: 5.196 Thread 0x0000021b04d5ecf0 
Event: 5.198 Thread 0x0000021b04d5ecf0 
Event: 5.208 Thread 0x0000021b04d5ecf0 




0x00007ff9423c0000 - 0x00007ff9423fb000 	C:\WINDOWS\SYSTEM32\IPHLPAPI.DLL
0x00007ff945150000 - 0x00007ff945158000 	C:\WINDOWS\System32\NSI.dll
0x00007ff935760000 - 0x00007ff93576a000 	C:\Windows\System32\rasadhlp.dll
0x00007ff935780000 - 0x00007ff935800000 	C:\WINDOWS\System32\fwpuclnt.dll
0x00007ff9428c0000 - 0x00007ff9428d8000 	C:\WINDOWS\SYSTEM32\CRYPTSP.dll
0x00007ff942000000 - 0x00007ff942034000 	C:\WINDOWS\system32\rsaenh.dll
0x00007ff942ec0000 - 0x00007ff942eee000 	C:\WINDOWS\SYSTEM32\USERENV.dll
0x00007ff9428e0000 - 0x00007ff9428ec000 	C:\WINDOWS\SYSTEM32\CRYPTBASE.dll
0x00007ff924420000 - 0x00007ff92442e000 	C:\Program Files\Java\jdk-21\bin\sunmscapi.dll
0x00007ff9432e0000 - 0x00007ff94343d000 	C:\WINDOWS\System32\CRYPT32.dll
0x00007ff9429e0000 - 0x00007ff942a08000 	C:\WINDOWS\SYSTEM32\ncrypt.dll
0x00007ff9429a0000 - 0x00007ff9429db000 	C:\WINDOWS\SYSTEM32\NTASN1.dll
0x00007ff922ba0000 - 0x00007ff922ba7000 	C:\WINDOWS\system32\wshunix.dll

dbghelp: loaded successfully - version: 4.0.5 - missing functions: none
symbol engine: initialized successfully - sym options: 0x614 - pdb path: .;C:\Program Files\Java\jdk-21\bin;C:\WINDOWS\SYSTEM32;C:\WINDOWS\WinSxS\amd64_microsoft.windows.common-controls_6595b64144ccf1df_6.0.19041.3636_none_60b6a03d71f818d5;C:\Program Files\Java\jdk-21\bin\server;C:\Program Files\JetBrains\IntelliJ IDEA Community Edition 2023.3.3\bin

VM Arguments:
jvm_args: -ea -Didea.test.cyclic.buffer.size=1048576 -javaagent:C:\Program Files\JetBrains\IntelliJ IDEA Community Edition 2023.3.3\lib\idea_rt.jar=54924:C:\Program Files\JetBrains\IntelliJ IDEA Community Edition 2023.3.3\bin -Dfile.encoding=UTF-8 -Dsun.stdout.encoding=UTF-8 -Dsun.stderr.encoding=UTF-8 
java_command: com.intellij.rt.junit.JUnitStarter -ideVersion5 -junit4 Homeworks.day04.HW002,test
java_class_path (initial): C:\Program Files\JetBrains\IntelliJ IDEA Community Edition 2023.3.3\lib\idea_rt.jar;C:\Program Files\JetBrains\IntelliJ IDEA Community Edition 2023.3.3\plugins\junit\lib\junit5-rt.jar;C:\Program Files\JetBrains\IntelliJ IDEA Community Edition 2023.3.3\plugins\junit\lib\junit-rt.jar;C:\Users\Abbey\IdeaProjects\SDA2024_ONSITE_SELENUM\target\test-classes;C:\Users\Abbey\.m2\repository\org\seleniumhq\selenium\selenium-java\4.17.0\selenium-java-4.17.0.jar;C:\Users\Abbey\.m2\repository\org\seleniumhq\selenium\selenium-api\4.17.0\selenium-api-4.17.0.jar;C:\Users\Abbey\.m2\repository\org\seleniumhq\selenium\selenium-chrome-driver\4.17.0\selenium-chrome-driver-4.17.0.jar;C:\Users\Abbey\.m2\repository\com\google\auto\service\auto-service-annotations\1.1.1\auto-service-annotations-1.1.1.jar;C:\Users\Abbey\.m2\repository\org\seleniumhq\selenium\selenium-chromium-driver\4.17.0\selenium-chromium-driver-4.17.0.jar;C:\Users\Abbey\.m2\repository\org\seleniumhq\selenium\selenium-json\4.17.0\selenium-json-4.17.0.jar;C:\Users\Abbey\.m2\repository\org\seleniumhq\selenium\selenium-manager\4.17.0\selenium-manager-4.17.0.jar;C:\Users\Abbey\.m2\repository\org\seleniumhq\selenium\selenium-devtools-v119\4.17.0\selenium-devtools-v119-4.17.0.jar;C:\Users\Abbey\.m2\repository\org\seleniumhq\selenium\selenium-devtools-v120\4.17.0\selenium-devtools-v120-4.17.0.jar;C:\Users\Abbey\.m2\repository\org\seleniumhq\selenium\selenium-devtools-v121\4.17.0\selenium-devtools-v121-4.17.0.jar;C:\Users\Abbey\.m2\repository\org\seleniumhq\selenium\selenium-devtools-v85\4.17.0\selenium-devtools-v85-4.17.0.jar;C:\Users\Abbey\.m2\repository\org\seleniumhq\selenium\selenium-edge-driver\4.17.0\selenium-edge-driver-4.17.0.jar;C:\Users\Abbey\.m2\repository\org\seleniumhq\selenium\selenium-firefox-driver\4.17.0\selenium-firefox-driver-4.17.0.jar;C:\Users\Abbey\.m2\repository\org\seleniumhq\selenium\selenium-http\4.17.0\selenium-http-4.17.0.jar;C:\Users\Abbey\.m2\repository\dev\failsafe\failsafe\3.3.2\failsafe-3.3.2.jar;C:\Users\Abbey\.m2\repository\org\seleniumhq\selenium\selenium-ie-driver\4.17.0\selenium-ie-driver-4.17.0.jar;C:\Users\Abbey\.m2\repository\org\seleniumhq\selenium\selenium-remote-driver\4.17.0\selenium-remote-driver-4.17.0.jar;C:\Users\Abbey\.m2\repository\com\google\guava\guava\33.0.0-jre\guava-33.0.0-jre.jar;C:\Users\Abbey\.m2\repository\com\google\guava\failureaccess\1.0.2\failureaccess-1.0.2.jar;C:\Users\Abbey\.m2\repository\com\google\guava\listenablefuture\9999.0-empty-to-avoid-conflict-with-guava\listenablefuture-9999.0-empty-to-avoid-conflict-with-guava.jar;C:\Users\Abbey\.m2\repository\com\google\code\findbugs\jsr305\3.0.2\jsr305-3.0.2.jar;C:\Users\Abbey\.m2\repository\org\checkerframework\checker-qual\3.41.0\checker-qual-3.41.0.jar;C:\Users\Abbey\.m2\repository\com\google\errorprone\error_prone_annotations\2.23.0\error_prone_annotations-2.23.0.jar;C:\Users\Abbey\.m2\repository\com\google\j2objc\j2objc-annotations\2.8\j2objc-annotations-2.8.jar;C:\Users\Abbey\.m2\repository\io\opentelemetry\semconv\opentelemetry-semconv\1.23.1-alpha\opentelemetry-semconv-1.23.1-alpha.jar;C:\Users\Abbey\.m2\repository\io\opentelemetry\opentelemetry-api\1.34.1\opentelemetry-api-1.34.1.jar;C:\Users\Abbey\.m2\repository\io\opentelemetry\opentelemetry-context\1.34.1\opentelemetry-context-1.34.1.jar;C:\Users\Abbey\.m2\repository\io\opentelemetry\opentelemetry-exporter-logging\1.34.1\opentelemetry-exporter-logging-1.34.1.jar;C:\Users\Abbey\.m2\repository\io\opentelemetry\opentelemetry-sdk-common\1.34.1\opentelemetry-sdk-common-1.34.1.jar;C:\Users\Abbey\.m2\repository\io\opentelemetry\opentelemetry-sdk-extension-autoconfigure-spi\1.34.1\opentelemetry-sdk-extension-autoconfigure-spi-1.34.1.jar;C:\Users\Abbey\.m2\repository\io\opentelemetry\opentelemetry-sdk-extension-autoconfigure\1.34.1\opentelemetry-sdk-extension-autoconfigure-1.34.1.jar;C:\Users\Abbey\.m2\repository\io\opentelemetry\opentelemetry-api-events\1.34.1-alpha\opentelemetry-api-events-1.34.1-alpha.jar;C:\Users\Abbey\.m2\repository\io\opentelemetry\opentelemetry-sdk-trace\1.34.1\opentelemetry-sdk-trace-1.34.1.jar;C:\Users\Abbey\.m2\repository\io\opentelemetry\opentelemetry-sdk\1.34.1\opentelemetry-sdk-1.34.1.jar;C:\Users\Abbey\.m2\repository\io\opentelemetry\opentelemetry-sdk-metrics\1.34.1\opentelemetry-sdk-metrics-1.34.1.jar;C:\Users\Abbey\.m2\repository\io\opentelemetry\opentelemetry-extension-incubator\1.34.1-alpha\opentelemetry-extension-incubator-1.34.1-alpha.jar;C:\Users\Abbey\.m2\repository\io\opentelemetry\opentelemetry-sdk-logs\1.34.1\opentelemetry-sdk-logs-1.34.1.jar;C:\Users\Abbey\.m2\repository\net\bytebuddy\byte-buddy\1.14.11\byte-buddy-1.14.11.jar;C:\Users\Abbey\.m2\repository\org\seleniumhq\selenium\selenium-os\4.17.0\selenium-os-4.17.0.jar;C:\Users\Abbey\.m2\repository\org\apache\commons\commons-exec\1.3\commons-exec-1.3.jar;C:\Users\Abbey\.m2\repository\org\seleniumhq\selenium\selenium-safari-driver\4.17.0\selenium-safari-driver-4.17.0.jar;C:\Users\Abbey\.m2\repository\org\seleniumhq\selenium\selenium-support\4.17.0\selenium-support-4.17.0.jar;C:\Users\Abbey\.m2\repository\junit\junit\4.13.2\junit-4.13.2.jar;C:\Users\Abbey\.m2\repository\org\hamcrest\hamcrest-core\1.3\hamcrest-core-1.3.jar
Launcher Type: SUN_STANDARD

[Global flags]
     intx CICompilerCount                          = 3                                         {product} {ergonomic}
     uint ConcGCThreads                            = 1                                         {product} {ergonomic}
     uint G1ConcRefinementThreads                  = 4                                         {product} {ergonomic}
   size_t G1HeapRegionSize                         = 1048576                                   {product} {ergonomic}
    uintx GCDrainStackTargetSize                   = 64                                        {product} {ergonomic}
   size_t InitialHeapSize                          = 65011712                                  {product} {ergonomic}
   size_t MarkStackSize                            = 4194304                                   {product} {ergonomic}
   size_t MaxHeapSize                              = 1031798784                                {product} {ergonomic}
   size_t MaxNewSize                               = 618659840                                 {product} {ergonomic}
   size_t MinHeapDeltaBytes                        = 1048576                                   {product} {ergonomic}
   size_t MinHeapSize                              = 8388608                                   {product} {ergonomic}
    uintx NonNMethodCodeHeapSize                   = 5832780                                {pd product} {ergonomic}
    uintx NonProfiledCodeHeapSize                  = 122912730                              {pd product} {ergonomic}
    uintx ProfiledCodeHeapSize                     = 122912730                              {pd product} {ergonomic}
    uintx ReservedCodeCacheSize                    = 251658240                              {pd product} {ergonomic}
     bool SegmentedCodeCache                       = true                                      {product} {ergonomic}
   size_t SoftMaxHeapSize                          = 1031798784                             {manageable} {ergonomic}
     bool UseCompressedOops                        = true                           {product lp64_product} {ergonomic}
     bool UseG1GC                                  = true                                      {product} {ergonomic}
     bool UseLargePagesIndividualAllocation        = false                                  {pd product} {ergonomic}

Logging:
Log output configuration:
 #0: stdout all=warning uptime,level,tags foldmultilines=false
 #1: stderr all=off uptime,level,tags foldmultilines=false

Environment Variables:
JAVA_HOME=C:\Program Files\Java\jdk-21
PATH=C:\Program Files\Common Files\Oracle\Java\javapath;C:\Program Files (x86)\Intel\iCLS Client\;C:\Program Files\Intel\iCLS Client\;C:\WINDOWS\system32;C:\WINDOWS;C:\WINDOWS\System32\Wbem;C:\WINDOWS\System32\WindowsPowerShell\v1.0\;C:\Program Files (x86)\Intel\Intel(R) Management Engine Components\DAL;C:\Program Files\Intel\Intel(R) Management Engine Components\DAL;C:\Program Files (x86)\Intel\Intel(R) Management Engine Components\IPT;C:\Program Files\Intel\Intel(R) Management Engine Components\IPT;C:\Program Files\Intel\WiFi\bin\;C:\Program Files\Common Files\Intel\WirelessCommon\;C:\WINDOWS\System32\OpenSSH\;C:\xampp\php;C:\ProgramData\ComposerSetup\bin;C:\Program Files\Git\cmd;C:\Program Files\MySQL\MySQL Shell 8.0\bin\;C:\Users\Abbey\AppData\Local\Microsoft\WindowsApps;C:\Users\Abbey\AppData\Roaming\Composer\vendor\bin;C:\Users\Abbey\AppData\Local\Programs\Microsoft VS Code\bin;C:\Program Files\Java\jdk-21\bin;C:\Program Files\apache-maven-3.9.6\bin;
USERNAME=Abbey
OS=Windows_NT
PROCESSOR_IDENTIFIER=Intel64 Family 6 Model 142 Stepping 9, GenuineIntel
TMP=C:\Users\Abbey\AppData\Local\Temp
TEMP=C:\Users\Abbey\AppData\Local\Temp




Periodic native trim disabled

---------------  S Y S T E M  ---------------

OS:
 Windows 10 , 64 bit Build 19041 (10.0.19041.3636)
OS uptime: 0 days 5:01 hours

CPU: total 4 (initial active 4) (2 cores per cpu, 2 threads per core) family 6 model 142 stepping 9 microcode 0xb4, cx8, cmov, fxsr, ht, mmx, 3dnowpref, sse, sse2, sse3, ssse3, sse4.1, sse4.2, popcnt, lzcnt, tsc, tscinvbit, avx, avx2, aes, erms, clmul, bmi1, bmi2, adx, fma, vzeroupper, clflush, clflushopt, rdtscp, f16c
Processor Information for all 4 processors :
  Max Mhz: 1608, Current Mhz: 1005, Mhz Limit: 996

Memory: 4k page, system-wide physical 3930M (111M free)
TotalPageFile size 10795M (AvailPageFile size 2M)
current process WorkingSet (physical memory assigned to process): 86M, peak: 86M
current process commit charge ("private bytes"): 157M, peak: 157M

vm_info: Java HotSpot(TM) 64-Bit Server VM (21.0.2+13-LTS-58) for windows-amd64 JRE (21.0.2+13-LTS-58), built on 2024-01-05T18:32:24Z by "mach5one" with MS VC++ 17.1 (VS2022)

END.
