#
# There is insufficient memory for the Java Runtime Environment to continue.
# Native memory allocation (malloc) failed to allocate 1407536 bytes for Chunk::new
# Possible reasons:
#   The system is out of physical RAM or swap space
#   The process is running with CompressedOops enabled, and the Java Heap may be blocking the growth of the native heap
# Possible solutions:
#   Reduce memory load on the system
#   Increase physical memory or swap space
#   Check if swap backing store is full
#   Decrease Java heap size (-Xmx/-Xms)
#   Decrease number of Java threads
#   Decrease Java thread stack sizes (-Xss)
#   Set larger code cache with -XX:ReservedCodeCacheSize=
#   JVM is running with Unscaled Compressed Oops mode in which the Java heap is
#     placed in the first 4GB address space. The Java Heap base address is the
#     maximum limit for the native heap growth. Please use -XX:HeapBaseMinAddress
#     to set the Java Heap base and to place the Java Heap above 4GB virtual address.
# This output file may be truncated or incomplete.
#
#  Out of Memory Error (arena.cpp:168), pid=9980, tid=7188
#
# JRE version: Java(TM) SE Runtime Environment (21.0.2+13) (build 21.0.2+13-LTS-58)
# Java VM: Java HotSpot(TM) 64-Bit Server VM (21.0.2+13-LTS-58, mixed mode, sharing, tiered, compressed oops, compressed class ptrs, g1 gc, windows-amd64)
# No core dump will be written. Minidumps are not enabled by default on client versions of Windows
#

---------------  S U M M A R Y ------------

Command Line: -ea -Didea.test.cyclic.buffer.size=1048576 -javaagent:C:\Program Files\JetBrains\IntelliJ IDEA Community Edition 2023.3.3\lib\idea_rt.jar=57525:C:\Program Files\JetBrains\IntelliJ IDEA Community Edition 2023.3.3\bin -Dfile.encoding=UTF-8 -Dsun.stdout.encoding=UTF-8 -Dsun.stderr.encoding=UTF-8 com.intellij.rt.junit.JUnitStarter -ideVersion5 -junit4 Homeworks.day04.HW001,test

Host: Intel(R) Core(TM) m3-7Y30 CPU @ 1.00GHz, 4 cores, 3G,  Windows 10 , 64 bit Build 19041 (10.0.19041.3636)
Time: Mon Feb 26 15:24:35 2024 Arab Standard Time elapsed time: 10.467700 seconds (0d 0h 0m 10s)

---------------  T H R E A D  ---------------

Current thread (0x000001a7236d7120):  JavaThread "C2 CompilerThread0" daemon [_thread_in_native, id=7188, stack(0x0000009dbeb00000,0x0000009dbec00000) (1024K)]


Current CompileTask:
C2:  10467 1755       4       java.lang.invoke.MethodType::makeImpl (109 bytes)

Stack: [0x0000009dbeb00000,0x0000009dbec00000]
Native frames: (J=compiled Java code, j=interpreted, Vv=VM code, C=native code)
V  [jvm.dll+0x6cade9]
V  [jvm.dll+0x8569c1]
V  [jvm.dll+0x858d2e]
V  [jvm.dll+0x859413]
V  [jvm.dll+0x280e56]
V  [jvm.dll+0xc3f3d]
V  [jvm.dll+0xc4473]
V  [jvm.dll+0x3b5bf2]
V  [jvm.dll+0x382855]
V  [jvm.dll+0x381cca]
V  [jvm.dll+0x249bd0]
V  [jvm.dll+0x2491b1]
V  [jvm.dll+0x1c9634]
V  [jvm.dll+0x258859]
V  [jvm.dll+0x256e3a]
V  [jvm.dll+0x3ef6c6]
V  [jvm.dll+0x7ff568]
V  [jvm.dll+0x6c953d]
C  [ucrtbase.dll+0x21bb2]
C  [KERNEL32.DLL+0x17344]
C  [ntdll.dll+0x526b1]


---------------  P R O C E S S  ---------------

Threads class SMR info:
_java_thread_list=0x000001a769c47430, length=24, elements={
0x000001a706848710, 0x000001a7236bd830, 0x000001a7236be490, 0x000001a7236c1040,
0x000001a7236c3d30, 0x000001a7236c6f40, 0x000001a7236ca150, 0x000001a7236d7120,
0x000001a7236defe0, 0x000001a7236acfa0, 0x000001a7239dd2b0, 0x000001a7239e15e0,
0x000001a76923f420, 0x000001a7695f4990, 0x000001a7694d9d60, 0x000001a7696cb390,
0x000001a769604570, 0x000001a7694497b0, 0x000001a769becdb0, 0x000001a769bea650,
0x000001a769beb370, 0x000001a769bec720, 0x000001a769bed440, 0x000001a769beace0
}

Java Threads: ( => current thread )
  0x000001a706848710 JavaThread "main"                              [_thread_blocked, id=1364, stack(0x0000009dbdd00000,0x0000009dbde00000) (1024K)]
  0x000001a7236bd830 JavaThread "Reference Handler"          daemon [_thread_blocked, id=5368, stack(0x0000009dbe500000,0x0000009dbe600000) (1024K)]
  0x000001a7236be490 JavaThread "Finalizer"                  daemon [_thread_blocked, id=12640, stack(0x0000009dbe600000,0x0000009dbe700000) (1024K)]
  0x000001a7236c1040 JavaThread "Signal Dispatcher"          daemon [_thread_blocked, id=13248, stack(0x0000009dbe700000,0x0000009dbe800000) (1024K)]
  0x000001a7236c3d30 JavaThread "Attach Listener"            daemon [_thread_blocked, id=14708, stack(0x0000009dbe800000,0x0000009dbe900000) (1024K)]
  0x000001a7236c6f40 JavaThread "Service Thread"             daemon [_thread_blocked, id=8296, stack(0x0000009dbe900000,0x0000009dbea00000) (1024K)]
  0x000001a7236ca150 JavaThread "Monitor Deflation Thread"   daemon [_thread_blocked, id=12624, stack(0x0000009dbea00000,0x0000009dbeb00000) (1024K)]
=>0x000001a7236d7120 JavaThread "C2 CompilerThread0"         daemon [_thread_in_native, id=7188, stack(0x0000009dbeb00000,0x0000009dbec00000) (1024K)]
  0x000001a7236defe0 JavaThread "C1 CompilerThread0"         daemon [_thread_blocked, id=11868, stack(0x0000009dbec00000,0x0000009dbed00000) (1024K)]
  0x000001a7236acfa0 JavaThread "Common-Cleaner"             daemon [_thread_blocked, id=776, stack(0x0000009dbed00000,0x0000009dbee00000) (1024K)]
  0x000001a7239dd2b0 JavaThread "Monitor Ctrl-Break"         daemon [_thread_in_native, id=16420, stack(0x0000009dbee00000,0x0000009dbef00000) (1024K)]
  0x000001a7239e15e0 JavaThread "Notification Thread"        daemon [_thread_blocked, id=16432, stack(0x0000009dbef00000,0x0000009dbf000000) (1024K)]
  0x000001a76923f420 JavaThread "ForkJoinPool.commonPool-worker-1" daemon [_thread_blocked, id=11816, stack(0x0000009dbf000000,0x0000009dbf100000) (1024K)]
  0x000001a7695f4990 JavaThread "HttpClient-1-SelectorManager" daemon [_thread_in_native, id=12096, stack(0x0000009dbf400000,0x0000009dbf500000) (1024K)]
  0x000001a7694d9d60 JavaThread "External Process Output Forwarder - C:\Users\Abbey\.cache\selenium\chromedriver\win64\121.0.6167.184\chromedriver.exe" daemon [_thread_in_native, id=15124, stack(0x0000009dbf500000,0x0000009dbf600000) (1024K)]
  0x000001a7696cb390 JavaThread "Driver Service Executor"    daemon [_thread_blocked, id=6724, stack(0x0000009dbf600000,0x0000009dbf700000) (1024K)]
  0x000001a769604570 JavaThread "Driver Service Executor"    daemon [_thread_in_native, id=14932, stack(0x0000009dbf700000,0x0000009dbf800000) (1024K)]
  0x000001a7694497b0 JavaThread "UrlChecker-2"               daemon [_thread_blocked, id=16328, stack(0x0000009dbf800000,0x0000009dbf900000) (1024K)]
  0x000001a769becdb0 JavaThread "Keep-Alive-Timer"           daemon [_thread_blocked, id=12212, stack(0x0000009dbfa00000,0x0000009dbfb00000) (1024K)]
  0x000001a769bea650 JavaThread "pool-1-thread-1"                   [_thread_blocked, id=13968, stack(0x0000009dbfb00000,0x0000009dbfc00000) (1024K)]
  0x000001a769beb370 JavaThread "pool-1-thread-2"                   [_thread_blocked, id=224, stack(0x0000009dbfc00000,0x0000009dbfd00000) (1024K)]
  0x000001a769bec720 JavaThread "pool-1-thread-3"                   [_thread_blocked, id=9280, stack(0x0000009dbfd00000,0x0000009dbfe00000) (1024K)]
  0x000001a769bed440 JavaThread "HttpClient-2-SelectorManager" daemon [_thread_new, id=13108, stack(0x0000000000000000,0x0000000000000000) (0B)]
  0x000001a769beace0 JavaThread "pool-2-thread-1"                   [_thread_new, id=7492, stack(0x0000000000000000,0x0000000000000000) (0B)]
Total: 24

Other Threads:
  0x000001a708b6d5a0 VMThread "VM Thread"                           [id=15704, stack(0x0000009dbe400000,0x0000009dbe500000) (1024K)]
  0x000001a7236ac210 WatcherThread "VM Periodic Task Thread"        [id=7248, stack(0x0000009dbe300000,0x0000009dbe400000) (1024K)]
  0x000001a708aedac0 WorkerThread "GC Thread#0"                     [id=5252, stack(0x0000009dbde00000,0x0000009dbdf00000) (1024K)]
  0x000001a76924ccb0 WorkerThread "GC Thread#1"                     [id=4752, stack(0x0000009dbf100000,0x0000009dbf200000) (1024K)]
  0x000001a7692b9b90 WorkerThread "GC Thread#2"                     [id=8832, stack(0x0000009dbf200000,0x0000009dbf300000) (1024K)]
  0x000001a7692b9f30 WorkerThread "GC Thread#3"                     [id=12448, stack(0x0000009dbf300000,0x0000009dbf400000) (1024K)]
  0x000001a708af7670 ConcurrentGCThread "G1 Main Marker"            [id=16984, stack(0x0000009dbdf00000,0x0000009dbe000000) (1024K)]
  0x000001a708af8820 WorkerThread "G1 Conc#0"                       [id=4700, stack(0x0000009dbe000000,0x0000009dbe100000) (1024K)]
  0x000001a708b46fd0 ConcurrentGCThread "G1 Refine#0"               [id=6772, stack(0x0000009dbe100000,0x0000009dbe200000) (1024K)]
  0x000001a708b48900 ConcurrentGCThread "G1 Service"                [id=16236, stack(0x0000009dbe200000,0x0000009dbe300000) (1024K)]
Total: 10

Threads with active compile tasks:
C2 CompilerThread0    10538 1755       4       java.lang.invoke.MethodType::makeImpl (109 bytes)
Total: 1

VM state: not at safepoint (normal execution)

VM Mutex/Monitor currently owned by a thread: None

Heap address: 0x00000000c2800000, size: 984 MB, Compressed Oops mode: 32-bit

CDS archive(s) mapped at: [0x000001a724000000-0x000001a724c90000-0x000001a724c90000), size 13172736, SharedBaseAddress: 0x000001a724000000, ArchiveRelocationMode: 1.
Compressed class space mapped at: 0x000001a725000000-0x000001a765000000, reserved size: 1073741824
Narrow klass base: 0x000001a724000000, Narrow klass shift: 0, Narrow klass range: 0x100000000

GC Precious Log:
 CardTable entry size: 512
 Card Set container configuration: InlinePtr #cards 5 size 8 Array Of Cards #cards 12 size 40 Howl #buckets 4 coarsen threshold 1843 Howl Bitmap #cards 512 size 80 coarsen threshold 460 Card regions per heap region 1 cards per card region 2048
 CPUs: 4 total, 4 available
 Memory: 3930M
 Large Page Support: Disabled
 NUMA Support: Disabled
 Compressed Oops: Enabled (32-bit)
 Heap Region Size: 1M
 Heap Min Capacity: 8M
 Heap Initial Capacity: 62M
 Heap Max Capacity: 984M
 Pre-touch: Disabled
 Parallel Workers: 4
 Concurrent Workers: 1
 Concurrent Refinement Workers: 4
 Periodic GC: Disabled

Heap:
 garbage-first heap   total 63488K, used 9819K [0x00000000c2800000, 0x0000000100000000)
  region size 1024K, 6 young (6144K), 2 survivors (2048K)
 Metaspace       used 12520K, committed 12864K, reserved 1114112K
  class space    used 1501K, committed 1664K, reserved 1048576K

Heap Regions: E=young(eden), S=young(survivor), O=old, HS=humongous(starts), HC=humongous(continues), CS=collection set, F=free, TAMS=top-at-mark-start, PB=parsable bottom
|   0|0x00000000c2800000, 0x00000000c2900000, 0x00000000c2900000|100%| O|  |TAMS 0x00000000c2800000| PB 0x00000000c2800000| Untracked 
|   1|0x00000000c2900000, 0x00000000c2a00000, 0x00000000c2a00000|100%| O|  |TAMS 0x00000000c2900000| PB 0x00000000c2900000| Untracked 
|   2|0x00000000c2a00000, 0x00000000c2b00000, 0x00000000c2b00000|100%| O|  |TAMS 0x00000000c2a00000| PB 0x00000000c2a00000| Untracked 
|   3|0x00000000c2b00000, 0x00000000c2c00000, 0x00000000c2c00000|100%| O|  |TAMS 0x00000000c2b00000| PB 0x00000000c2b00000| Untracked 
|   4|0x00000000c2c00000, 0x00000000c2c96e30, 0x00000000c2d00000| 58%| O|  |TAMS 0x00000000c2c00000| PB 0x00000000c2c00000| Untracked 
|   5|0x00000000c2d00000, 0x00000000c2d00000, 0x00000000c2e00000|  0%| F|  |TAMS 0x00000000c2d00000| PB 0x00000000c2d00000| Untracked 
|   6|0x00000000c2e00000, 0x00000000c2e00000, 0x00000000c2f00000|  0%| F|  |TAMS 0x00000000c2e00000| PB 0x00000000c2e00000| Untracked 
|   7|0x00000000c2f00000, 0x00000000c2f00000, 0x00000000c3000000|  0%| F|  |TAMS 0x00000000c2f00000| PB 0x00000000c2f00000| Untracked 
|   8|0x00000000c3000000, 0x00000000c3000000, 0x00000000c3100000|  0%| F|  |TAMS 0x00000000c3000000| PB 0x00000000c3000000| Untracked 
|   9|0x00000000c3100000, 0x00000000c3100000, 0x00000000c3200000|  0%| F|  |TAMS 0x00000000c3100000| PB 0x00000000c3100000| Untracked 
|  10|0x00000000c3200000, 0x00000000c3200000, 0x00000000c3300000|  0%| F|  |TAMS 0x00000000c3200000| PB 0x00000000c3200000| Untracked 
|  11|0x00000000c3300000, 0x00000000c3300000, 0x00000000c3400000|  0%| F|  |TAMS 0x00000000c3300000| PB 0x00000000c3300000| Untracked 
|  12|0x00000000c3400000, 0x00000000c3400000, 0x00000000c3500000|  0%| F|  |TAMS 0x00000000c3400000| PB 0x00000000c3400000| Untracked 
|  13|0x00000000c3500000, 0x00000000c3500000, 0x00000000c3600000|  0%| F|  |TAMS 0x00000000c3500000| PB 0x00000000c3500000| Untracked 
|  14|0x00000000c3600000, 0x00000000c3600000, 0x00000000c3700000|  0%| F|  |TAMS 0x00000000c3600000| PB 0x00000000c3600000| Untracked 
|  15|0x00000000c3700000, 0x00000000c3700000, 0x00000000c3800000|  0%| F|  |TAMS 0x00000000c3700000| PB 0x00000000c3700000| Untracked 
|  16|0x00000000c3800000, 0x00000000c3800000, 0x00000000c3900000|  0%| F|  |TAMS 0x00000000c3800000| PB 0x00000000c3800000| Untracked 
|  17|0x00000000c3900000, 0x00000000c3900000, 0x00000000c3a00000|  0%| F|  |TAMS 0x00000000c3900000| PB 0x00000000c3900000| Untracked 
|  18|0x00000000c3a00000, 0x00000000c3a00000, 0x00000000c3b00000|  0%| F|  |TAMS 0x00000000c3a00000| PB 0x00000000c3a00000| Untracked 
|  19|0x00000000c3b00000, 0x00000000c3b00000, 0x00000000c3c00000|  0%| F|  |TAMS 0x00000000c3b00000| PB 0x00000000c3b00000| Untracked 
|  20|0x00000000c3c00000, 0x00000000c3c00000, 0x00000000c3d00000|  0%| F|  |TAMS 0x00000000c3c00000| PB 0x00000000c3c00000| Untracked 
|  21|0x00000000c3d00000, 0x00000000c3d00000, 0x00000000c3e00000|  0%| F|  |TAMS 0x00000000c3d00000| PB 0x00000000c3d00000| Untracked 
|  22|0x00000000c3e00000, 0x00000000c3e00000, 0x00000000c3f00000|  0%| F|  |TAMS 0x00000000c3e00000| PB 0x00000000c3e00000| Untracked 
|  23|0x00000000c3f00000, 0x00000000c3f00000, 0x00000000c4000000|  0%| F|  |TAMS 0x00000000c3f00000| PB 0x00000000c3f00000| Untracked 
|  24|0x00000000c4000000, 0x00000000c4000000, 0x00000000c4100000|  0%| F|  |TAMS 0x00000000c4000000| PB 0x00000000c4000000| Untracked 
|  25|0x00000000c4100000, 0x00000000c4100000, 0x00000000c4200000|  0%| F|  |TAMS 0x00000000c4100000| PB 0x00000000c4100000| Untracked 
|  26|0x00000000c4200000, 0x00000000c4200000, 0x00000000c4300000|  0%| F|  |TAMS 0x00000000c4200000| PB 0x00000000c4200000| Untracked 
|  27|0x00000000c4300000, 0x00000000c4300000, 0x00000000c4400000|  0%| F|  |TAMS 0x00000000c4300000| PB 0x00000000c4300000| Untracked 
|  28|0x00000000c4400000, 0x00000000c4400000, 0x00000000c4500000|  0%| F|  |TAMS 0x00000000c4400000| PB 0x00000000c4400000| Untracked 
|  29|0x00000000c4500000, 0x00000000c4500000, 0x00000000c4600000|  0%| F|  |TAMS 0x00000000c4500000| PB 0x00000000c4500000| Untracked 
|  30|0x00000000c4600000, 0x00000000c4600000, 0x00000000c4700000|  0%| F|  |TAMS 0x00000000c4600000| PB 0x00000000c4600000| Untracked 
|  31|0x00000000c4700000, 0x00000000c4700000, 0x00000000c4800000|  0%| F|  |TAMS 0x00000000c4700000| PB 0x00000000c4700000| Untracked 
|  32|0x00000000c4800000, 0x00000000c4800000, 0x00000000c4900000|  0%| F|  |TAMS 0x00000000c4800000| PB 0x00000000c4800000| Untracked 
|  33|0x00000000c4900000, 0x00000000c4900000, 0x00000000c4a00000|  0%| F|  |TAMS 0x00000000c4900000| PB 0x00000000c4900000| Untracked 
|  34|0x00000000c4a00000, 0x00000000c4a00000, 0x00000000c4b00000|  0%| F|  |TAMS 0x00000000c4a00000| PB 0x00000000c4a00000| Untracked 
|  35|0x00000000c4b00000, 0x00000000c4b00000, 0x00000000c4c00000|  0%| F|  |TAMS 0x00000000c4b00000| PB 0x00000000c4b00000| Untracked 
|  36|0x00000000c4c00000, 0x00000000c4c00000, 0x00000000c4d00000|  0%| F|  |TAMS 0x00000000c4c00000| PB 0x00000000c4c00000| Untracked 
|  37|0x00000000c4d00000, 0x00000000c4d00000, 0x00000000c4e00000|  0%| F|  |TAMS 0x00000000c4d00000| PB 0x00000000c4d00000| Untracked 
|  38|0x00000000c4e00000, 0x00000000c4e00000, 0x00000000c4f00000|  0%| F|  |TAMS 0x00000000c4e00000| PB 0x00000000c4e00000| Untracked 
|  39|0x00000000c4f00000, 0x00000000c4f00000, 0x00000000c5000000|  0%| F|  |TAMS 0x00000000c4f00000| PB 0x00000000c4f00000| Untracked 
|  40|0x00000000c5000000, 0x00000000c5000000, 0x00000000c5100000|  0%| F|  |TAMS 0x00000000c5000000| PB 0x00000000c5000000| Untracked 
|  41|0x00000000c5100000, 0x00000000c5100000, 0x00000000c5200000|  0%| F|  |TAMS 0x00000000c5100000| PB 0x00000000c5100000| Untracked 
|  42|0x00000000c5200000, 0x00000000c5200000, 0x00000000c5300000|  0%| F|  |TAMS 0x00000000c5200000| PB 0x00000000c5200000| Untracked 
|  43|0x00000000c5300000, 0x00000000c5300000, 0x00000000c5400000|  0%| F|  |TAMS 0x00000000c5300000| PB 0x00000000c5300000| Untracked 
|  44|0x00000000c5400000, 0x00000000c5400000, 0x00000000c5500000|  0%| F|  |TAMS 0x00000000c5400000| PB 0x00000000c5400000| Untracked 
|  45|0x00000000c5500000, 0x00000000c5600000, 0x00000000c5600000|100%| S|CS|TAMS 0x00000000c5500000| PB 0x00000000c5500000| Complete 
|  46|0x00000000c5600000, 0x00000000c5700000, 0x00000000c5700000|100%| S|CS|TAMS 0x00000000c5600000| PB 0x00000000c5600000| Complete 
|  47|0x00000000c5700000, 0x00000000c5700000, 0x00000000c5800000|  0%| F|  |TAMS 0x00000000c5700000| PB 0x00000000c5700000| Untracked 
|  48|0x00000000c5800000, 0x00000000c5800000, 0x00000000c5900000|  0%| F|  |TAMS 0x00000000c5800000| PB 0x00000000c5800000| Untracked 
|  49|0x00000000c5900000, 0x00000000c5900000, 0x00000000c5a00000|  0%| F|  |TAMS 0x00000000c5900000| PB 0x00000000c5900000| Untracked 
|  50|0x00000000c5a00000, 0x00000000c5a00000, 0x00000000c5b00000|  0%| F|  |TAMS 0x00000000c5a00000| PB 0x00000000c5a00000| Untracked 
|  51|0x00000000c5b00000, 0x00000000c5b00000, 0x00000000c5c00000|  0%| F|  |TAMS 0x00000000c5b00000| PB 0x00000000c5b00000| Untracked 
|  52|0x00000000c5c00000, 0x00000000c5c00000, 0x00000000c5d00000|  0%| F|  |TAMS 0x00000000c5c00000| PB 0x00000000c5c00000| Untracked 
|  53|0x00000000c5d00000, 0x00000000c5d00000, 0x00000000c5e00000|  0%| F|  |TAMS 0x00000000c5d00000| PB 0x00000000c5d00000| Untracked 
|  54|0x00000000c5e00000, 0x00000000c5e00000, 0x00000000c5f00000|  0%| F|  |TAMS 0x00000000c5e00000| PB 0x00000000c5e00000| Untracked 
|  55|0x00000000c5f00000, 0x00000000c5f00000, 0x00000000c6000000|  0%| F|  |TAMS 0x00000000c5f00000| PB 0x00000000c5f00000| Untracked 
|  56|0x00000000c6000000, 0x00000000c6000000, 0x00000000c6100000|  0%| F|  |TAMS 0x00000000c6000000| PB 0x00000000c6000000| Untracked 
|  57|0x00000000c6100000, 0x00000000c6100000, 0x00000000c6200000|  0%| F|  |TAMS 0x00000000c6100000| PB 0x00000000c6100000| Untracked 
|  58|0x00000000c6200000, 0x00000000c623fdd8, 0x00000000c6300000| 24%| E|  |TAMS 0x00000000c6200000| PB 0x00000000c6200000| Complete 
|  59|0x00000000c6300000, 0x00000000c6400000, 0x00000000c6400000|100%| E|CS|TAMS 0x00000000c6300000| PB 0x00000000c6300000| Complete 
|  60|0x00000000c6400000, 0x00000000c6500000, 0x00000000c6500000|100%| E|CS|TAMS 0x00000000c6400000| PB 0x00000000c6400000| Complete 
|  61|0x00000000c6500000, 0x00000000c6600000, 0x00000000c6600000|100%| E|CS|TAMS 0x00000000c6500000| PB 0x00000000c6500000| Complete 

Card table byte_map: [0x000001a720110000,0x000001a720300000] _byte_map_base: 0x000001a71fafc000

Marking Bits: (CMBitMap*) 0x000001a708aef0e0
 Bits: [0x000001a720300000, 0x000001a721260000)

Polling page: 0x000001a7067f0000

Metaspace:

Usage:
  Non-class:     10.76 MB used.
      Class:      1.47 MB used.
       Both:     12.23 MB used.

Virtual space:
  Non-class space:       64.00 MB reserved,      10.94 MB ( 17%) committed,  1 nodes.
      Class space:        1.00 GB reserved,       1.62 MB ( <1%) committed,  1 nodes.
             Both:        1.06 GB reserved,      12.56 MB (  1%) committed. 

Chunk freelists:
   Non-Class:  4.34 MB
       Class:  14.39 MB
        Both:  18.73 MB

MaxMetaspaceSize: unlimited
CompressedClassSpaceSize: 1.00 GB
Initial GC threshold: 21.00 MB
Current GC threshold: 21.00 MB
CDS: on
 - commit_granule_bytes: 65536.
 - commit_granule_words: 8192.
 - virtual_space_node_default_size: 8388608.
 - enlarge_chunks_in_place: 1.
 - use_allocation_guard: 0.


Internal statistics:

num_allocs_failed_limit: 0.
num_arena_births: 344.
num_arena_deaths: 0.
num_vsnodes_births: 2.
num_vsnodes_deaths: 0.
num_space_committed: 201.
num_space_uncommitted: 0.
num_chunks_returned_to_freelist: 0.
num_chunks_taken_from_freelist: 646.
num_chunk_merges: 0.
num_chunk_splits: 375.
num_chunks_enlarged: 213.
num_inconsistent_stats: 0.

CodeHeap 'non-profiled nmethods': size=120000Kb used=642Kb max_used=642Kb free=119357Kb
 bounds [0x000001a7189f0000, 0x000001a718c60000, 0x000001a71ff20000]
CodeHeap 'profiled nmethods': size=120000Kb used=3484Kb max_used=3484Kb free=116515Kb
 bounds [0x000001a710f20000, 0x000001a711290000, 0x000001a718450000]
CodeHeap 'non-nmethods': size=5760Kb used=1465Kb max_used=1480Kb free=4295Kb
 bounds [0x000001a718450000, 0x000001a7186c0000, 0x000001a7189f0000]
 total_blobs=2358 nmethods=1813 adapters=449
 compilation: enabled
              stopped_count=0, restarted_count=0
 full_count=0

Compilation events (20 events):
Event: 10.306 Thread 0x000001a7236defe0 1800       3       java.lang.CharacterDataLatin1::isJavaIdentifierPart (20 bytes)
Event: 10.306 Thread 0x000001a7236defe0 nmethod 1800 0x000001a711272f10 code [0x000001a7112730c0, 0x000001a7112732d0]
Event: 10.306 Thread 0x000001a7236defe0 1801   !   3       java.util.zip.ZipFile$CleanableResource::releaseInflater (53 bytes)
Event: 10.307 Thread 0x000001a7236defe0 nmethod 1801 0x000001a711273410 code [0x000001a711273600, 0x000001a711273a40]
Event: 10.313 Thread 0x000001a7236defe0 1802       1       sun.nio.fs.NativeBuffer::setOwner (6 bytes)
Event: 10.313 Thread 0x000001a7236defe0 nmethod 1802 0x000001a718a90310 code [0x000001a718a904a0, 0x000001a718a905b0]
Event: 10.388 Thread 0x000001a7236defe0 1803       3       java.lang.String::split (242 bytes)
Event: 10.392 Thread 0x000001a7236defe0 nmethod 1803 0x000001a711273c10 code [0x000001a711274020, 0x000001a711276280]
Event: 10.393 Thread 0x000001a7236defe0 1804       3       java.util.ArrayList::subList (20 bytes)
Event: 10.393 Thread 0x000001a7236defe0 nmethod 1804 0x000001a711276f90 code [0x000001a711277160, 0x000001a711277520]
Event: 10.406 Thread 0x000001a7236defe0 1806       3       java.util.TreeMap::fixAfterInsertion (267 bytes)
Event: 10.411 Thread 0x000001a7236defe0 nmethod 1806 0x000001a711277690 code [0x000001a711277b40, 0x000001a71127a0c0]
Event: 10.411 Thread 0x000001a7236defe0 1807       3       java.util.TreeMap::leftOf (13 bytes)
Event: 10.411 Thread 0x000001a7236defe0 nmethod 1807 0x000001a71127ad10 code [0x000001a71127aec0, 0x000001a71127b030]
Event: 10.420 Thread 0x000001a7236defe0 1808   !   3       java.util.concurrent.ConcurrentHashMap::putVal (432 bytes)
Event: 10.424 Thread 0x000001a7236defe0 nmethod 1808 0x000001a71127b110 code [0x000001a71127b4a0, 0x000001a71127cfe0]
Event: 10.424 Thread 0x000001a7236defe0 1809       3       java.lang.invoke.DelegatingMethodHandle::<init> (10 bytes)
Event: 10.425 Thread 0x000001a7236defe0 nmethod 1809 0x000001a71127d990 code [0x000001a71127db60, 0x000001a71127df28]
Event: 10.425 Thread 0x000001a7236defe0 1810       3       java.lang.invoke.DelegatingMethodHandle::chooseDelegatingForm (24 bytes)
Event: 10.425 Thread 0x000001a7236defe0 nmethod 1810 0x000001a71127e090 code [0x000001a71127e260, 0x000001a71127e588]

GC Heap History (4 events):
Event: 3.273 GC heap before
{Heap before GC invocations=0 (full 0):
 garbage-first heap   total 63488K, used 12288K [0x00000000c2800000, 0x0000000100000000)
  region size 1024K, 13 young (13312K), 0 survivors (0K)
 Metaspace       used 4683K, committed 4864K, reserved 1114112K
  class space    used 555K, committed 640K, reserved 1048576K
}
Event: 3.295 GC heap after
{Heap after GC invocations=1 (full 0):
 garbage-first heap   total 63488K, used 4288K [0x00000000c2800000, 0x0000000100000000)
  region size 1024K, 2 young (2048K), 2 survivors (2048K)
 Metaspace       used 4683K, committed 4864K, reserved 1114112K
  class space    used 555K, committed 640K, reserved 1048576K
}
Event: 4.915 GC heap before
{Heap before GC invocations=1 (full 0):
 garbage-first heap   total 63488K, used 16576K [0x00000000c2800000, 0x0000000100000000)
  region size 1024K, 15 young (15360K), 2 survivors (2048K)
 Metaspace       used 11550K, committed 11840K, reserved 1114112K
  class space    used 1349K, committed 1472K, reserved 1048576K
}
Event: 4.925 GC heap after
{Heap after GC invocations=2 (full 0):
 garbage-first heap   total 63488K, used 6747K [0x00000000c2800000, 0x0000000100000000)
  region size 1024K, 2 young (2048K), 2 survivors (2048K)
 Metaspace       used 11550K, committed 11840K, reserved 1114112K
  class space    used 1349K, committed 1472K, reserved 1048576K
}

Dll operation events (12 events):
Event: 0.033 Loaded shared library C:\Program Files\Java\jdk-21\bin\java.dll
Event: 0.122 Loaded shared library C:\Program Files\Java\jdk-21\bin\jsvml.dll
Event: 0.390 Loaded shared library C:\Program Files\Java\jdk-21\bin\zip.dll
Event: 0.412 Loaded shared library C:\Program Files\Java\jdk-21\bin\instrument.dll
Event: 0.426 Loaded shared library C:\Program Files\Java\jdk-21\bin\net.dll
Event: 0.434 Loaded shared library C:\Program Files\Java\jdk-21\bin\nio.dll
Event: 0.448 Loaded shared library C:\Program Files\Java\jdk-21\bin\zip.dll
Event: 0.480 Loaded shared library C:\Program Files\JetBrains\IntelliJ IDEA Community Edition 2023.3.3\bin\breakgen64.dll
Event: 0.534 Loaded shared library C:\Program Files\Java\jdk-21\bin\extnet.dll
Event: 0.655 Loaded shared library C:\Program Files\Java\jdk-21\bin\verify.dll
Event: 1.168 Loaded shared library C:\Program Files\Java\jdk-21\bin\jimage.dll
Event: 3.581 Loaded shared library C:\Program Files\Java\jdk-21\bin\sunmscapi.dll

Deoptimization events (20 events):
Event: 4.948 Thread 0x000001a769bea650 Uncommon trap: trap_request=0xffffffde fr.pc=0x000001a718a8805c relative=0x000000000000013c
Event: 4.948 Thread 0x000001a769bea650 Uncommon trap: reason=class_check action=maybe_recompile pc=0x000001a718a8805c method=jdk.internal.misc.Unsafe.allocateUninitializedArray(Ljava/lang/Class;I)Ljava/lang/Object; @ 51 c2
Event: 4.948 Thread 0x000001a769bea650 DEOPT PACKING pc=0x000001a718a8805c sp=0x0000009dbfbfdad0
Event: 4.948 Thread 0x000001a769bea650 DEOPT UNPACKING pc=0x000001a7184a46a2 sp=0x0000009dbfbfda48 mode 2
Event: 4.948 Thread 0x000001a769bea650 Uncommon trap: trap_request=0xffffffde fr.pc=0x000001a718a8805c relative=0x000000000000013c
Event: 4.948 Thread 0x000001a769bea650 Uncommon trap: reason=class_check action=maybe_recompile pc=0x000001a718a8805c method=jdk.internal.misc.Unsafe.allocateUninitializedArray(Ljava/lang/Class;I)Ljava/lang/Object; @ 51 c2
Event: 4.948 Thread 0x000001a769bea650 DEOPT PACKING pc=0x000001a718a8805c sp=0x0000009dbfbfda40
Event: 4.948 Thread 0x000001a769bea650 DEOPT UNPACKING pc=0x000001a7184a46a2 sp=0x0000009dbfbfd9b8 mode 2
Event: 10.274 Thread 0x000001a706848710 Uncommon trap: trap_request=0xffffffc6 fr.pc=0x000001a718a6a12c relative=0x00000000000002cc
Event: 10.274 Thread 0x000001a706848710 Uncommon trap: reason=bimorphic_or_optimized_type_check action=maybe_recompile pc=0x000001a718a6a12c method=java.util.HashMap.getNode(Ljava/lang/Object;)Ljava/util/HashMap$Node; @ 128 c2
Event: 10.288 Thread 0x000001a706848710 DEOPT PACKING pc=0x000001a718a6a12c sp=0x0000009dbddfd9b0
Event: 10.288 Thread 0x000001a706848710 DEOPT UNPACKING pc=0x000001a7184a46a2 sp=0x0000009dbddfd928 mode 2
Event: 10.381 Thread 0x000001a706848710 Uncommon trap: trap_request=0xffffffc6 fr.pc=0x000001a718a6a12c relative=0x00000000000002cc
Event: 10.381 Thread 0x000001a706848710 Uncommon trap: reason=bimorphic_or_optimized_type_check action=maybe_recompile pc=0x000001a718a6a12c method=java.util.HashMap.getNode(Ljava/lang/Object;)Ljava/util/HashMap$Node; @ 128 c2
Event: 10.381 Thread 0x000001a706848710 DEOPT PACKING pc=0x000001a718a6a12c sp=0x0000009dbddfd9b0
Event: 10.381 Thread 0x000001a706848710 DEOPT UNPACKING pc=0x000001a7184a46a2 sp=0x0000009dbddfd928 mode 2
Event: 10.388 Thread 0x000001a706848710 Uncommon trap: trap_request=0xffffff45 fr.pc=0x000001a718a5725c relative=0x0000000000000f5c
Event: 10.388 Thread 0x000001a706848710 Uncommon trap: reason=unstable_if action=reinterpret pc=0x000001a718a5725c method=java.util.concurrent.ConcurrentHashMap.putVal(Ljava/lang/Object;Ljava/lang/Object;Z)Ljava/lang/Object; @ 231 c2
Event: 10.388 Thread 0x000001a706848710 DEOPT PACKING pc=0x000001a718a5725c sp=0x0000009dbddfe1b0
Event: 10.388 Thread 0x000001a706848710 DEOPT UNPACKING pc=0x000001a7184a46a2 sp=0x0000009dbddfe120 mode 2

Classes loaded (20 events):
Event: 10.024 Loading class java/util/stream/LongPipeline$StatelessOp done
Event: 10.024 Loading class java/util/stream/ReferencePipeline$5 done
Event: 10.024 Loading class java/util/stream/FindOps$FindSink$OfLong
Event: 10.024 Loading class java/util/stream/Sink$OfLong
Event: 10.025 Loading class java/util/stream/Sink$OfLong done
Event: 10.025 Loading class java/util/stream/FindOps$FindSink$OfLong done
Event: 10.025 Loading class java/util/OptionalLong
Event: 10.028 Loading class java/util/OptionalLong done
Event: 10.040 Loading class java/util/stream/ReferencePipeline$5$1
Event: 10.040 Loading class java/util/stream/ReferencePipeline$5$1 done
Event: 10.068 Loading class java/lang/invoke/VarHandleBytes$FieldInstanceReadWrite
Event: 10.070 Loading class java/lang/invoke/VarHandleBytes$FieldInstanceReadOnly
Event: 10.070 Loading class java/lang/invoke/VarHandleBytes$FieldInstanceReadOnly done
Event: 10.070 Loading class java/lang/invoke/VarHandleBytes$FieldInstanceReadWrite done
Event: 10.207 Loading class java/util/ImmutableCollections$Access
Event: 10.227 Loading class java/util/ImmutableCollections$Access done
Event: 10.227 Loading class java/util/ImmutableCollections$Access$1
Event: 10.227 Loading class jdk/internal/access/JavaUtilCollectionAccess
Event: 10.230 Loading class jdk/internal/access/JavaUtilCollectionAccess done
Event: 10.230 Loading class java/util/ImmutableCollections$Access$1 done

Classes unloaded (0 events):
No events

Classes redefined (0 events):
No events

Internal exceptions (20 events):
Event: 3.459 Thread 0x000001a706848710 Exception <a 'java/lang/NoSuchMethodError'{0x00000000c64506c8}: 'java.lang.Object java.lang.invoke.DirectMethodHandle$Holder.invokeSpecial(java.lang.Object, java.lang.Object, int, java.lang.Object, java.lang.Object)'> (0x00000000c64506c8) 
thrown [s\open\src\hotspot\share\interpreter\linkResolver.cpp, line 773]
Event: 3.461 Thread 0x000001a706848710 Exception <a 'java/lang/NoSuchMethodError'{0x00000000c64542e8}: 'java.lang.Object java.lang.invoke.DelegatingMethodHandle$Holder.delegate(java.lang.Object, int, java.lang.Object, java.lang.Object)'> (0x00000000c64542e8) 
thrown [s\open\src\hotspot\share\interpreter\linkResolver.cpp, line 773]
Event: 3.468 Thread 0x000001a706848710 Exception <a 'java/lang/NoSuchMethodError'{0x00000000c6463858}: 'int java.lang.invoke.Invokers$Holder.linkToTargetMethod(java.lang.Object, java.lang.Object, java.lang.Object)'> (0x00000000c6463858) 
thrown [s\open\src\hotspot\share\interpreter\linkResolver.cpp, line 773]
Event: 3.697 Thread 0x000001a706848710 Exception <a 'sun/nio/fs/WindowsException'{0x00000000c63a42e0}> (0x00000000c63a42e0) 
thrown [s\open\src\hotspot\share\prims\jni.cpp, line 520]
Event: 4.043 Thread 0x000001a706848710 Exception <a 'java/lang/NoSuchMethodError'{0x00000000c5d6e6d0}: 'java.lang.Object java.lang.invoke.DirectMethodHandle$Holder.invokeStaticInit(java.lang.Object, int, int, int, int)'> (0x00000000c5d6e6d0) 
thrown [s\open\src\hotspot\share\interpreter\linkResolver.cpp, line 773]
Event: 4.083 Thread 0x000001a706848710 Exception <a 'java/lang/NoSuchMethodError'{0x00000000c5da1a48}: 'java.lang.Object java.lang.invoke.DirectMethodHandle$Holder.invokeStaticInit(java.lang.Object, java.lang.Object, int, int, int, int)'> (0x00000000c5da1a48) 
thrown [s\open\src\hotspot\share\interpreter\linkResolver.cpp, line 773]
Event: 4.403 Thread 0x000001a706848710 Exception <a 'java/lang/NoSuchMethodError'{0x00000000c5ca6060}: 'java.lang.Object java.lang.invoke.DirectMethodHandle$Holder.invokeInterface(java.lang.Object, java.lang.Object, java.lang.Object)'> (0x00000000c5ca6060) 
thrown [s\open\src\hotspot\share\interpreter\linkResolver.cpp, line 773]
Event: 4.403 Thread 0x000001a706848710 Exception <a 'java/lang/IncompatibleClassChangeError'{0x00000000c5ca96a0}: Found class java.lang.Object, but interface was expected> (0x00000000c5ca96a0) 
thrown [s\open\src\hotspot\share\interpreter\linkResolver.cpp, line 840]
Event: 4.406 Thread 0x000001a706848710 Exception <a 'java/lang/NoSuchMethodError'{0x00000000c5cb0b60}: 'int java.lang.invoke.DirectMethodHandle$Holder.invokeSpecialIFC(java.lang.Object, java.lang.Object, java.lang.Object, java.lang.Object)'> (0x00000000c5cb0b60) 
thrown [s\open\src\hotspot\share\interpreter\linkResolver.cpp, line 773]
Event: 4.417 Thread 0x000001a706848710 Exception <a 'java/lang/NoSuchMethodError'{0x00000000c5cd2b78}: 'java.lang.Object java.lang.invoke.DirectMethodHandle$Holder.invokeVirtual(java.lang.Object, java.lang.Object, java.lang.Object, java.lang.Object)'> (0x00000000c5cd2b78) 
thrown [s\open\src\hotspot\share\interpreter\linkResolver.cpp, line 773]
Event: 4.497 Thread 0x000001a7694497b0 Exception <a 'java/net/ConnectException'{0x00000000c5b36bf0}: Connection refused: getsockopt> (0x00000000c5b36bf0) 
thrown [s\open\src\hotspot\share\prims\jni.cpp, line 539]
Event: 4.524 Thread 0x000001a7694497b0 Exception <a 'java/net/ConnectException'{0x00000000c5b37ce0}: Connection refused: getsockopt> (0x00000000c5b37ce0) 
thrown [s\open\src\hotspot\share\prims\jni.cpp, line 539]
Event: 4.555 Thread 0x000001a7694497b0 Exception <a 'java/net/ConnectException'{0x00000000c5b38bf8}: Connection refused: getsockopt> (0x00000000c5b38bf8) 
thrown [s\open\src\hotspot\share\prims\jni.cpp, line 539]
Event: 4.698 Thread 0x000001a706848710 Exception <a 'java/lang/NoSuchMethodError'{0x00000000c5a02bb0}: 'java.lang.Object java.lang.invoke.DirectMethodHandle$Holder.newInvokeSpecial(java.lang.Object, java.lang.Object, int, int)'> (0x00000000c5a02bb0) 
thrown [s\open\src\hotspot\share\interpreter\linkResolver.cpp, line 773]
Event: 4.702 Thread 0x000001a706848710 Exception <a 'java/lang/NoSuchMethodError'{0x00000000c5a0d110}: 'void java.lang.invoke.DirectMethodHandle$Holder.invokeStatic(java.lang.Object, java.lang.Object, int)'> (0x00000000c5a0d110) 
thrown [s\open\src\hotspot\share\interpreter\linkResolver.cpp, line 773]
Event: 4.885 Thread 0x000001a769bea650 Exception <a 'java/lang/NoSuchMethodError'{0x00000000c59dd128}: 'java.lang.Object java.lang.invoke.DirectMethodHandle$Holder.invokeSpecial(java.lang.Object, java.lang.Object, java.lang.Object, java.lang.Object, int)'> (0x00000000c59dd128) 
thrown [s\open\src\hotspot\share\interpreter\linkResolver.cpp, line 773]
Event: 4.886 Thread 0x000001a769bea650 Exception <a 'java/lang/NoSuchMethodError'{0x00000000c59e0a70}: 'java.lang.Object java.lang.invoke.Invokers$Holder.linkToTargetMethod(java.lang.Object, java.lang.Object, int, java.lang.Object)'> (0x00000000c59e0a70) 
thrown [s\open\src\hotspot\share\interpreter\linkResolver.cpp, line 773]
Event: 4.951 Thread 0x000001a769bea650 Exception <a 'java/lang/NoSuchMethodError'{0x00000000c6558750}: 'void java.lang.invoke.DirectMethodHandle$Holder.invokeSpecial(java.lang.Object, java.lang.Object, java.lang.Object, java.lang.Object, java.lang.Object)'> (0x00000000c6558750) 
thrown [s\open\src\hotspot\share\interpreter\linkResolver.cpp, line 773]
Event: 10.107 Thread 0x000001a769beb370 Exception <a 'java/lang/NoSuchMethodError'{0x00000000c6486c68}: 'void java.lang.invoke.DirectMethodHandle$Holder.invokeSpecial(java.lang.Object, java.lang.Object, java.lang.Object, java.lang.Object, java.lang.Object, java.lang.Object, java.lang.Object)'> (0x00000000c6486c68) 
thrown [s\open\src\hotspot\share\interpreter\linkResolver.cpp, line 773]
Event: 10.175 Thread 0x000001a706848710 Exception <a 'java/lang/NoSuchMethodError'{0x00000000c64d7858}: 'java.lang.Object java.lang.invoke.DirectMethodHandle$Holder.invokeSpecialIFC(java.lang.Object, java.lang.Object, java.lang.Object)'> (0x00000000c64d7858) 
thrown [s\open\src\hotspot\share\interpreter\linkResolver.cpp, line 773]

ZGC Phase Switch (0 events):
No events

VM Operations (20 events):
Event: 4.444 Executing VM operation: Cleanup
Event: 4.444 Executing VM operation: Cleanup done
Event: 4.444 Executing VM operation: HandshakeAllThreads (Deoptimize)
Event: 4.444 Executing VM operation: HandshakeAllThreads (Deoptimize) done
Event: 4.612 Executing VM operation: HandshakeAllThreads (Deoptimize)
Event: 4.613 Executing VM operation: HandshakeAllThreads (Deoptimize) done
Event: 4.638 Executing VM operation: HandshakeAllThreads (Deoptimize)
Event: 4.638 Executing VM operation: HandshakeAllThreads (Deoptimize) done
Event: 4.734 Executing VM operation: HandshakeAllThreads (Deoptimize)
Event: 4.734 Executing VM operation: HandshakeAllThreads (Deoptimize) done
Event: 4.915 Executing VM operation: G1CollectForAllocation (G1 Evacuation Pause)
Event: 4.925 Executing VM operation: G1CollectForAllocation (G1 Evacuation Pause) done
Event: 5.930 Executing VM operation: Cleanup
Event: 5.930 Executing VM operation: Cleanup done
Event: 9.989 Executing VM operation: HandshakeAllThreads (Deoptimize)
Event: 9.990 Executing VM operation: HandshakeAllThreads (Deoptimize) done
Event: 10.003 Executing VM operation: HandshakeAllThreads (Deoptimize)
Event: 10.003 Executing VM operation: HandshakeAllThreads (Deoptimize) done
Event: 10.003 Executing VM operation: Cleanup
Event: 10.003 Executing VM operation: Cleanup done

Events (20 events):
Event: 0.117 Thread 0x000001a7236c3d30 Thread added: 0x000001a7236c3d30
Event: 0.118 Thread 0x000001a7236c6f40 Thread added: 0x000001a7236c6f40
Event: 0.118 Thread 0x000001a7236ca150 Thread added: 0x000001a7236ca150
Event: 0.118 Thread 0x000001a7236d7120 Thread added: 0x000001a7236d7120
Event: 0.118 Thread 0x000001a7236defe0 Thread added: 0x000001a7236defe0
Event: 0.306 Thread 0x000001a7236acfa0 Thread added: 0x000001a7236acfa0
Event: 0.487 Thread 0x000001a7239dd2b0 Thread added: 0x000001a7239dd2b0
Event: 0.487 Thread 0x000001a7239e15e0 Thread added: 0x000001a7239e15e0
Event: 1.673 Thread 0x000001a769232530 Thread added: 0x000001a769232530
Event: 3.107 Thread 0x000001a769232530 Thread exited: 0x000001a769232530
Event: 3.269 Thread 0x000001a76923f420 Thread added: 0x000001a76923f420
Event: 4.302 Thread 0x000001a7695f4990 Thread added: 0x000001a7695f4990
Event: 4.440 Thread 0x000001a7694d9d60 Thread added: 0x000001a7694d9d60
Event: 4.445 Thread 0x000001a7696cb390 Thread added: 0x000001a7696cb390
Event: 4.447 Thread 0x000001a769604570 Thread added: 0x000001a769604570
Event: 4.472 Thread 0x000001a7694497b0 Thread added: 0x000001a7694497b0
Event: 4.611 Thread 0x000001a769becdb0 Thread added: 0x000001a769becdb0
Event: 4.851 Thread 0x000001a769bea650 Thread added: 0x000001a769bea650
Event: 4.974 Thread 0x000001a769beb370 Thread added: 0x000001a769beb370
Event: 4.983 Thread 0x000001a769bec720 Thread added: 0x000001a769bec720


Dynamic libraries:
0x00007ff674760000 - 0x00007ff674770000 	C:\Program Files\Java\jdk-21\bin\java.exe
0x00007ffc80b70000 - 0x00007ffc80d68000 	C:\WINDOWS\SYSTEM32\ntdll.dll
0x00007ffc7fa80000 - 0x00007ffc7fb3d000 	C:\WINDOWS\System32\KERNEL32.DLL
0x00007ffc7e280000 - 0x00007ffc7e576000 	C:\WINDOWS\System32\KERNELBASE.dll
0x00007ffc7e800000 - 0x00007ffc7e900000 	C:\WINDOWS\System32\ucrtbase.dll
0x00007ffc636e0000 - 0x00007ffc636fb000 	C:\Program Files\Java\jdk-21\bin\VCRUNTIME140.dll
0x00007ffc637c0000 - 0x00007ffc637d9000 	C:\Program Files\Java\jdk-21\bin\jli.dll
0x00007ffc804e0000 - 0x00007ffc80593000 	C:\WINDOWS\System32\ADVAPI32.dll
0x00007ffc80440000 - 0x00007ffc804de000 	C:\WINDOWS\System32\msvcrt.dll
0x00007ffc7ebb0000 - 0x00007ffc7ec4f000 	C:\WINDOWS\System32\sechost.dll
0x00007ffc7ed50000 - 0x00007ffc7ee76000 	C:\WINDOWS\System32\RPCRT4.dll
0x00007ffc7e900000 - 0x00007ffc7e927000 	C:\WINDOWS\System32\bcrypt.dll
0x00007ffc7f810000 - 0x00007ffc7f9ae000 	C:\WINDOWS\System32\USER32.dll
0x00007ffc7e930000 - 0x00007ffc7e952000 	C:\WINDOWS\System32\win32u.dll
0x00007ffc746c0000 - 0x00007ffc7495a000 	C:\WINDOWS\WinSxS\amd64_microsoft.windows.common-controls_6595b64144ccf1df_6.0.19041.3636_none_60b6a03d71f818d5\COMCTL32.dll
0x00007ffc80b00000 - 0x00007ffc80b2b000 	C:\WINDOWS\System32\GDI32.dll
0x00007ffc7e580000 - 0x00007ffc7e697000 	C:\WINDOWS\System32\gdi32full.dll
0x00007ffc7eb10000 - 0x00007ffc7ebad000 	C:\WINDOWS\System32\msvcp_win.dll
0x00007ffc749b0000 - 0x00007ffc749ba000 	C:\WINDOWS\SYSTEM32\VERSION.dll
0x00007ffc7ed00000 - 0x00007ffc7ed32000 	C:\WINDOWS\System32\IMM32.DLL
0x00007ffc63640000 - 0x00007ffc6364c000 	C:\Program Files\Java\jdk-21\bin\vcruntime140_1.dll
0x00007ffc634c0000 - 0x00007ffc6354e000 	C:\Program Files\Java\jdk-21\bin\msvcp140.dll
0x00007ffc62720000 - 0x00007ffc63437000 	C:\Program Files\Java\jdk-21\bin\server\jvm.dll
0x00007ffc7f9b0000 - 0x00007ffc7fa1b000 	C:\WINDOWS\System32\WS2_32.dll
0x00007ffc7e090000 - 0x00007ffc7e0db000 	C:\WINDOWS\SYSTEM32\POWRPROF.dll
0x00007ffc72120000 - 0x00007ffc72147000 	C:\WINDOWS\SYSTEM32\WINMM.dll
0x00007ffc7e070000 - 0x00007ffc7e082000 	C:\WINDOWS\SYSTEM32\UMPDC.dll
0x00007ffc7cac0000 - 0x00007ffc7cad2000 	C:\WINDOWS\SYSTEM32\kernel.appcore.dll
0x00007ffc62500000 - 0x00007ffc6250a000 	C:\Program Files\Java\jdk-21\bin\jimage.dll
0x00007ffc7c740000 - 0x00007ffc7c924000 	C:\WINDOWS\SYSTEM32\DBGHELP.DLL
0x00007ffc6f0c0000 - 0x00007ffc6f0f4000 	C:\WINDOWS\SYSTEM32\dbgcore.DLL
0x00007ffc7e9d0000 - 0x00007ffc7ea52000 	C:\WINDOWS\System32\bcryptPrimitives.dll
0x00007ffc790c0000 - 0x00007ffc790cf000 	C:\Program Files\Java\jdk-21\bin\instrument.dll
0x00007ffc61c80000 - 0x00007ffc61c9f000 	C:\Program Files\Java\jdk-21\bin\java.dll
0x00007ffc7fb40000 - 0x00007ffc80285000 	C:\WINDOWS\System32\SHELL32.dll
0x00007ffc7bed0000 - 0x00007ffc7c66c000 	C:\WINDOWS\SYSTEM32\windows.storage.dll
0x00007ffc7f1a0000 - 0x00007ffc7f4f4000 	C:\WINDOWS\System32\combase.dll
0x00007ffc7db90000 - 0x00007ffc7dbbe000 	C:\WINDOWS\SYSTEM32\Wldp.dll
0x00007ffc7ee80000 - 0x00007ffc7ef4d000 	C:\WINDOWS\System32\OLEAUT32.dll
0x00007ffc7f500000 - 0x00007ffc7f5ad000 	C:\WINDOWS\System32\SHCORE.dll
0x00007ffc80aa0000 - 0x00007ffc80af5000 	C:\WINDOWS\System32\shlwapi.dll
0x00007ffc7e160000 - 0x00007ffc7e185000 	C:\WINDOWS\SYSTEM32\profapi.dll
0x00007ffc64990000 - 0x00007ffc64a67000 	C:\Program Files\Java\jdk-21\bin\jsvml.dll
0x00007ffc64970000 - 0x00007ffc64988000 	C:\Program Files\Java\jdk-21\bin\zip.dll
0x00007ffc64be0000 - 0x00007ffc64bf0000 	C:\Program Files\Java\jdk-21\bin\net.dll
0x00007ffc75380000 - 0x00007ffc7548a000 	C:\WINDOWS\SYSTEM32\WINHTTP.dll
0x00007ffc7d8f0000 - 0x00007ffc7d95a000 	C:\WINDOWS\system32\mswsock.dll
0x00007ffc64bc0000 - 0x00007ffc64bd6000 	C:\Program Files\Java\jdk-21\bin\nio.dll
0x00007ffc76c50000 - 0x00007ffc76c6a000 	C:\Program Files\JetBrains\IntelliJ IDEA Community Edition 2023.3.3\bin\breakgen64.dll
0x00007ffc64bb0000 - 0x00007ffc64bb9000 	C:\Program Files\Java\jdk-21\bin\extnet.dll
0x00007ffc5dc40000 - 0x00007ffc5dc50000 	C:\Program Files\Java\jdk-21\bin\verify.dll
0x00007ffc7d620000 - 0x00007ffc7d6eb000 	C:\WINDOWS\SYSTEM32\DNSAPI.dll
0x00007ffc7d5e0000 - 0x00007ffc7d61b000 	C:\WINDOWS\SYSTEM32\IPHLPAPI.DLL
0x00007ffc7f800000 - 0x00007ffc7f808000 	C:\WINDOWS\System32\NSI.dll
0x00007ffc74190000 - 0x00007ffc7419a000 	C:\Windows\System32\rasadhlp.dll
0x00007ffc741d0000 - 0x00007ffc74250000 	C:\WINDOWS\System32\fwpuclnt.dll
0x00007ffc5d2b0000 - 0x00007ffc5d2be000 	C:\Program Files\Java\jdk-21\bin\sunmscapi.dll
0x00007ffc7e6a0000 - 0x00007ffc7e7fd000 	C:\WINDOWS\System32\CRYPT32.dll
0x00007ffc7dc00000 - 0x00007ffc7dc28000 	C:\WINDOWS\SYSTEM32\ncrypt.dll
0x00007ffc7dbc0000 - 0x00007ffc7dbfb000 	C:\WINDOWS\SYSTEM32\NTASN1.dll
0x00007ffc7dae0000 - 0x00007ffc7daf8000 	C:\WINDOWS\SYSTEM32\CRYPTSP.dll
0x00007ffc7d220000 - 0x00007ffc7d254000 	C:\WINDOWS\system32\rsaenh.dll
0x00007ffc7e0e0000 - 0x00007ffc7e10e000 	C:\WINDOWS\SYSTEM32\USERENV.dll
0x00007ffc7db00000 - 0x00007ffc7db0c000 	C:\WINDOWS\SYSTEM32\CRYPTBASE.dll
0x00007ffc5e5d0000 - 0x00007ffc5e5d7000 	C:\WINDOWS\system32\wshunix.dll

dbghelp: loaded successfully - version: 4.0.5 - missing functions: none
symbol engine: initialized successfully - sym options: 0x614 - pdb path: .;C:\Program Files\Java\jdk-21\bin;C:\WINDOWS\SYSTEM32;C:\WINDOWS\WinSxS\amd64_microsoft.windows.common-controls_6595b64144ccf1df_6.0.19041.3636_none_60b6a03d71f818d5;C:\Program Files\Java\jdk-21\bin\server;C:\Program Files\JetBrains\IntelliJ IDEA Community Edition 2023.3.3\bin

VM Arguments:
jvm_args: -ea -Didea.test.cyclic.buffer.size=1048576 -javaagent:C:\Program Files\JetBrains\IntelliJ IDEA Community Edition 2023.3.3\lib\idea_rt.jar=57525:C:\Program Files\JetBrains\IntelliJ IDEA Community Edition 2023.3.3\bin -Dfile.encoding=UTF-8 -Dsun.stdout.encoding=UTF-8 -Dsun.stderr.encoding=UTF-8 
java_command: com.intellij.rt.junit.JUnitStarter -ideVersion5 -junit4 Homeworks.day04.HW001,test
java_class_path (initial): C:\Program Files\JetBrains\IntelliJ IDEA Community Edition 2023.3.3\lib\idea_rt.jar;C:\Program Files\JetBrains\IntelliJ IDEA Community Edition 2023.3.3\plugins\junit\lib\junit5-rt.jar;C:\Program Files\JetBrains\IntelliJ IDEA Community Edition 2023.3.3\plugins\junit\lib\junit-rt.jar;C:\Users\Abbey\IdeaProjects\SDA2024_ONSITE_SELENUM\target\test-classes;C:\Users\Abbey\.m2\repository\org\seleniumhq\selenium\selenium-java\4.17.0\selenium-java-4.17.0.jar;C:\Users\Abbey\.m2\repository\org\seleniumhq\selenium\selenium-api\4.17.0\selenium-api-4.17.0.jar;C:\Users\Abbey\.m2\repository\org\seleniumhq\selenium\selenium-chrome-driver\4.17.0\selenium-chrome-driver-4.17.0.jar;C:\Users\Abbey\.m2\repository\com\google\auto\service\auto-service-annotations\1.1.1\auto-service-annotations-1.1.1.jar;C:\Users\Abbey\.m2\repository\org\seleniumhq\selenium\selenium-chromium-driver\4.17.0\selenium-chromium-driver-4.17.0.jar;C:\Users\Abbey\.m2\repository\org\seleniumhq\selenium\selenium-json\4.17.0\selenium-json-4.17.0.jar;C:\Users\Abbey\.m2\repository\org\seleniumhq\selenium\selenium-manager\4.17.0\selenium-manager-4.17.0.jar;C:\Users\Abbey\.m2\repository\org\seleniumhq\selenium\selenium-devtools-v119\4.17.0\selenium-devtools-v119-4.17.0.jar;C:\Users\Abbey\.m2\repository\org\seleniumhq\selenium\selenium-devtools-v120\4.17.0\selenium-devtools-v120-4.17.0.jar;C:\Users\Abbey\.m2\repository\org\seleniumhq\selenium\selenium-devtools-v121\4.17.0\selenium-devtools-v121-4.17.0.jar;C:\Users\Abbey\.m2\repository\org\seleniumhq\selenium\selenium-devtools-v85\4.17.0\selenium-devtools-v85-4.17.0.jar;C:\Users\Abbey\.m2\repository\org\seleniumhq\selenium\selenium-edge-driver\4.17.0\selenium-edge-driver-4.17.0.jar;C:\Users\Abbey\.m2\repository\org\seleniumhq\selenium\selenium-firefox-driver\4.17.0\selenium-firefox-driver-4.17.0.jar;C:\Users\Abbey\.m2\repository\org\seleniumhq\selenium\selenium-http\4.17.0\selenium-http-4.17.0.jar;C:\Users\Abbey\.m2\repository\dev\failsafe\failsafe\3.3.2\failsafe-3.3.2.jar;C:\Users\Abbey\.m2\repository\org\seleniumhq\selenium\selenium-ie-driver\4.17.0\selenium-ie-driver-4.17.0.jar;C:\Users\Abbey\.m2\repository\org\seleniumhq\selenium\selenium-remote-driver\4.17.0\selenium-remote-driver-4.17.0.jar;C:\Users\Abbey\.m2\repository\com\google\guava\guava\33.0.0-jre\guava-33.0.0-jre.jar;C:\Users\Abbey\.m2\repository\com\google\guava\failureaccess\1.0.2\failureaccess-1.0.2.jar;C:\Users\Abbey\.m2\repository\com\google\guava\listenablefuture\9999.0-empty-to-avoid-conflict-with-guava\listenablefuture-9999.0-empty-to-avoid-conflict-with-guava.jar;C:\Users\Abbey\.m2\repository\com\google\code\findbugs\jsr305\3.0.2\jsr305-3.0.2.jar;C:\Users\Abbey\.m2\repository\org\checkerframework\checker-qual\3.41.0\checker-qual-3.41.0.jar;C:\Users\Abbey\.m2\repository\com\google\errorprone\error_prone_annotations\2.23.0\error_prone_annotations-2.23.0.jar;C:\Users\Abbey\.m2\repository\com\google\j2objc\j2objc-annotations\2.8\j2objc-annotations-2.8.jar;C:\Users\Abbey\.m2\repository\io\opentelemetry\semconv\opentelemetry-semconv\1.23.1-alpha\opentelemetry-semconv-1.23.1-alpha.jar;C:\Users\Abbey\.m2\repository\io\opentelemetry\opentelemetry-api\1.34.1\opentelemetry-api-1.34.1.jar;C:\Users\Abbey\.m2\repository\io\opentelemetry\opentelemetry-context\1.34.1\opentelemetry-context-1.34.1.jar;C:\Users\Abbey\.m2\repository\io\opentelemetry\opentelemetry-exporter-logging\1.34.1\opentelemetry-exporter-logging-1.34.1.jar;C:\Users\Abbey\.m2\repository\io\opentelemetry\opentelemetry-sdk-common\1.34.1\opentelemetry-sdk-common-1.34.1.jar;C:\Users\Abbey\.m2\repository\io\opentelemetry\opentelemetry-sdk-extension-autoconfigure-spi\1.34.1\opentelemetry-sdk-extension-autoconfigure-spi-1.34.1.jar;C:\Users\Abbey\.m2\repository\io\opentelemetry\opentelemetry-sdk-extension-autoconfigure\1.34.1\opentelemetry-sdk-extension-autoconfigure-1.34.1.jar;C:\Users\Abbey\.m2\repository\io\opentelemetry\opentelemetry-api-events\1.34.1-alpha\opentelemetry-api-events-1.34.1-alpha.jar;C:\Users\Abbey\.m2\repository\io\opentelemetry\opentelemetry-sdk-trace\1.34.1\opentelemetry-sdk-trace-1.34.1.jar;C:\Users\Abbey\.m2\repository\io\opentelemetry\opentelemetry-sdk\1.34.1\opentelemetry-sdk-1.34.1.jar;C:\Users\Abbey\.m2\repository\io\opentelemetry\opentelemetry-sdk-metrics\1.34.1\opentelemetry-sdk-metrics-1.34.1.jar;C:\Users\Abbey\.m2\repository\io\opentelemetry\opentelemetry-extension-incubator\1.34.1-alpha\opentelemetry-extension-incubator-1.34.1-alpha.jar;C:\Users\Abbey\.m2\repository\io\opentelemetry\opentelemetry-sdk-logs\1.34.1\opentelemetry-sdk-logs-1.34.1.jar;C:\Users\Abbey\.m2\repository\net\bytebuddy\byte-buddy\1.14.11\byte-buddy-1.14.11.jar;C:\Users\Abbey\.m2\repository\org\seleniumhq\selenium\selenium-os\4.17.0\selenium-os-4.17.0.jar;C:\Users\Abbey\.m2\repository\org\apache\commons\commons-exec\1.3\commons-exec-1.3.jar;C:\Users\Abbey\.m2\repository\org\seleniumhq\selenium\selenium-safari-driver\4.17.0\selenium-safari-driver-4.17.0.jar;C:\Users\Abbey\.m2\repository\org\seleniumhq\selenium\selenium-support\4.17.0\selenium-support-4.17.0.jar;C:\Users\Abbey\.m2\repository\junit\junit\4.13.2\junit-4.13.2.jar;C:\Users\Abbey\.m2\repository\org\hamcrest\hamcrest-core\1.3\hamcrest-core-1.3.jar
Launcher Type: SUN_STANDARD

[Global flags]
     intx CICompilerCount                          = 3                                         {product} {ergonomic}
     uint ConcGCThreads                            = 1                                         {product} {ergonomic}
     uint G1ConcRefinementThreads                  = 4                                         {product} {ergonomic}
   size_t G1HeapRegionSize                         = 1048576                                   {product} {ergonomic}
    uintx GCDrainStackTargetSize                   = 64                                        {product} {ergonomic}
   size_t InitialHeapSize                          = 65011712                                  {product} {ergonomic}
   size_t MarkStackSize                            = 4194304                                   {product} {ergonomic}
   size_t MaxHeapSize                              = 1031798784                                {product} {ergonomic}
   size_t MaxNewSize                               = 618659840                                 {product} {ergonomic}
   size_t MinHeapDeltaBytes                        = 1048576                                   {product} {ergonomic}
   size_t MinHeapSize                              = 8388608                                   {product} {ergonomic}
    uintx NonNMethodCodeHeapSize                   = 5832780                                {pd product} {ergonomic}
    uintx NonProfiledCodeHeapSize                  = 122912730                              {pd product} {ergonomic}
    uintx ProfiledCodeHeapSize                     = 122912730                              {pd product} {ergonomic}
    uintx ReservedCodeCacheSize                    = 251658240                              {pd product} {ergonomic}
     bool SegmentedCodeCache                       = true                                      {product} {ergonomic}
   size_t SoftMaxHeapSize                          = 1031798784                             {manageable} {ergonomic}
     bool UseCompressedOops                        = true                           {product lp64_product} {ergonomic}
     bool UseG1GC                                  = true                                      {product} {ergonomic}
     bool UseLargePagesIndividualAllocation        = false                                  {pd product} {ergonomic}

Logging:
Log output configuration:
 #0: stdout all=warning uptime,level,tags foldmultilines=false
 #1: stderr all=off uptime,level,tags foldmultilines=false

Environment Variables:
JAVA_HOME=C:\Program Files\Java\jdk-21
PATH=C:\Program Files\Common Files\Oracle\Java\javapath;C:\Program Files (x86)\Intel\iCLS Client\;C:\Program Files\Intel\iCLS Client\;C:\WINDOWS\system32;C:\WINDOWS;C:\WINDOWS\System32\Wbem;C:\WINDOWS\System32\WindowsPowerShell\v1.0\;C:\Program Files (x86)\Intel\Intel(R) Management Engine Components\DAL;C:\Program Files\Intel\Intel(R) Management Engine Components\DAL;C:\Program Files (x86)\Intel\Intel(R) Management Engine Components\IPT;C:\Program Files\Intel\Intel(R) Management Engine Components\IPT;C:\Program Files\Intel\WiFi\bin\;C:\Program Files\Common Files\Intel\WirelessCommon\;C:\WINDOWS\System32\OpenSSH\;C:\Program Files\Git\cmd;C:\xampp\php;C:\ProgramData\ComposerSetup\bin;C:\Program Files\MySQL\MySQL Shell 8.0\bin\;C:\Users\Abbey\AppData\Local\Microsoft\WindowsApps;C:\Users\Abbey\AppData\Roaming\Composer\vendor\bin;C:\Users\Abbey\AppData\Local\Programs\Microsoft VS Code\bin;C:\Program Files\Java\jdk-21\bin;C:\Program Files\apache-maven-3.9.6\bin;
USERNAME=Abbey
OS=Windows_NT
PROCESSOR_IDENTIFIER=Intel64 Family 6 Model 142 Stepping 9, GenuineIntel
TMP=C:\Users\Abbey\AppData\Local\Temp
TEMP=C:\Users\Abbey\AppData\Local\Temp




Periodic native trim disabled

---------------  S Y S T E M  ---------------

OS:
 Windows 10 , 64 bit Build 19041 (10.0.19041.3636)
OS uptime: 1 days 6:49 hours

CPU: total 4 (initial active 4) (2 cores per cpu, 2 threads per core) family 6 model 142 stepping 9 microcode 0xb4, cx8, cmov, fxsr, ht, mmx, 3dnowpref, sse, sse2, sse3, ssse3, sse4.1, sse4.2, popcnt, lzcnt, tsc, tscinvbit, avx, avx2, aes, erms, clmul, bmi1, bmi2, adx, fma, vzeroupper, clflush, clflushopt, rdtscp, f16c
Processor Information for all 4 processors :
  Max Mhz: 1608, Current Mhz: 1005, Mhz Limit: 996

Memory: 4k page, system-wide physical 3930M (59M free)
TotalPageFile size 10795M (AvailPageFile size 3M)
current process WorkingSet (physical memory assigned to process): 92M, peak: 92M
current process commit charge ("private bytes"): 163M, peak: 164M

vm_info: Java HotSpot(TM) 64-Bit Server VM (21.0.2+13-LTS-58) for windows-amd64 JRE (21.0.2+13-LTS-58), built on 2024-01-05T18:32:24Z by "mach5one" with MS VC++ 17.1 (VS2022)

END.
